{"C:\\Users\\Maider Veliz\\Documents\\GitHub\\portfolio2026_A\\apps\\backend\\src\\app.controller.ts": {"path":"C:\\Users\\Maider Veliz\\Documents\\GitHub\\portfolio2026_A\\apps\\backend\\src\\app.controller.ts","statementMap":{"0":{"start":{"line":1,"column":0},"end":{"line":1,"column":26}},"1":{"start":{"line":3,"column":0},"end":{"line":3,"column":44}},"2":{"start":{"line":6,"column":7},"end":{"line":6,"column":null}},"3":{"start":{"line":6,"column":13},"end":{"line":6,"column":26}},"4":{"start":{"line":6,"column":13},"end":{"line":6,"column":null}}},"fnMap":{},"branchMap":{},"s":{"0":0,"1":0,"2":0,"3":0,"4":0},"f":{},"b":{}}
,"C:\\Users\\Maider Veliz\\Documents\\GitHub\\portfolio2026_A\\apps\\backend\\src\\app.module.ts": {"path":"C:\\Users\\Maider Veliz\\Documents\\GitHub\\portfolio2026_A\\apps\\backend\\src\\app.module.ts","statementMap":{"0":{"start":{"line":1,"column":0},"end":{"line":1,"column":40}},"1":{"start":{"line":2,"column":0},"end":{"line":2,"column":46}},"2":{"start":{"line":3,"column":0},"end":{"line":3,"column":49}},"3":{"start":{"line":4,"column":0},"end":{"line":4,"column":43}},"4":{"start":{"line":5,"column":0},"end":{"line":5,"column":48}},"5":{"start":{"line":6,"column":0},"end":{"line":6,"column":63}},"6":{"start":{"line":7,"column":0},"end":{"line":7,"column":66}},"7":{"start":{"line":8,"column":0},"end":{"line":8,"column":60}},"8":{"start":{"line":9,"column":0},"end":{"line":9,"column":54}},"9":{"start":{"line":10,"column":0},"end":{"line":10,"column":51}},"10":{"start":{"line":11,"column":0},"end":{"line":11,"column":54}},"11":{"start":{"line":30,"column":7},"end":{"line":30,"column":null}},"12":{"start":{"line":30,"column":13},"end":{"line":30,"column":22}},"13":{"start":{"line":30,"column":13},"end":{"line":30,"column":null}}},"fnMap":{},"branchMap":{},"s":{"0":0,"1":0,"2":0,"3":0,"4":0,"5":0,"6":0,"7":0,"8":0,"9":0,"10":0,"11":0,"12":0,"13":0},"f":{},"b":{}}
,"C:\\Users\\Maider Veliz\\Documents\\GitHub\\portfolio2026_A\\apps\\backend\\src\\app.service.ts": {"path":"C:\\Users\\Maider Veliz\\Documents\\GitHub\\portfolio2026_A\\apps\\backend\\src\\app.service.ts","statementMap":{"0":{"start":{"line":1,"column":0},"end":{"line":1,"column":44}},"1":{"start":{"line":4,"column":7},"end":{"line":4,"column":null}},"2":{"start":{"line":4,"column":13},"end":{"line":4,"column":23}},"3":{"start":{"line":4,"column":13},"end":{"line":4,"column":null}}},"fnMap":{},"branchMap":{},"s":{"0":0,"1":0,"2":0,"3":0},"f":{},"b":{}}
,"C:\\Users\\Maider Veliz\\Documents\\GitHub\\portfolio2026_A\\apps\\backend\\src\\main.ts": {"path":"C:\\Users\\Maider Veliz\\Documents\\GitHub\\portfolio2026_A\\apps\\backend\\src\\main.ts","statementMap":{"0":{"start":{"line":1,"column":0},"end":{"line":1,"column":65}},"1":{"start":{"line":3,"column":0},"end":{"line":3,"column":48}},"2":{"start":{"line":4,"column":0},"end":{"line":4,"column":43}},"3":{"start":{"line":5,"column":0},"end":{"line":5,"column":41}},"4":{"start":{"line":6,"column":0},"end":{"line":6,"column":83}},"5":{"start":{"line":9,"column":14},"end":{"line":9,"column":49}},"6":{"start":{"line":10,"column":2},"end":{"line":10,"column":32}},"7":{"start":{"line":11,"column":2},"end":{"line":17,"column":4}},"8":{"start":{"line":18,"column":17},"end":{"line":22,"column":12}},"9":{"start":{"line":23,"column":19},"end":{"line":23,"column":60}},"10":{"start":{"line":24,"column":2},"end":{"line":24,"column":52}},"11":{"start":{"line":26,"column":2},"end":{"line":26,"column":56}},"12":{"start":{"line":28,"column":2},"end":{"line":34,"column":5}},"13":{"start":{"line":36,"column":2},"end":{"line":36,"column":45}},"14":{"start":{"line":38,"column":0},"end":{"line":38,"column":12}}},"fnMap":{"0":{"name":"bootstrap","decl":{"start":{"line":8,"column":15},"end":{"line":8,"column":24}},"loc":{"start":{"line":8,"column":24},"end":{"line":37,"column":1}}}},"branchMap":{"0":{"loc":{"start":{"line":36,"column":19},"end":{"line":36,"column":43}},"type":"binary-expr","locations":[{"start":{"line":36,"column":19},"end":{"line":36,"column":35}},{"start":{"line":36,"column":39},"end":{"line":36,"column":43}}]}},"s":{"0":0,"1":0,"2":0,"3":0,"4":0,"5":0,"6":0,"7":0,"8":0,"9":0,"10":0,"11":0,"12":0,"13":0,"14":0},"f":{"0":0},"b":{"0":[0,0]}}
,"C:\\Users\\Maider Veliz\\Documents\\GitHub\\portfolio2026_A\\apps\\backend\\src\\ai\\ai.controller.ts": {"path":"C:\\Users\\Maider Veliz\\Documents\\GitHub\\portfolio2026_A\\apps\\backend\\src\\ai\\ai.controller.ts","statementMap":{"0":{"start":{"line":1,"column":0},"end":{"line":1,"column":78}},"1":{"start":{"line":3,"column":0},"end":{"line":3,"column":41}},"2":{"start":{"line":4,"column":0},"end":{"line":4,"column":44}},"3":{"start":{"line":5,"column":0},"end":{"line":5,"column":46}},"4":{"start":{"line":6,"column":0},"end":{"line":6,"column":66}},"5":{"start":{"line":7,"column":0},"end":{"line":7,"column":56}},"6":{"start":{"line":10,"column":7},"end":{"line":44,"column":null}},"7":{"start":{"line":11,"column":31},"end":{"line":11,"column":42}},"8":{"start":{"line":16,"column":21},"end":{"line":16,"column":57}},"9":{"start":{"line":17,"column":4},"end":{"line":17,"column":24}},"10":{"start":{"line":25,"column":21},"end":{"line":25,"column":66}},"11":{"start":{"line":26,"column":4},"end":{"line":26,"column":24}},"12":{"start":{"line":34,"column":21},"end":{"line":34,"column":63}},"13":{"start":{"line":35,"column":4},"end":{"line":35,"column":24}},"14":{"start":{"line":41,"column":21},"end":{"line":41,"column":52}},"15":{"start":{"line":42,"column":4},"end":{"line":42,"column":24}},"16":{"start":{"line":10,"column":13},"end":{"line":10,"column":25}},"17":{"start":{"line":15,"column":8},"end":{"line":18,"column":null}},"18":{"start":{"line":22,"column":8},"end":{"line":27,"column":null}},"19":{"start":{"line":31,"column":8},"end":{"line":36,"column":null}},"20":{"start":{"line":40,"column":8},"end":{"line":43,"column":null}},"21":{"start":{"line":10,"column":13},"end":{"line":44,"column":null}}},"fnMap":{"0":{"name":"(anonymous_4)","decl":{"start":{"line":11,"column":2},"end":{"line":11,"column":31}},"loc":{"start":{"line":11,"column":51},"end":{"line":11,"column":55}}},"1":{"name":"(anonymous_5)","decl":{"start":{"line":15,"column":8},"end":{"line":15,"column":18}},"loc":{"start":{"line":15,"column":41},"end":{"line":18,"column":3}}},"2":{"name":"(anonymous_6)","decl":{"start":{"line":22,"column":8},"end":{"line":22,"column":27}},"loc":{"start":{"line":23,"column":31},"end":{"line":27,"column":3}}},"3":{"name":"(anonymous_7)","decl":{"start":{"line":31,"column":8},"end":{"line":31,"column":24}},"loc":{"start":{"line":32,"column":36},"end":{"line":36,"column":3}}},"4":{"name":"(anonymous_8)","decl":{"start":{"line":40,"column":8},"end":{"line":40,"column":13}},"loc":{"start":{"line":40,"column":35},"end":{"line":43,"column":3}}}},"branchMap":{"0":{"loc":{"start":{"line":15,"column":32},"end":{"line":15,"column":44}},"type":"cond-expr","locations":[{"start":{"line":15,"column":41},"end":{"line":15,"column":44}},{"start":{"line":15,"column":41},"end":{"line":15,"column":44}}]},"1":{"loc":{"start":{"line":15,"column":32},"end":{"line":15,"column":41}},"type":"binary-expr","locations":[{"start":{"line":15,"column":32},"end":{"line":15,"column":44}},{"start":{"line":15,"column":32},"end":{"line":15,"column":41}}]},"2":{"loc":{"start":{"line":15,"column":44},"end":{"line":15,"column":null}},"type":"cond-expr","locations":[{"start":{"line":15,"column":51},"end":{"line":15,"column":null}},{"start":{"line":15,"column":51},"end":{"line":15,"column":null}}]},"3":{"loc":{"start":{"line":15,"column":44},"end":{"line":15,"column":51}},"type":"binary-expr","locations":[{"start":{"line":15,"column":44},"end":{"line":15,"column":null}},{"start":{"line":15,"column":44},"end":{"line":15,"column":51}}]},"4":{"loc":{"start":{"line":23,"column":17},"end":{"line":23,"column":null}},"type":"cond-expr","locations":[{"start":{"line":23,"column":31},"end":{"line":23,"column":null}},{"start":{"line":23,"column":31},"end":{"line":23,"column":null}}]},"5":{"loc":{"start":{"line":23,"column":17},"end":{"line":23,"column":31}},"type":"binary-expr","locations":[{"start":{"line":23,"column":17},"end":{"line":23,"column":null}},{"start":{"line":23,"column":17},"end":{"line":23,"column":31}}]},"6":{"loc":{"start":{"line":24,"column":5},"end":{"line":24,"column":null}},"type":"cond-expr","locations":[{"start":{"line":24,"column":12},"end":{"line":24,"column":null}},{"start":{"line":24,"column":12},"end":{"line":24,"column":null}}]},"7":{"loc":{"start":{"line":24,"column":5},"end":{"line":24,"column":12}},"type":"binary-expr","locations":[{"start":{"line":24,"column":5},"end":{"line":24,"column":null}},{"start":{"line":24,"column":5},"end":{"line":24,"column":12}}]},"8":{"loc":{"start":{"line":32,"column":17},"end":{"line":32,"column":null}},"type":"cond-expr","locations":[{"start":{"line":32,"column":36},"end":{"line":32,"column":null}},{"start":{"line":32,"column":36},"end":{"line":32,"column":null}}]},"9":{"loc":{"start":{"line":32,"column":17},"end":{"line":32,"column":36}},"type":"binary-expr","locations":[{"start":{"line":32,"column":17},"end":{"line":32,"column":null}},{"start":{"line":32,"column":17},"end":{"line":32,"column":36}}]},"10":{"loc":{"start":{"line":33,"column":5},"end":{"line":33,"column":null}},"type":"cond-expr","locations":[{"start":{"line":33,"column":12},"end":{"line":33,"column":null}},{"start":{"line":33,"column":12},"end":{"line":33,"column":null}}]},"11":{"loc":{"start":{"line":33,"column":5},"end":{"line":33,"column":12}},"type":"binary-expr","locations":[{"start":{"line":33,"column":5},"end":{"line":33,"column":null}},{"start":{"line":33,"column":5},"end":{"line":33,"column":12}}]},"12":{"loc":{"start":{"line":40,"column":27},"end":{"line":40,"column":38}},"type":"cond-expr","locations":[{"start":{"line":40,"column":35},"end":{"line":40,"column":38}},{"start":{"line":40,"column":35},"end":{"line":40,"column":38}}]},"13":{"loc":{"start":{"line":40,"column":27},"end":{"line":40,"column":35}},"type":"binary-expr","locations":[{"start":{"line":40,"column":27},"end":{"line":40,"column":38}},{"start":{"line":40,"column":27},"end":{"line":40,"column":35}}]},"14":{"loc":{"start":{"line":40,"column":38},"end":{"line":40,"column":null}},"type":"cond-expr","locations":[{"start":{"line":40,"column":45},"end":{"line":40,"column":null}},{"start":{"line":40,"column":45},"end":{"line":40,"column":null}}]},"15":{"loc":{"start":{"line":40,"column":38},"end":{"line":40,"column":45}},"type":"binary-expr","locations":[{"start":{"line":40,"column":38},"end":{"line":40,"column":null}},{"start":{"line":40,"column":38},"end":{"line":40,"column":45}}]},"16":{"loc":{"start":{"line":11,"column":42},"end":{"line":11,"column":54}},"type":"cond-expr","locations":[{"start":{"line":11,"column":51},"end":{"line":11,"column":54}},{"start":{"line":11,"column":51},"end":{"line":11,"column":54}}]},"17":{"loc":{"start":{"line":11,"column":42},"end":{"line":11,"column":51}},"type":"binary-expr","locations":[{"start":{"line":11,"column":42},"end":{"line":11,"column":54}},{"start":{"line":11,"column":42},"end":{"line":11,"column":51}}]}},"s":{"0":1,"1":1,"2":1,"3":1,"4":1,"5":1,"6":1,"7":9,"8":2,"9":2,"10":2,"11":2,"12":2,"13":2,"14":2,"15":2,"16":1,"17":1,"18":1,"19":1,"20":1,"21":1},"f":{"0":9,"1":2,"2":2,"3":2,"4":2},"b":{"0":[1,0],"1":[1,1],"2":[1,0],"3":[1,1],"4":[1,0],"5":[1,1],"6":[1,0],"7":[1,1],"8":[1,0],"9":[1,1],"10":[1,0],"11":[1,1],"12":[1,0],"13":[1,1],"14":[1,0],"15":[1,1],"16":[1,0],"17":[1,1]}}
,"C:\\Users\\Maider Veliz\\Documents\\GitHub\\portfolio2026_A\\apps\\backend\\src\\ai\\ai.module.ts": {"path":"C:\\Users\\Maider Veliz\\Documents\\GitHub\\portfolio2026_A\\apps\\backend\\src\\ai\\ai.module.ts","statementMap":{"0":{"start":{"line":1,"column":0},"end":{"line":1,"column":40}},"1":{"start":{"line":2,"column":0},"end":{"line":2,"column":41}},"2":{"start":{"line":3,"column":0},"end":{"line":3,"column":47}},"3":{"start":{"line":9,"column":7},"end":{"line":9,"column":null}},"4":{"start":{"line":9,"column":13},"end":{"line":9,"column":21}},"5":{"start":{"line":9,"column":13},"end":{"line":9,"column":null}}},"fnMap":{},"branchMap":{},"s":{"0":0,"1":0,"2":0,"3":0,"4":0,"5":0},"f":{},"b":{}}
,"C:\\Users\\Maider Veliz\\Documents\\GitHub\\portfolio2026_A\\apps\\backend\\src\\ai\\ai.service.ts": {"path":"C:\\Users\\Maider Veliz\\Documents\\GitHub\\portfolio2026_A\\apps\\backend\\src\\ai\\ai.service.ts","statementMap":{"0":{"start":{"line":1,"column":0},"end":{"line":1,"column":74}},"1":{"start":{"line":2,"column":0},"end":{"line":2,"column":null}},"2":{"start":{"line":10,"column":0},"end":{"line":10,"column":59}},"3":{"start":{"line":11,"column":0},"end":{"line":11,"column":47}},"4":{"start":{"line":17,"column":7},"end":{"line":101,"column":null}},"5":{"start":{"line":21,"column":31},"end":{"line":21,"column":46}},"6":{"start":{"line":22,"column":19},"end":{"line":22,"column":67}},"7":{"start":{"line":24,"column":4},"end":{"line":26,"column":5}},"8":{"start":{"line":25,"column":6},"end":{"line":25,"column":80}},"9":{"start":{"line":28,"column":4},"end":{"line":29,"column":75}},"10":{"start":{"line":30,"column":4},"end":{"line":30,"column":48}},"11":{"start":{"line":34,"column":4},"end":{"line":37,"column":8}},"12":{"start":{"line":34,"column":33},"end":{"line":37,"column":6}},"13":{"start":{"line":45,"column":4},"end":{"line":62,"column":5}},"14":{"start":{"line":46,"column":26},"end":{"line":49,"column":8}},"15":{"start":{"line":51,"column":19},"end":{"line":53,"column":8}},"16":{"start":{"line":55,"column":21},"end":{"line":55,"column":52}},"17":{"start":{"line":56,"column":6},"end":{"line":56,"column":36}},"18":{"start":{"line":58,"column":6},"end":{"line":58,"column":44}},"19":{"start":{"line":59,"column":6},"end":{"line":61,"column":8}},"20":{"start":{"line":66,"column":4},"end":{"line":66,"column":63}},"21":{"start":{"line":70,"column":4},"end":{"line":91,"column":5}},"22":{"start":{"line":71,"column":26},"end":{"line":74,"column":8}},"23":{"start":{"line":76,"column":21},"end":{"line":82,"column":8}},"24":{"start":{"line":84,"column":21},"end":{"line":84,"column":62}},"25":{"start":{"line":85,"column":6},"end":{"line":85,"column":36}},"26":{"start":{"line":87,"column":6},"end":{"line":87,"column":44}},"27":{"start":{"line":88,"column":6},"end":{"line":90,"column":8}},"28":{"start":{"line":95,"column":4},"end":{"line":95,"column":73}},"29":{"start":{"line":99,"column":4},"end":{"line":99,"column":62}},"30":{"start":{"line":17,"column":13},"end":{"line":17,"column":22}},"31":{"start":{"line":17,"column":13},"end":{"line":101,"column":null}}},"fnMap":{"0":{"name":"(anonymous_2)","decl":{"start":{"line":21,"column":2},"end":{"line":21,"column":31}},"loc":{"start":{"line":21,"column":59},"end":{"line":31,"column":3}}},"1":{"name":"(anonymous_3)","decl":{"start":{"line":33,"column":10},"end":{"line":33,"column":23}},"loc":{"start":{"line":33,"column":50},"end":{"line":38,"column":3}}},"2":{"name":"(anonymous_4)","decl":{"start":{"line":34,"column":23},"end":{"line":34,"column":24}},"loc":{"start":{"line":34,"column":33},"end":{"line":37,"column":6}}},"3":{"name":"(anonymous_5)","decl":{"start":{"line":40,"column":10},"end":{"line":40,"column":15}},"loc":{"start":{"line":43,"column":30},"end":{"line":63,"column":3}}},"4":{"name":"(anonymous_6)","decl":{"start":{"line":65,"column":2},"end":{"line":65,"column":7}},"loc":{"start":{"line":65,"column":33},"end":{"line":67,"column":3}}},"5":{"name":"(anonymous_7)","decl":{"start":{"line":69,"column":2},"end":{"line":69,"column":7}},"loc":{"start":{"line":69,"column":47},"end":{"line":92,"column":3}}},"6":{"name":"(anonymous_8)","decl":{"start":{"line":94,"column":2},"end":{"line":94,"column":7}},"loc":{"start":{"line":94,"column":49},"end":{"line":96,"column":3}}},"7":{"name":"(anonymous_9)","decl":{"start":{"line":98,"column":2},"end":{"line":98,"column":7}},"loc":{"start":{"line":98,"column":27},"end":{"line":100,"column":3}}}},"branchMap":{"0":{"loc":{"start":{"line":24,"column":4},"end":{"line":26,"column":5}},"type":"if","locations":[{"start":{"line":24,"column":4},"end":{"line":26,"column":5}},{"start":{},"end":{}}]},"1":{"loc":{"start":{"line":29,"column":6},"end":{"line":29,"column":74}},"type":"binary-expr","locations":[{"start":{"line":29,"column":6},"end":{"line":29,"column":52}},{"start":{"line":29,"column":56},"end":{"line":29,"column":74}}]},"2":{"loc":{"start":{"line":33,"column":24},"end":{"line":33,"column":50}},"type":"default-arg","locations":[{"start":{"line":33,"column":48},"end":{"line":33,"column":50}}]},"3":{"loc":{"start":{"line":43,"column":4},"end":{"line":43,"column":30}},"type":"default-arg","locations":[{"start":{"line":43,"column":28},"end":{"line":43,"column":30}}]},"4":{"loc":{"start":{"line":79,"column":10},"end":{"line":79,"column":76}},"type":"cond-expr","locations":[{"start":{"line":79,"column":31},"end":{"line":79,"column":71}},{"start":{"line":79,"column":74},"end":{"line":79,"column":76}}]},"5":{"loc":{"start":{"line":21,"column":46},"end":{"line":21,"column":null}},"type":"cond-expr","locations":[{"start":{"line":21,"column":59},"end":{"line":21,"column":null}},{"start":{"line":21,"column":59},"end":{"line":21,"column":null}}]},"6":{"loc":{"start":{"line":21,"column":46},"end":{"line":21,"column":59}},"type":"binary-expr","locations":[{"start":{"line":21,"column":46},"end":{"line":21,"column":null}},{"start":{"line":21,"column":46},"end":{"line":21,"column":59}}]}},"s":{"0":2,"1":2,"2":2,"3":2,"4":2,"5":9,"6":9,"7":9,"8":0,"9":9,"10":9,"11":6,"12":0,"13":6,"14":6,"15":6,"16":6,"17":6,"18":0,"19":0,"20":2,"21":2,"22":2,"23":2,"24":2,"25":2,"26":0,"27":0,"28":2,"29":2,"30":2,"31":2},"f":{"0":9,"1":6,"2":0,"3":6,"4":2,"5":2,"6":2,"7":2},"b":{"0":[0,9],"1":[9,0],"2":[0],"3":[3],"4":[1,1],"5":[2,0],"6":[2,2]}}
,"C:\\Users\\Maider Veliz\\Documents\\GitHub\\portfolio2026_A\\apps\\backend\\src\\ai\\constants\\ai-prompts.const.ts": {"path":"C:\\Users\\Maider Veliz\\Documents\\GitHub\\portfolio2026_A\\apps\\backend\\src\\ai\\constants\\ai-prompts.const.ts","statementMap":{"0":{"start":{"line":1,"column":13},"end":{"line":67,"column":2}},"1":{"start":{"line":69,"column":13},"end":{"line":74,"column":2}},"2":{"start":{"line":76,"column":13},"end":{"line":86,"column":2}},"3":{"start":{"line":88,"column":13},"end":{"line":99,"column":2}},"4":{"start":{"line":101,"column":13},"end":{"line":107,"column":2}}},"fnMap":{},"branchMap":{},"s":{"0":2,"1":2,"2":2,"3":2,"4":2},"f":{},"b":{}}
,"C:\\Users\\Maider Veliz\\Documents\\GitHub\\portfolio2026_A\\apps\\backend\\src\\ai\\dto\\ask-me.dto.ts": {"path":"C:\\Users\\Maider Veliz\\Documents\\GitHub\\portfolio2026_A\\apps\\backend\\src\\ai\\dto\\ask-me.dto.ts","statementMap":{"0":{"start":{"line":1,"column":0},"end":{"line":1,"column":null}},"1":{"start":{"line":9,"column":0},"end":{"line":9,"column":41}},"2":{"start":{"line":10,"column":0},"end":{"line":10,"column":43}},"3":{"start":{"line":12,"column":0},"end":{"line":12,"column":13}},"4":{"start":{"line":15,"column":2},"end":{"line":15,"column":null}},"5":{"start":{"line":21,"column":2},"end":{"line":21,"column":null}},"6":{"start":{"line":20,"column":14},"end":{"line":20,"column":24}}},"fnMap":{"0":{"name":"(anonymous_2)","decl":{"start":{"line":20,"column":8},"end":{"line":20,"column":11}},"loc":{"start":{"line":20,"column":14},"end":{"line":20,"column":24}}}},"branchMap":{},"s":{"0":1,"1":1,"2":1,"3":1,"4":1,"5":1,"6":0},"f":{"0":0},"b":{}}
,"C:\\Users\\Maider Veliz\\Documents\\GitHub\\portfolio2026_A\\apps\\backend\\src\\ai\\dto\\chat-cv.dto.ts": {"path":"C:\\Users\\Maider Veliz\\Documents\\GitHub\\portfolio2026_A\\apps\\backend\\src\\ai\\dto\\chat-cv.dto.ts","statementMap":{"0":{"start":{"line":1,"column":0},"end":{"line":1,"column":null}},"1":{"start":{"line":9,"column":0},"end":{"line":9,"column":41}},"2":{"start":{"line":11,"column":0},"end":{"line":11,"column":13}},"3":{"start":{"line":14,"column":2},"end":{"line":14,"column":null}},"4":{"start":{"line":18,"column":2},"end":{"line":18,"column":null}},"5":{"start":{"line":21,"column":0},"end":{"line":21,"column":13}},"6":{"start":{"line":24,"column":2},"end":{"line":24,"column":null}},"7":{"start":{"line":30,"column":2},"end":{"line":30,"column":null}},"8":{"start":{"line":29,"column":14},"end":{"line":29,"column":24}}},"fnMap":{"0":{"name":"(anonymous_2)","decl":{"start":{"line":29,"column":8},"end":{"line":29,"column":11}},"loc":{"start":{"line":29,"column":14},"end":{"line":29,"column":24}}}},"branchMap":{},"s":{"0":1,"1":1,"2":1,"3":1,"4":1,"5":1,"6":1,"7":1,"8":0},"f":{"0":0},"b":{}}
,"C:\\Users\\Maider Veliz\\Documents\\GitHub\\portfolio2026_A\\apps\\backend\\src\\ai\\dto\\contact-assistant.dto.ts": {"path":"C:\\Users\\Maider Veliz\\Documents\\GitHub\\portfolio2026_A\\apps\\backend\\src\\ai\\dto\\contact-assistant.dto.ts","statementMap":{"0":{"start":{"line":1,"column":0},"end":{"line":1,"column":null}},"1":{"start":{"line":9,"column":0},"end":{"line":9,"column":41}},"2":{"start":{"line":10,"column":0},"end":{"line":10,"column":43}},"3":{"start":{"line":12,"column":0},"end":{"line":12,"column":13}},"4":{"start":{"line":15,"column":2},"end":{"line":15,"column":null}},"5":{"start":{"line":21,"column":2},"end":{"line":21,"column":null}},"6":{"start":{"line":20,"column":14},"end":{"line":20,"column":24}}},"fnMap":{"0":{"name":"(anonymous_2)","decl":{"start":{"line":20,"column":8},"end":{"line":20,"column":11}},"loc":{"start":{"line":20,"column":14},"end":{"line":20,"column":24}}}},"branchMap":{},"s":{"0":1,"1":1,"2":1,"3":1,"4":1,"5":1,"6":0},"f":{"0":0},"b":{}}
,"C:\\Users\\Maider Veliz\\Documents\\GitHub\\portfolio2026_A\\apps\\backend\\src\\ai\\dto\\cover-letter.dto.ts": {"path":"C:\\Users\\Maider Veliz\\Documents\\GitHub\\portfolio2026_A\\apps\\backend\\src\\ai\\dto\\cover-letter.dto.ts","statementMap":{"0":{"start":{"line":1,"column":0},"end":{"line":1,"column":67}},"1":{"start":{"line":3,"column":0},"end":{"line":3,"column":13}},"2":{"start":{"line":6,"column":2},"end":{"line":6,"column":null}},"3":{"start":{"line":10,"column":2},"end":{"line":10,"column":null}},"4":{"start":{"line":14,"column":2},"end":{"line":14,"column":null}}},"fnMap":{},"branchMap":{},"s":{"0":1,"1":1,"2":1,"3":1,"4":1},"f":{},"b":{}}
,"C:\\Users\\Maider Veliz\\Documents\\GitHub\\portfolio2026_A\\apps\\backend\\src\\auth\\auth.controller.ts": {"path":"C:\\Users\\Maider Veliz\\Documents\\GitHub\\portfolio2026_A\\apps\\backend\\src\\auth\\auth.controller.ts","statementMap":{"0":{"start":{"line":1,"column":0},"end":{"line":1,"column":56}},"1":{"start":{"line":2,"column":0},"end":{"line":2,"column":45}},"2":{"start":{"line":3,"column":0},"end":{"line":3,"column":60}},"3":{"start":{"line":6,"column":7},"end":{"line":13,"column":null}},"4":{"start":{"line":7,"column":31},"end":{"line":7,"column":44}},"5":{"start":{"line":11,"column":4},"end":{"line":11,"column":53}},"6":{"start":{"line":6,"column":13},"end":{"line":6,"column":27}},"7":{"start":{"line":10,"column":2},"end":{"line":12,"column":null}},"8":{"start":{"line":6,"column":13},"end":{"line":13,"column":null}}},"fnMap":{"0":{"name":"(anonymous_4)","decl":{"start":{"line":7,"column":2},"end":{"line":7,"column":31}},"loc":{"start":{"line":7,"column":55},"end":{"line":7,"column":59}}},"1":{"name":"(anonymous_5)","decl":{"start":{"line":10,"column":2},"end":{"line":10,"column":15}},"loc":{"start":{"line":10,"column":45},"end":{"line":12,"column":3}}}},"branchMap":{"0":{"loc":{"start":{"line":10,"column":29},"end":{"line":10,"column":null}},"type":"cond-expr","locations":[{"start":{"line":10,"column":45},"end":{"line":10,"column":null}},{"start":{"line":10,"column":45},"end":{"line":10,"column":null}}]},"1":{"loc":{"start":{"line":10,"column":29},"end":{"line":10,"column":45}},"type":"binary-expr","locations":[{"start":{"line":10,"column":29},"end":{"line":10,"column":null}},{"start":{"line":10,"column":29},"end":{"line":10,"column":45}}]},"2":{"loc":{"start":{"line":7,"column":44},"end":{"line":7,"column":58}},"type":"cond-expr","locations":[{"start":{"line":7,"column":55},"end":{"line":7,"column":58}},{"start":{"line":7,"column":55},"end":{"line":7,"column":58}}]},"3":{"loc":{"start":{"line":7,"column":44},"end":{"line":7,"column":55}},"type":"binary-expr","locations":[{"start":{"line":7,"column":44},"end":{"line":7,"column":58}},{"start":{"line":7,"column":44},"end":{"line":7,"column":55}}]}},"s":{"0":1,"1":1,"2":1,"3":1,"4":5,"5":4,"6":1,"7":1,"8":1},"f":{"0":5,"1":4},"b":{"0":[1,0],"1":[1,1],"2":[1,0],"3":[1,1]}}
,"C:\\Users\\Maider Veliz\\Documents\\GitHub\\portfolio2026_A\\apps\\backend\\src\\auth\\auth.module.ts": {"path":"C:\\Users\\Maider Veliz\\Documents\\GitHub\\portfolio2026_A\\apps\\backend\\src\\auth\\auth.module.ts","statementMap":{"0":{"start":{"line":1,"column":0},"end":{"line":1,"column":40}},"1":{"start":{"line":2,"column":0},"end":{"line":2,"column":46}},"2":{"start":{"line":3,"column":0},"end":{"line":3,"column":51}},"3":{"start":{"line":4,"column":0},"end":{"line":4,"column":45}},"4":{"start":{"line":11,"column":7},"end":{"line":11,"column":null}},"5":{"start":{"line":11,"column":13},"end":{"line":11,"column":23}},"6":{"start":{"line":11,"column":13},"end":{"line":11,"column":null}}},"fnMap":{},"branchMap":{},"s":{"0":0,"1":0,"2":0,"3":0,"4":0,"5":0,"6":0},"f":{},"b":{}}
,"C:\\Users\\Maider Veliz\\Documents\\GitHub\\portfolio2026_A\\apps\\backend\\src\\auth\\auth.service.ts": {"path":"C:\\Users\\Maider Veliz\\Documents\\GitHub\\portfolio2026_A\\apps\\backend\\src\\auth\\auth.service.ts","statementMap":{"0":{"start":{"line":1,"column":0},"end":{"line":1,"column":44}},"1":{"start":{"line":2,"column":0},"end":{"line":2,"column":47}},"2":{"start":{"line":5,"column":7},"end":{"line":12,"column":null}},"3":{"start":{"line":6,"column":31},"end":{"line":6,"column":39}},"4":{"start":{"line":9,"column":23},"end":{"line":9,"column":61}},"5":{"start":{"line":10,"column":4},"end":{"line":10,"column":43}},"6":{"start":{"line":5,"column":13},"end":{"line":5,"column":24}},"7":{"start":{"line":5,"column":13},"end":{"line":12,"column":null}}},"fnMap":{"0":{"name":"(anonymous_2)","decl":{"start":{"line":6,"column":2},"end":{"line":6,"column":31}},"loc":{"start":{"line":6,"column":52},"end":{"line":6,"column":56}}},"1":{"name":"(anonymous_3)","decl":{"start":{"line":8,"column":2},"end":{"line":8,"column":15}},"loc":{"start":{"line":8,"column":29},"end":{"line":11,"column":3}}}},"branchMap":{"0":{"loc":{"start":{"line":6,"column":39},"end":{"line":6,"column":55}},"type":"cond-expr","locations":[{"start":{"line":6,"column":52},"end":{"line":6,"column":55}},{"start":{"line":6,"column":52},"end":{"line":6,"column":55}}]},"1":{"loc":{"start":{"line":6,"column":39},"end":{"line":6,"column":52}},"type":"binary-expr","locations":[{"start":{"line":6,"column":39},"end":{"line":6,"column":55}},{"start":{"line":6,"column":39},"end":{"line":6,"column":52}}]}},"s":{"0":2,"1":2,"2":2,"3":5,"4":4,"5":4,"6":2,"7":2},"f":{"0":5,"1":4},"b":{"0":[2,0],"1":[2,2]}}
,"C:\\Users\\Maider Veliz\\Documents\\GitHub\\portfolio2026_A\\apps\\backend\\src\\auth\\dto\\validate-token.dto.ts": {"path":"C:\\Users\\Maider Veliz\\Documents\\GitHub\\portfolio2026_A\\apps\\backend\\src\\auth\\dto\\validate-token.dto.ts","statementMap":{"0":{"start":{"line":1,"column":0},"end":{"line":1,"column":55}},"1":{"start":{"line":3,"column":0},"end":{"line":3,"column":13}},"2":{"start":{"line":6,"column":2},"end":{"line":6,"column":null}}},"fnMap":{},"branchMap":{},"s":{"0":1,"1":1,"2":1},"f":{},"b":{}}
,"C:\\Users\\Maider Veliz\\Documents\\GitHub\\portfolio2026_A\\apps\\backend\\src\\common\\interceptors\\transform.interceptor.ts": {"path":"C:\\Users\\Maider Veliz\\Documents\\GitHub\\portfolio2026_A\\apps\\backend\\src\\common\\interceptors\\transform.interceptor.ts","statementMap":{"0":{"start":{"line":1,"column":0},"end":{"line":1,"column":92}},"1":{"start":{"line":2,"column":0},"end":{"line":2,"column":39}},"2":{"start":{"line":10,"column":7},"end":{"line":19,"column":null}},"3":{"start":{"line":12,"column":4},"end":{"line":17,"column":6}},"4":{"start":{"line":13,"column":21},"end":{"line":16,"column":8}},"5":{"start":{"line":10,"column":13},"end":{"line":10,"column":33}},"6":{"start":{"line":10,"column":13},"end":{"line":19,"column":null}}},"fnMap":{"0":{"name":"(anonymous_1)","decl":{"start":{"line":11,"column":2},"end":{"line":11,"column":11}},"loc":{"start":{"line":11,"column":56},"end":{"line":18,"column":3}}},"1":{"name":"(anonymous_2)","decl":{"start":{"line":13,"column":10},"end":{"line":13,"column":11}},"loc":{"start":{"line":13,"column":21},"end":{"line":16,"column":8}}}},"branchMap":{},"s":{"0":1,"1":1,"2":1,"3":2,"4":2,"5":1,"6":1},"f":{"0":2,"1":2},"b":{}}
,"C:\\Users\\Maider Veliz\\Documents\\GitHub\\portfolio2026_A\\apps\\backend\\src\\companies\\companies.controller.ts": {"path":"C:\\Users\\Maider Veliz\\Documents\\GitHub\\portfolio2026_A\\apps\\backend\\src\\companies\\companies.controller.ts","statementMap":{"0":{"start":{"line":1,"column":0},"end":{"line":1,"column":56}},"1":{"start":{"line":3,"column":0},"end":{"line":3,"column":47}},"2":{"start":{"line":4,"column":0},"end":{"line":4,"column":55}},"3":{"start":{"line":7,"column":7},"end":{"line":21,"column":null}},"4":{"start":{"line":8,"column":31},"end":{"line":8,"column":49}},"5":{"start":{"line":13,"column":4},"end":{"line":13,"column":43}},"6":{"start":{"line":19,"column":4},"end":{"line":19,"column":45}},"7":{"start":{"line":7,"column":13},"end":{"line":7,"column":32}},"8":{"start":{"line":12,"column":2},"end":{"line":14,"column":null}},"9":{"start":{"line":18,"column":2},"end":{"line":20,"column":null}},"10":{"start":{"line":7,"column":13},"end":{"line":21,"column":null}}},"fnMap":{"0":{"name":"(anonymous_4)","decl":{"start":{"line":8,"column":2},"end":{"line":8,"column":31}},"loc":{"start":{"line":8,"column":65},"end":{"line":8,"column":69}}},"1":{"name":"(anonymous_5)","decl":{"start":{"line":12,"column":2},"end":{"line":12,"column":9}},"loc":{"start":{"line":12,"column":9},"end":{"line":14,"column":3}}},"2":{"name":"(anonymous_6)","decl":{"start":{"line":18,"column":2},"end":{"line":18,"column":9}},"loc":{"start":{"line":18,"column":33},"end":{"line":20,"column":3}}}},"branchMap":{"0":{"loc":{"start":{"line":8,"column":49},"end":{"line":8,"column":68}},"type":"cond-expr","locations":[{"start":{"line":8,"column":65},"end":{"line":8,"column":68}},{"start":{"line":8,"column":65},"end":{"line":8,"column":68}}]},"1":{"loc":{"start":{"line":8,"column":49},"end":{"line":8,"column":65}},"type":"binary-expr","locations":[{"start":{"line":8,"column":49},"end":{"line":8,"column":68}},{"start":{"line":8,"column":49},"end":{"line":8,"column":65}}]}},"s":{"0":1,"1":1,"2":1,"3":1,"4":1,"5":0,"6":0,"7":1,"8":1,"9":1,"10":1},"f":{"0":1,"1":0,"2":0},"b":{"0":[1,0],"1":[1,1]}}
,"C:\\Users\\Maider Veliz\\Documents\\GitHub\\portfolio2026_A\\apps\\backend\\src\\companies\\companies.module.ts": {"path":"C:\\Users\\Maider Veliz\\Documents\\GitHub\\portfolio2026_A\\apps\\backend\\src\\companies\\companies.module.ts","statementMap":{"0":{"start":{"line":1,"column":0},"end":{"line":1,"column":40}},"1":{"start":{"line":2,"column":0},"end":{"line":2,"column":61}},"2":{"start":{"line":3,"column":0},"end":{"line":3,"column":55}},"3":{"start":{"line":10,"column":7},"end":{"line":10,"column":null}},"4":{"start":{"line":10,"column":13},"end":{"line":10,"column":28}},"5":{"start":{"line":10,"column":13},"end":{"line":10,"column":null}}},"fnMap":{},"branchMap":{},"s":{"0":0,"1":0,"2":0,"3":0,"4":0,"5":0},"f":{},"b":{}}
,"C:\\Users\\Maider Veliz\\Documents\\GitHub\\portfolio2026_A\\apps\\backend\\src\\companies\\companies.service.ts": {"path":"C:\\Users\\Maider Veliz\\Documents\\GitHub\\portfolio2026_A\\apps\\backend\\src\\companies\\companies.service.ts","statementMap":{"0":{"start":{"line":1,"column":0},"end":{"line":1,"column":44}},"1":{"start":{"line":2,"column":0},"end":{"line":2,"column":55}},"2":{"start":{"line":6,"column":7},"end":{"line":16,"column":null}},"3":{"start":{"line":7,"column":33},"end":{"line":7,"column":47}},"4":{"start":{"line":10,"column":4},"end":{"line":10,"column":26}},"5":{"start":{"line":14,"column":4},"end":{"line":14,"column":51}},"6":{"start":{"line":14,"column":38},"end":{"line":14,"column":49}},"7":{"start":{"line":6,"column":13},"end":{"line":6,"column":29}},"8":{"start":{"line":6,"column":13},"end":{"line":16,"column":null}}},"fnMap":{"0":{"name":"(anonymous_1)","decl":{"start":{"line":9,"column":2},"end":{"line":9,"column":9}},"loc":{"start":{"line":9,"column":9},"end":{"line":11,"column":3}}},"1":{"name":"(anonymous_2)","decl":{"start":{"line":13,"column":2},"end":{"line":13,"column":9}},"loc":{"start":{"line":13,"column":20},"end":{"line":15,"column":3}}},"2":{"name":"(anonymous_3)","decl":{"start":{"line":14,"column":31},"end":{"line":14,"column":32}},"loc":{"start":{"line":14,"column":38},"end":{"line":14,"column":49}}}},"branchMap":{},"s":{"0":6,"1":6,"2":6,"3":1,"4":0,"5":0,"6":0,"7":6,"8":6},"f":{"0":0,"1":0,"2":0},"b":{}}
,"C:\\Users\\Maider Veliz\\Documents\\GitHub\\portfolio2026_A\\apps\\backend\\src\\companies\\data\\companies.data.ts": {"path":"C:\\Users\\Maider Veliz\\Documents\\GitHub\\portfolio2026_A\\apps\\backend\\src\\companies\\data\\companies.data.ts","statementMap":{"0":{"start":{"line":3,"column":13},"end":{"line":10,"column":2}}},"fnMap":{},"branchMap":{},"s":{"0":6},"f":{},"b":{}}
,"C:\\Users\\Maider Veliz\\Documents\\GitHub\\portfolio2026_A\\apps\\backend\\src\\experience\\experience.controller.ts": {"path":"C:\\Users\\Maider Veliz\\Documents\\GitHub\\portfolio2026_A\\apps\\backend\\src\\experience\\experience.controller.ts","statementMap":{"0":{"start":{"line":1,"column":0},"end":{"line":1,"column":56}},"1":{"start":{"line":3,"column":0},"end":{"line":3,"column":47}},"2":{"start":{"line":4,"column":0},"end":{"line":4,"column":57}},"3":{"start":{"line":7,"column":7},"end":{"line":23,"column":null}},"4":{"start":{"line":8,"column":31},"end":{"line":8,"column":50}},"5":{"start":{"line":13,"column":4},"end":{"line":13,"column":44}},"6":{"start":{"line":21,"column":4},"end":{"line":21,"column":46}},"7":{"start":{"line":7,"column":13},"end":{"line":7,"column":33}},"8":{"start":{"line":12,"column":2},"end":{"line":14,"column":null}},"9":{"start":{"line":20,"column":2},"end":{"line":22,"column":null}},"10":{"start":{"line":7,"column":13},"end":{"line":23,"column":null}}},"fnMap":{"0":{"name":"(anonymous_4)","decl":{"start":{"line":8,"column":2},"end":{"line":8,"column":31}},"loc":{"start":{"line":8,"column":67},"end":{"line":8,"column":71}}},"1":{"name":"(anonymous_5)","decl":{"start":{"line":12,"column":2},"end":{"line":12,"column":9}},"loc":{"start":{"line":12,"column":9},"end":{"line":14,"column":3}}},"2":{"name":"(anonymous_6)","decl":{"start":{"line":20,"column":2},"end":{"line":20,"column":9}},"loc":{"start":{"line":20,"column":33},"end":{"line":22,"column":3}}}},"branchMap":{"0":{"loc":{"start":{"line":8,"column":50},"end":{"line":8,"column":70}},"type":"cond-expr","locations":[{"start":{"line":8,"column":67},"end":{"line":8,"column":70}},{"start":{"line":8,"column":67},"end":{"line":8,"column":70}}]},"1":{"loc":{"start":{"line":8,"column":50},"end":{"line":8,"column":67}},"type":"binary-expr","locations":[{"start":{"line":8,"column":50},"end":{"line":8,"column":70}},{"start":{"line":8,"column":50},"end":{"line":8,"column":67}}]}},"s":{"0":1,"1":1,"2":1,"3":1,"4":3,"5":1,"6":1,"7":1,"8":1,"9":1,"10":1},"f":{"0":3,"1":1,"2":1},"b":{"0":[1,0],"1":[1,1]}}
,"C:\\Users\\Maider Veliz\\Documents\\GitHub\\portfolio2026_A\\apps\\backend\\src\\experience\\experience.module.ts": {"path":"C:\\Users\\Maider Veliz\\Documents\\GitHub\\portfolio2026_A\\apps\\backend\\src\\experience\\experience.module.ts","statementMap":{"0":{"start":{"line":1,"column":0},"end":{"line":1,"column":40}},"1":{"start":{"line":2,"column":0},"end":{"line":2,"column":64}},"2":{"start":{"line":3,"column":0},"end":{"line":3,"column":61}},"3":{"start":{"line":4,"column":0},"end":{"line":4,"column":55}},"4":{"start":{"line":5,"column":0},"end":{"line":5,"column":63}},"5":{"start":{"line":6,"column":0},"end":{"line":6,"column":57}},"6":{"start":{"line":13,"column":7},"end":{"line":13,"column":null}},"7":{"start":{"line":13,"column":13},"end":{"line":13,"column":29}},"8":{"start":{"line":13,"column":13},"end":{"line":13,"column":null}}},"fnMap":{},"branchMap":{},"s":{"0":0,"1":0,"2":0,"3":0,"4":0,"5":0,"6":0,"7":0,"8":0},"f":{},"b":{}}
,"C:\\Users\\Maider Veliz\\Documents\\GitHub\\portfolio2026_A\\apps\\backend\\src\\experience\\experience.service.ts": {"path":"C:\\Users\\Maider Veliz\\Documents\\GitHub\\portfolio2026_A\\apps\\backend\\src\\experience\\experience.service.ts","statementMap":{"0":{"start":{"line":1,"column":0},"end":{"line":1,"column":63}},"1":{"start":{"line":3,"column":0},"end":{"line":3,"column":66}},"2":{"start":{"line":4,"column":0},"end":{"line":4,"column":63}},"3":{"start":{"line":5,"column":0},"end":{"line":5,"column":57}},"4":{"start":{"line":6,"column":0},"end":{"line":6,"column":59}},"5":{"start":{"line":11,"column":7},"end":{"line":43,"column":null}},"6":{"start":{"line":13,"column":21},"end":{"line":13,"column":39}},"7":{"start":{"line":14,"column":21},"end":{"line":14,"column":38}},"8":{"start":{"line":15,"column":21},"end":{"line":15,"column":36}},"9":{"start":{"line":18,"column":38},"end":{"line":18,"column":54}},"10":{"start":{"line":21,"column":4},"end":{"line":23,"column":7}},"11":{"start":{"line":22,"column":6},"end":{"line":22,"column":55}},"12":{"start":{"line":27,"column":23},"end":{"line":27,"column":64}},"13":{"start":{"line":27,"column":52},"end":{"line":27,"column":63}},"14":{"start":{"line":28,"column":4},"end":{"line":28,"column":79}},"15":{"start":{"line":28,"column":21},"end":{"line":28,"column":79}},"16":{"start":{"line":30,"column":4},"end":{"line":30,"column":53}},"17":{"start":{"line":36,"column":4},"end":{"line":41,"column":6}},"18":{"start":{"line":11,"column":13},"end":{"line":11,"column":30}},"19":{"start":{"line":11,"column":13},"end":{"line":43,"column":null}}},"fnMap":{"0":{"name":"(anonymous_2)","decl":{"start":{"line":12,"column":2},"end":{"line":12,"column":null}},"loc":{"start":{"line":15,"column":49},"end":{"line":16,"column":6}}},"1":{"name":"(anonymous_3)","decl":{"start":{"line":20,"column":2},"end":{"line":20,"column":9}},"loc":{"start":{"line":20,"column":9},"end":{"line":24,"column":3}}},"2":{"name":"(anonymous_4)","decl":{"start":{"line":21,"column":32},"end":{"line":21,"column":33}},"loc":{"start":{"line":21,"column":47},"end":{"line":23,"column":5}}},"3":{"name":"(anonymous_5)","decl":{"start":{"line":26,"column":2},"end":{"line":26,"column":9}},"loc":{"start":{"line":26,"column":20},"end":{"line":31,"column":3}}},"4":{"name":"(anonymous_6)","decl":{"start":{"line":27,"column":45},"end":{"line":27,"column":46}},"loc":{"start":{"line":27,"column":52},"end":{"line":27,"column":63}}},"5":{"name":"(anonymous_7)","decl":{"start":{"line":33,"column":10},"end":{"line":33,"column":34}},"loc":{"start":{"line":34,"column":26},"end":{"line":42,"column":3}}}},"branchMap":{"0":{"loc":{"start":{"line":28,"column":4},"end":{"line":28,"column":79}},"type":"if","locations":[{"start":{"line":28,"column":4},"end":{"line":28,"column":79}},{"start":{},"end":{}}]},"1":{"loc":{"start":{"line":38,"column":16},"end":{"line":38,"column":75}},"type":"binary-expr","locations":[{"start":{"line":38,"column":16},"end":{"line":38,"column":69}},{"start":{"line":38,"column":73},"end":{"line":38,"column":75}}]},"2":{"loc":{"start":{"line":40,"column":14},"end":{"line":40,"column":74}},"type":"binary-expr","locations":[{"start":{"line":40,"column":14},"end":{"line":40,"column":68}},{"start":{"line":40,"column":72},"end":{"line":40,"column":74}}]},"3":{"loc":{"start":{"line":13,"column":39},"end":{"line":13,"column":null}},"type":"cond-expr","locations":[{"start":{"line":13,"column":55},"end":{"line":13,"column":null}},{"start":{"line":13,"column":55},"end":{"line":13,"column":null}}]},"4":{"loc":{"start":{"line":13,"column":39},"end":{"line":13,"column":55}},"type":"binary-expr","locations":[{"start":{"line":13,"column":39},"end":{"line":13,"column":null}},{"start":{"line":13,"column":39},"end":{"line":13,"column":55}}]},"5":{"loc":{"start":{"line":13,"column":55},"end":{"line":14,"column":null}},"type":"cond-expr","locations":[{"start":{"line":14,"column":53},"end":{"line":14,"column":null}},{"start":{"line":14,"column":53},"end":{"line":14,"column":null}}]},"6":{"loc":{"start":{"line":13,"column":55},"end":{"line":14,"column":53}},"type":"binary-expr","locations":[{"start":{"line":13,"column":55},"end":{"line":14,"column":null}},{"start":{"line":14,"column":38},"end":{"line":14,"column":53}}]},"7":{"loc":{"start":{"line":14,"column":53},"end":{"line":15,"column":null}},"type":"cond-expr","locations":[{"start":{"line":15,"column":49},"end":{"line":15,"column":null}},{"start":{"line":15,"column":49},"end":{"line":15,"column":null}}]},"8":{"loc":{"start":{"line":14,"column":53},"end":{"line":15,"column":49}},"type":"binary-expr","locations":[{"start":{"line":14,"column":53},"end":{"line":15,"column":null}},{"start":{"line":15,"column":36},"end":{"line":15,"column":49}}]}},"s":{"0":2,"1":2,"2":2,"3":2,"4":2,"5":2,"6":4,"7":4,"8":4,"9":4,"10":1,"11":5,"12":3,"13":11,"14":3,"15":2,"16":1,"17":6,"18":2,"19":2},"f":{"0":4,"1":1,"2":5,"3":3,"4":11,"5":6},"b":{"0":[2,1],"1":[6,0],"2":[6,0],"3":[2,0],"4":[2,2],"5":[2,0],"6":[2,2],"7":[2,0],"8":[2,2]}}
,"C:\\Users\\Maider Veliz\\Documents\\GitHub\\portfolio2026_A\\apps\\backend\\src\\experience\\data\\experiences.data.ts": {"path":"C:\\Users\\Maider Veliz\\Documents\\GitHub\\portfolio2026_A\\apps\\backend\\src\\experience\\data\\experiences.data.ts","statementMap":{"0":{"start":{"line":3,"column":13},"end":{"line":176,"column":2}}},"fnMap":{},"branchMap":{},"s":{"0":2},"f":{},"b":{}}
,"C:\\Users\\Maider Veliz\\Documents\\GitHub\\portfolio2026_A\\apps\\backend\\src\\experience\\dto\\experience-response.dto.ts": {"path":"C:\\Users\\Maider Veliz\\Documents\\GitHub\\portfolio2026_A\\apps\\backend\\src\\experience\\dto\\experience-response.dto.ts","statementMap":{"0":{"start":{"line":3,"column":0},"end":{"line":3,"column":13}}},"fnMap":{},"branchMap":{},"s":{"0":0},"f":{},"b":{}}
,"C:\\Users\\Maider Veliz\\Documents\\GitHub\\portfolio2026_A\\apps\\backend\\src\\projects\\projects.controller.ts": {"path":"C:\\Users\\Maider Veliz\\Documents\\GitHub\\portfolio2026_A\\apps\\backend\\src\\projects\\projects.controller.ts","statementMap":{"0":{"start":{"line":1,"column":0},"end":{"line":1,"column":56}},"1":{"start":{"line":2,"column":0},"end":{"line":2,"column":47}},"2":{"start":{"line":3,"column":0},"end":{"line":3,"column":53}},"3":{"start":{"line":6,"column":7},"end":{"line":20,"column":null}},"4":{"start":{"line":7,"column":31},"end":{"line":7,"column":48}},"5":{"start":{"line":12,"column":4},"end":{"line":12,"column":42}},"6":{"start":{"line":18,"column":4},"end":{"line":18,"column":44}},"7":{"start":{"line":6,"column":13},"end":{"line":6,"column":31}},"8":{"start":{"line":11,"column":2},"end":{"line":13,"column":null}},"9":{"start":{"line":17,"column":2},"end":{"line":19,"column":null}},"10":{"start":{"line":6,"column":13},"end":{"line":20,"column":null}}},"fnMap":{"0":{"name":"(anonymous_4)","decl":{"start":{"line":7,"column":2},"end":{"line":7,"column":31}},"loc":{"start":{"line":7,"column":63},"end":{"line":7,"column":67}}},"1":{"name":"(anonymous_5)","decl":{"start":{"line":11,"column":2},"end":{"line":11,"column":9}},"loc":{"start":{"line":11,"column":9},"end":{"line":13,"column":3}}},"2":{"name":"(anonymous_6)","decl":{"start":{"line":17,"column":2},"end":{"line":17,"column":9}},"loc":{"start":{"line":17,"column":33},"end":{"line":19,"column":3}}}},"branchMap":{"0":{"loc":{"start":{"line":7,"column":48},"end":{"line":7,"column":66}},"type":"cond-expr","locations":[{"start":{"line":7,"column":63},"end":{"line":7,"column":66}},{"start":{"line":7,"column":63},"end":{"line":7,"column":66}}]},"1":{"loc":{"start":{"line":7,"column":48},"end":{"line":7,"column":63}},"type":"binary-expr","locations":[{"start":{"line":7,"column":48},"end":{"line":7,"column":66}},{"start":{"line":7,"column":48},"end":{"line":7,"column":63}}]}},"s":{"0":1,"1":1,"2":1,"3":1,"4":1,"5":0,"6":0,"7":1,"8":1,"9":1,"10":1},"f":{"0":1,"1":0,"2":0},"b":{"0":[1,0],"1":[1,1]}}
,"C:\\Users\\Maider Veliz\\Documents\\GitHub\\portfolio2026_A\\apps\\backend\\src\\projects\\projects.module.ts": {"path":"C:\\Users\\Maider Veliz\\Documents\\GitHub\\portfolio2026_A\\apps\\backend\\src\\projects\\projects.module.ts","statementMap":{"0":{"start":{"line":1,"column":0},"end":{"line":1,"column":40}},"1":{"start":{"line":2,"column":0},"end":{"line":2,"column":64}},"2":{"start":{"line":3,"column":0},"end":{"line":3,"column":59}},"3":{"start":{"line":4,"column":0},"end":{"line":4,"column":53}},"4":{"start":{"line":12,"column":7},"end":{"line":12,"column":null}},"5":{"start":{"line":12,"column":13},"end":{"line":12,"column":27}},"6":{"start":{"line":12,"column":13},"end":{"line":12,"column":null}}},"fnMap":{},"branchMap":{},"s":{"0":0,"1":0,"2":0,"3":0,"4":0,"5":0,"6":0},"f":{},"b":{}}
,"C:\\Users\\Maider Veliz\\Documents\\GitHub\\portfolio2026_A\\apps\\backend\\src\\projects\\projects.service.ts": {"path":"C:\\Users\\Maider Veliz\\Documents\\GitHub\\portfolio2026_A\\apps\\backend\\src\\projects\\projects.service.ts","statementMap":{"0":{"start":{"line":1,"column":0},"end":{"line":1,"column":63}},"1":{"start":{"line":3,"column":0},"end":{"line":3,"column":66}},"2":{"start":{"line":4,"column":0},"end":{"line":4,"column":53}},"3":{"start":{"line":9,"column":7},"end":{"line":40,"column":null}},"4":{"start":{"line":10,"column":31},"end":{"line":10,"column":49}},"5":{"start":{"line":12,"column":32},"end":{"line":12,"column":45}},"6":{"start":{"line":15,"column":4},"end":{"line":17,"column":7}},"7":{"start":{"line":16,"column":6},"end":{"line":16,"column":49}},"8":{"start":{"line":21,"column":20},"end":{"line":21,"column":58}},"9":{"start":{"line":21,"column":46},"end":{"line":21,"column":57}},"10":{"start":{"line":22,"column":4},"end":{"line":22,"column":73}},"11":{"start":{"line":22,"column":18},"end":{"line":22,"column":73}},"12":{"start":{"line":24,"column":4},"end":{"line":24,"column":47}},"13":{"start":{"line":28,"column":21},"end":{"line":28,"column":68}},"14":{"start":{"line":28,"column":49},"end":{"line":28,"column":67}},"15":{"start":{"line":29,"column":4},"end":{"line":31,"column":7}},"16":{"start":{"line":30,"column":6},"end":{"line":30,"column":49}},"17":{"start":{"line":35,"column":4},"end":{"line":38,"column":6}},"18":{"start":{"line":9,"column":13},"end":{"line":9,"column":28}},"19":{"start":{"line":9,"column":13},"end":{"line":40,"column":null}}},"fnMap":{"0":{"name":"(anonymous_2)","decl":{"start":{"line":10,"column":2},"end":{"line":10,"column":31}},"loc":{"start":{"line":10,"column":65},"end":{"line":10,"column":69}}},"1":{"name":"(anonymous_3)","decl":{"start":{"line":14,"column":2},"end":{"line":14,"column":9}},"loc":{"start":{"line":14,"column":9},"end":{"line":18,"column":3}}},"2":{"name":"(anonymous_4)","decl":{"start":{"line":15,"column":29},"end":{"line":15,"column":30}},"loc":{"start":{"line":15,"column":41},"end":{"line":17,"column":5}}},"3":{"name":"(anonymous_5)","decl":{"start":{"line":20,"column":2},"end":{"line":20,"column":9}},"loc":{"start":{"line":20,"column":20},"end":{"line":25,"column":3}}},"4":{"name":"(anonymous_6)","decl":{"start":{"line":21,"column":39},"end":{"line":21,"column":40}},"loc":{"start":{"line":21,"column":46},"end":{"line":21,"column":57}}},"5":{"name":"(anonymous_7)","decl":{"start":{"line":27,"column":2},"end":{"line":27,"column":11}},"loc":{"start":{"line":27,"column":25},"end":{"line":32,"column":3}}},"6":{"name":"(anonymous_8)","decl":{"start":{"line":28,"column":42},"end":{"line":28,"column":43}},"loc":{"start":{"line":28,"column":49},"end":{"line":28,"column":67}}},"7":{"name":"(anonymous_9)","decl":{"start":{"line":29,"column":24},"end":{"line":29,"column":25}},"loc":{"start":{"line":29,"column":36},"end":{"line":31,"column":5}}},"8":{"name":"(anonymous_10)","decl":{"start":{"line":34,"column":10},"end":{"line":34,"column":31}},"loc":{"start":{"line":34,"column":48},"end":{"line":39,"column":3}}}},"branchMap":{"0":{"loc":{"start":{"line":22,"column":4},"end":{"line":22,"column":73}},"type":"if","locations":[{"start":{"line":22,"column":4},"end":{"line":22,"column":73}},{"start":{},"end":{}}]},"1":{"loc":{"start":{"line":10,"column":49},"end":{"line":10,"column":68}},"type":"cond-expr","locations":[{"start":{"line":10,"column":65},"end":{"line":10,"column":68}},{"start":{"line":10,"column":65},"end":{"line":10,"column":68}}]},"2":{"loc":{"start":{"line":10,"column":49},"end":{"line":10,"column":65}},"type":"binary-expr","locations":[{"start":{"line":10,"column":49},"end":{"line":10,"column":68}},{"start":{"line":10,"column":49},"end":{"line":10,"column":65}}]}},"s":{"0":4,"1":4,"2":4,"3":4,"4":1,"5":1,"6":0,"7":0,"8":0,"9":0,"10":0,"11":0,"12":0,"13":0,"14":0,"15":0,"16":0,"17":0,"18":4,"19":4},"f":{"0":1,"1":0,"2":0,"3":0,"4":0,"5":0,"6":0,"7":0,"8":0},"b":{"0":[0,0],"1":[4,0],"2":[4,4]}}
,"C:\\Users\\Maider Veliz\\Documents\\GitHub\\portfolio2026_A\\apps\\backend\\src\\projects\\data\\projects.data.ts": {"path":"C:\\Users\\Maider Veliz\\Documents\\GitHub\\portfolio2026_A\\apps\\backend\\src\\projects\\data\\projects.data.ts","statementMap":{"0":{"start":{"line":3,"column":13},"end":{"line":118,"column":2}}},"fnMap":{},"branchMap":{},"s":{"0":4},"f":{},"b":{}}
,"C:\\Users\\Maider Veliz\\Documents\\GitHub\\portfolio2026_A\\apps\\backend\\src\\projects\\dto\\project-response.dto.ts": {"path":"C:\\Users\\Maider Veliz\\Documents\\GitHub\\portfolio2026_A\\apps\\backend\\src\\projects\\dto\\project-response.dto.ts","statementMap":{"0":{"start":{"line":3,"column":0},"end":{"line":3,"column":13}}},"fnMap":{},"branchMap":{},"s":{"0":0},"f":{},"b":{}}
,"C:\\Users\\Maider Veliz\\Documents\\GitHub\\portfolio2026_A\\apps\\backend\\src\\skills\\skills.controller.ts": {"path":"C:\\Users\\Maider Veliz\\Documents\\GitHub\\portfolio2026_A\\apps\\backend\\src\\skills\\skills.controller.ts","statementMap":{"0":{"start":{"line":1,"column":0},"end":{"line":1,"column":56}},"1":{"start":{"line":3,"column":0},"end":{"line":3,"column":47}},"2":{"start":{"line":4,"column":0},"end":{"line":4,"column":49}},"3":{"start":{"line":7,"column":7},"end":{"line":27,"column":null}},"4":{"start":{"line":8,"column":30},"end":{"line":8,"column":45}},"5":{"start":{"line":16,"column":24},"end":{"line":16,"column":50}},"6":{"start":{"line":17,"column":4},"end":{"line":17,"column":61}},"7":{"start":{"line":25,"column":4},"end":{"line":25,"column":46}},"8":{"start":{"line":7,"column":13},"end":{"line":7,"column":29}},"9":{"start":{"line":12,"column":2},"end":{"line":18,"column":null}},"10":{"start":{"line":24,"column":2},"end":{"line":26,"column":null}},"11":{"start":{"line":7,"column":13},"end":{"line":27,"column":null}}},"fnMap":{"0":{"name":"(anonymous_4)","decl":{"start":{"line":8,"column":2},"end":{"line":8,"column":30}},"loc":{"start":{"line":8,"column":58},"end":{"line":8,"column":62}}},"1":{"name":"(anonymous_5)","decl":{"start":{"line":12,"column":2},"end":{"line":12,"column":9}},"loc":{"start":{"line":14,"column":54},"end":{"line":18,"column":3}}},"2":{"name":"(anonymous_6)","decl":{"start":{"line":24,"column":2},"end":{"line":24,"column":19}},"loc":{"start":{"line":24,"column":19},"end":{"line":26,"column":3}}}},"branchMap":{"0":{"loc":{"start":{"line":8,"column":45},"end":{"line":8,"column":61}},"type":"cond-expr","locations":[{"start":{"line":8,"column":58},"end":{"line":8,"column":61}},{"start":{"line":8,"column":58},"end":{"line":8,"column":61}}]},"1":{"loc":{"start":{"line":8,"column":45},"end":{"line":8,"column":58}},"type":"binary-expr","locations":[{"start":{"line":8,"column":45},"end":{"line":8,"column":61}},{"start":{"line":8,"column":45},"end":{"line":8,"column":58}}]}},"s":{"0":1,"1":1,"2":1,"3":1,"4":2,"5":0,"6":0,"7":1,"8":1,"9":1,"10":1,"11":1},"f":{"0":2,"1":0,"2":1},"b":{"0":[1,0],"1":[1,1]}}
,"C:\\Users\\Maider Veliz\\Documents\\GitHub\\portfolio2026_A\\apps\\backend\\src\\skills\\skills.module.ts": {"path":"C:\\Users\\Maider Veliz\\Documents\\GitHub\\portfolio2026_A\\apps\\backend\\src\\skills\\skills.module.ts","statementMap":{"0":{"start":{"line":1,"column":0},"end":{"line":1,"column":40}},"1":{"start":{"line":2,"column":0},"end":{"line":2,"column":55}},"2":{"start":{"line":3,"column":0},"end":{"line":3,"column":49}},"3":{"start":{"line":10,"column":7},"end":{"line":10,"column":null}},"4":{"start":{"line":10,"column":13},"end":{"line":10,"column":25}},"5":{"start":{"line":10,"column":13},"end":{"line":10,"column":null}}},"fnMap":{},"branchMap":{},"s":{"0":0,"1":0,"2":0,"3":0,"4":0,"5":0},"f":{},"b":{}}
,"C:\\Users\\Maider Veliz\\Documents\\GitHub\\portfolio2026_A\\apps\\backend\\src\\skills\\skills.service.ts": {"path":"C:\\Users\\Maider Veliz\\Documents\\GitHub\\portfolio2026_A\\apps\\backend\\src\\skills\\skills.service.ts","statementMap":{"0":{"start":{"line":1,"column":0},"end":{"line":1,"column":44}},"1":{"start":{"line":2,"column":0},"end":{"line":2,"column":49}},"2":{"start":{"line":6,"column":7},"end":{"line":38,"column":null}},"3":{"start":{"line":7,"column":28},"end":{"line":7,"column":39}},"4":{"start":{"line":10,"column":19},"end":{"line":10,"column":35}},"5":{"start":{"line":12,"column":4},"end":{"line":14,"column":5}},"6":{"start":{"line":13,"column":6},"end":{"line":13,"column":65}},"7":{"start":{"line":13,"column":40},"end":{"line":13,"column":63}},"8":{"start":{"line":16,"column":4},"end":{"line":18,"column":5}},"9":{"start":{"line":17,"column":6},"end":{"line":17,"column":55}},"10":{"start":{"line":17,"column":40},"end":{"line":17,"column":53}},"11":{"start":{"line":20,"column":4},"end":{"line":23,"column":7}},"12":{"start":{"line":21,"column":6},"end":{"line":21,"column":73}},"13":{"start":{"line":21,"column":43},"end":{"line":21,"column":73}},"14":{"start":{"line":22,"column":6},"end":{"line":22,"column":31}},"15":{"start":{"line":27,"column":23},"end":{"line":27,"column":57}},"16":{"start":{"line":27,"column":46},"end":{"line":27,"column":56}},"17":{"start":{"line":28,"column":4},"end":{"line":28,"column":36}},"18":{"start":{"line":32,"column":4},"end":{"line":32,"column":57}},"19":{"start":{"line":32,"column":37},"end":{"line":32,"column":55}},"20":{"start":{"line":36,"column":4},"end":{"line":36,"column":59}},"21":{"start":{"line":36,"column":37},"end":{"line":36,"column":50}},"22":{"start":{"line":6,"column":13},"end":{"line":6,"column":26}},"23":{"start":{"line":6,"column":13},"end":{"line":38,"column":null}}},"fnMap":{"0":{"name":"(anonymous_1)","decl":{"start":{"line":9,"column":2},"end":{"line":9,"column":9}},"loc":{"start":{"line":9,"column":54},"end":{"line":24,"column":3}}},"1":{"name":"(anonymous_2)","decl":{"start":{"line":13,"column":33},"end":{"line":13,"column":34}},"loc":{"start":{"line":13,"column":40},"end":{"line":13,"column":63}}},"2":{"name":"(anonymous_3)","decl":{"start":{"line":17,"column":33},"end":{"line":17,"column":34}},"loc":{"start":{"line":17,"column":40},"end":{"line":17,"column":53}}},"3":{"name":"(anonymous_4)","decl":{"start":{"line":20,"column":25},"end":{"line":20,"column":26}},"loc":{"start":{"line":20,"column":34},"end":{"line":23,"column":5}}},"4":{"name":"(anonymous_5)","decl":{"start":{"line":26,"column":2},"end":{"line":26,"column":15}},"loc":{"start":{"line":26,"column":15},"end":{"line":29,"column":3}}},"5":{"name":"(anonymous_6)","decl":{"start":{"line":27,"column":39},"end":{"line":27,"column":40}},"loc":{"start":{"line":27,"column":46},"end":{"line":27,"column":56}}},"6":{"name":"(anonymous_7)","decl":{"start":{"line":31,"column":2},"end":{"line":31,"column":11}},"loc":{"start":{"line":31,"column":25},"end":{"line":33,"column":3}}},"7":{"name":"(anonymous_8)","decl":{"start":{"line":32,"column":30},"end":{"line":32,"column":31}},"loc":{"start":{"line":32,"column":37},"end":{"line":32,"column":55}}},"8":{"name":"(anonymous_9)","decl":{"start":{"line":35,"column":2},"end":{"line":35,"column":21}},"loc":{"start":{"line":35,"column":21},"end":{"line":37,"column":3}}},"9":{"name":"(anonymous_10)","decl":{"start":{"line":36,"column":30},"end":{"line":36,"column":31}},"loc":{"start":{"line":36,"column":37},"end":{"line":36,"column":50}}}},"branchMap":{"0":{"loc":{"start":{"line":12,"column":4},"end":{"line":14,"column":5}},"type":"if","locations":[{"start":{"line":12,"column":4},"end":{"line":14,"column":5}},{"start":{},"end":{}}]},"1":{"loc":{"start":{"line":12,"column":8},"end":{"line":12,"column":38}},"type":"binary-expr","locations":[{"start":{"line":12,"column":8},"end":{"line":12,"column":16}},{"start":{"line":12,"column":20},"end":{"line":12,"column":38}}]},"2":{"loc":{"start":{"line":16,"column":4},"end":{"line":18,"column":5}},"type":"if","locations":[{"start":{"line":16,"column":4},"end":{"line":18,"column":5}},{"start":{},"end":{}}]},"3":{"loc":{"start":{"line":21,"column":6},"end":{"line":21,"column":73}},"type":"if","locations":[{"start":{"line":21,"column":6},"end":{"line":21,"column":73}},{"start":{},"end":{}}]},"4":{"loc":{"start":{"line":21,"column":50},"end":{"line":21,"column":72}},"type":"cond-expr","locations":[{"start":{"line":21,"column":66},"end":{"line":21,"column":68}},{"start":{"line":21,"column":71},"end":{"line":21,"column":72}}]}},"s":{"0":6,"1":6,"2":6,"3":4,"4":2,"5":2,"6":1,"7":45,"8":2,"9":0,"10":0,"11":2,"12":239,"13":48,"14":191,"15":1,"16":45,"17":1,"18":0,"19":0,"20":0,"21":0,"22":6,"23":6},"f":{"0":2,"1":45,"2":0,"3":239,"4":1,"5":45,"6":0,"7":0,"8":0,"9":0},"b":{"0":[1,1],"1":[2,1],"2":[0,2],"3":[48,191],"4":[27,21]}}
,"C:\\Users\\Maider Veliz\\Documents\\GitHub\\portfolio2026_A\\apps\\backend\\src\\skills\\data\\skills.data.ts": {"path":"C:\\Users\\Maider Veliz\\Documents\\GitHub\\portfolio2026_A\\apps\\backend\\src\\skills\\data\\skills.data.ts","statementMap":{"0":{"start":{"line":3,"column":13},"end":{"line":409,"column":2}}},"fnMap":{},"branchMap":{},"s":{"0":6},"f":{},"b":{}}
,"C:\\Users\\Maider Veliz\\Documents\\GitHub\\portfolio2026_A\\apps\\backend\\src\\stats\\stats.controller.ts": {"path":"C:\\Users\\Maider Veliz\\Documents\\GitHub\\portfolio2026_A\\apps\\backend\\src\\stats\\stats.controller.ts","statementMap":{"0":{"start":{"line":1,"column":0},"end":{"line":1,"column":49}},"1":{"start":{"line":3,"column":0},"end":{"line":3,"column":47}},"2":{"start":{"line":4,"column":0},"end":{"line":4,"column":47}},"3":{"start":{"line":7,"column":7},"end":{"line":18,"column":null}},"4":{"start":{"line":8,"column":31},"end":{"line":8,"column":45}},"5":{"start":{"line":16,"column":4},"end":{"line":16,"column":39}},"6":{"start":{"line":7,"column":13},"end":{"line":7,"column":28}},"7":{"start":{"line":15,"column":2},"end":{"line":17,"column":null}},"8":{"start":{"line":7,"column":13},"end":{"line":18,"column":null}}},"fnMap":{"0":{"name":"(anonymous_2)","decl":{"start":{"line":8,"column":2},"end":{"line":8,"column":31}},"loc":{"start":{"line":8,"column":57},"end":{"line":8,"column":61}}},"1":{"name":"(anonymous_3)","decl":{"start":{"line":15,"column":2},"end":{"line":15,"column":9}},"loc":{"start":{"line":15,"column":9},"end":{"line":17,"column":3}}}},"branchMap":{"0":{"loc":{"start":{"line":8,"column":45},"end":{"line":8,"column":60}},"type":"cond-expr","locations":[{"start":{"line":8,"column":57},"end":{"line":8,"column":60}},{"start":{"line":8,"column":57},"end":{"line":8,"column":60}}]},"1":{"loc":{"start":{"line":8,"column":45},"end":{"line":8,"column":57}},"type":"binary-expr","locations":[{"start":{"line":8,"column":45},"end":{"line":8,"column":60}},{"start":{"line":8,"column":45},"end":{"line":8,"column":57}}]}},"s":{"0":1,"1":1,"2":1,"3":1,"4":1,"5":1,"6":1,"7":1,"8":1},"f":{"0":1,"1":1},"b":{"0":[1,0],"1":[1,1]}}
,"C:\\Users\\Maider Veliz\\Documents\\GitHub\\portfolio2026_A\\apps\\backend\\src\\stats\\stats.module.ts": {"path":"C:\\Users\\Maider Veliz\\Documents\\GitHub\\portfolio2026_A\\apps\\backend\\src\\stats\\stats.module.ts","statementMap":{"0":{"start":{"line":1,"column":0},"end":{"line":1,"column":40}},"1":{"start":{"line":2,"column":0},"end":{"line":2,"column":55}},"2":{"start":{"line":3,"column":0},"end":{"line":3,"column":53}},"3":{"start":{"line":4,"column":0},"end":{"line":4,"column":47}},"4":{"start":{"line":11,"column":7},"end":{"line":11,"column":null}},"5":{"start":{"line":11,"column":13},"end":{"line":11,"column":24}},"6":{"start":{"line":11,"column":13},"end":{"line":11,"column":null}}},"fnMap":{},"branchMap":{},"s":{"0":0,"1":0,"2":0,"3":0,"4":0,"5":0,"6":0},"f":{},"b":{}}
,"C:\\Users\\Maider Veliz\\Documents\\GitHub\\portfolio2026_A\\apps\\backend\\src\\stats\\stats.service.ts": {"path":"C:\\Users\\Maider Veliz\\Documents\\GitHub\\portfolio2026_A\\apps\\backend\\src\\stats\\stats.service.ts","statementMap":{"0":{"start":{"line":1,"column":0},"end":{"line":1,"column":71}},"1":{"start":{"line":3,"column":0},"end":{"line":3,"column":44}},"2":{"start":{"line":4,"column":0},"end":{"line":4,"column":57}},"3":{"start":{"line":8,"column":7},"end":{"line":98,"column":null}},"4":{"start":{"line":9,"column":31},"end":{"line":9,"column":46}},"5":{"start":{"line":11,"column":30},"end":{"line":51,"column":4}},"6":{"start":{"line":54,"column":4},"end":{"line":60,"column":8}},"7":{"start":{"line":54,"column":40},"end":{"line":60,"column":6}},"8":{"start":{"line":64,"column":23},"end":{"line":64,"column":43}},"9":{"start":{"line":66,"column":4},"end":{"line":82,"column":5}},"10":{"start":{"line":68,"column":8},"end":{"line":68,"column":26}},"11":{"start":{"line":72,"column":10},"end":{"line":74,"column":45}},"12":{"start":{"line":75,"column":8},"end":{"line":75,"column":33}},"13":{"start":{"line":78,"column":8},"end":{"line":78,"column":69}},"14":{"start":{"line":81,"column":8},"end":{"line":81,"column":17}},"15":{"start":{"line":86,"column":4},"end":{"line":86,"column":34}},"16":{"start":{"line":90,"column":17},"end":{"line":90,"column":54}},"17":{"start":{"line":91,"column":4},"end":{"line":91,"column":61}},"18":{"start":{"line":95,"column":17},"end":{"line":95,"column":54}},"19":{"start":{"line":96,"column":4},"end":{"line":96,"column":52}},"20":{"start":{"line":8,"column":13},"end":{"line":8,"column":25}},"21":{"start":{"line":8,"column":13},"end":{"line":98,"column":null}}},"fnMap":{"0":{"name":"(anonymous_2)","decl":{"start":{"line":9,"column":2},"end":{"line":9,"column":31}},"loc":{"start":{"line":9,"column":59},"end":{"line":9,"column":63}}},"1":{"name":"(anonymous_3)","decl":{"start":{"line":53,"column":2},"end":{"line":53,"column":9}},"loc":{"start":{"line":53,"column":9},"end":{"line":61,"column":3}}},"2":{"name":"(anonymous_4)","decl":{"start":{"line":54,"column":29},"end":{"line":54,"column":30}},"loc":{"start":{"line":54,"column":40},"end":{"line":60,"column":6}}},"3":{"name":"(anonymous_5)","decl":{"start":{"line":63,"column":10},"end":{"line":63,"column":29}},"loc":{"start":{"line":63,"column":39},"end":{"line":83,"column":3}}},"4":{"name":"(anonymous_6)","decl":{"start":{"line":85,"column":10},"end":{"line":85,"column":24}},"loc":{"start":{"line":85,"column":34},"end":{"line":87,"column":3}}},"5":{"name":"(anonymous_7)","decl":{"start":{"line":89,"column":10},"end":{"line":89,"column":21}},"loc":{"start":{"line":89,"column":32},"end":{"line":92,"column":3}}},"6":{"name":"(anonymous_8)","decl":{"start":{"line":94,"column":10},"end":{"line":94,"column":20}},"loc":{"start":{"line":94,"column":31},"end":{"line":97,"column":3}}}},"branchMap":{"0":{"loc":{"start":{"line":64,"column":23},"end":{"line":64,"column":43}},"type":"binary-expr","locations":[{"start":{"line":64,"column":23},"end":{"line":64,"column":38}},{"start":{"line":64,"column":42},"end":{"line":64,"column":43}}]},"1":{"loc":{"start":{"line":66,"column":4},"end":{"line":82,"column":5}},"type":"switch","locations":[{"start":{"line":67,"column":6},"end":{"line":68,"column":26}},{"start":{"line":70,"column":6},"end":{"line":75,"column":33}},{"start":{"line":77,"column":6},"end":{"line":78,"column":69}},{"start":{"line":80,"column":6},"end":{"line":81,"column":17}}]},"2":{"loc":{"start":{"line":72,"column":10},"end":{"line":74,"column":45}},"type":"cond-expr","locations":[{"start":{"line":73,"column":14},"end":{"line":73,"column":46}},{"start":{"line":74,"column":14},"end":{"line":74,"column":45}}]},"3":{"loc":{"start":{"line":86,"column":11},"end":{"line":86,"column":33}},"type":"binary-expr","locations":[{"start":{"line":86,"column":11},"end":{"line":86,"column":24}},{"start":{"line":86,"column":28},"end":{"line":86,"column":33}}]},"4":{"loc":{"start":{"line":9,"column":46},"end":{"line":9,"column":62}},"type":"cond-expr","locations":[{"start":{"line":9,"column":59},"end":{"line":9,"column":62}},{"start":{"line":9,"column":59},"end":{"line":9,"column":62}}]},"5":{"loc":{"start":{"line":9,"column":46},"end":{"line":9,"column":59}},"type":"binary-expr","locations":[{"start":{"line":9,"column":46},"end":{"line":9,"column":62}},{"start":{"line":9,"column":46},"end":{"line":9,"column":59}}]}},"s":{"0":2,"1":2,"2":2,"3":2,"4":4,"5":4,"6":3,"7":12,"8":12,"9":12,"10":3,"11":6,"12":6,"13":3,"14":0,"15":12,"16":3,"17":3,"18":3,"19":3,"20":2,"21":2},"f":{"0":4,"1":3,"2":12,"3":12,"4":12,"5":3,"6":3},"b":{"0":[12,9],"1":[3,6,3,0],"2":[3,3],"3":[12,3],"4":[2,0],"5":[2,2]}}
,"C:\\Users\\Maider Veliz\\Documents\\GitHub\\portfolio2026_A\\apps\\backend\\src\\stats\\constants\\stat.constants.ts": {"path":"C:\\Users\\Maider Veliz\\Documents\\GitHub\\portfolio2026_A\\apps\\backend\\src\\stats\\constants\\stat.constants.ts","statementMap":{"0":{"start":{"line":1,"column":0},"end":{"line":1,"column":null}},"1":{"start":{"line":2,"column":2},"end":{"line":2,"column":null}},"2":{"start":{"line":3,"column":2},"end":{"line":3,"column":null}},"3":{"start":{"line":4,"column":2},"end":{"line":4,"column":null}},"4":{"start":{"line":7,"column":0},"end":{"line":7,"column":null}},"5":{"start":{"line":8,"column":2},"end":{"line":8,"column":null}},"6":{"start":{"line":9,"column":2},"end":{"line":9,"column":null}}},"fnMap":{"0":{"name":"(anonymous_0)","decl":{"start":{"line":1,"column":0},"end":{"line":1,"column":12}},"loc":{"start":{"line":1,"column":20},"end":{"line":5,"column":1}}},"1":{"name":"(anonymous_1)","decl":{"start":{"line":7,"column":0},"end":{"line":7,"column":12}},"loc":{"start":{"line":7,"column":27},"end":{"line":10,"column":1}}}},"branchMap":{"0":{"loc":{"start":{"line":1,"column":12},"end":{"line":1,"column":null}},"type":"binary-expr","locations":[{"start":{"line":1,"column":12},"end":{"line":1,"column":20}},{"start":{"line":1,"column":20},"end":{"line":1,"column":null}}]},"1":{"loc":{"start":{"line":7,"column":12},"end":{"line":7,"column":null}},"type":"binary-expr","locations":[{"start":{"line":7,"column":12},"end":{"line":7,"column":27}},{"start":{"line":7,"column":27},"end":{"line":7,"column":null}}]}},"s":{"0":2,"1":2,"2":2,"3":2,"4":2,"5":2,"6":2},"f":{"0":2,"1":2},"b":{"0":[2,2],"1":[2,2]}}
,"C:\\Users\\Maider Veliz\\Documents\\GitHub\\portfolio2026_A\\apps\\backend\\src\\stats\\dto\\stat-response.dto.ts": {"path":"C:\\Users\\Maider Veliz\\Documents\\GitHub\\portfolio2026_A\\apps\\backend\\src\\stats\\dto\\stat-response.dto.ts","statementMap":{"0":{"start":{"line":1,"column":0},"end":{"line":1,"column":13}}},"fnMap":{},"branchMap":{},"s":{"0":0},"f":{},"b":{}}
,"C:\\Users\\Maider Veliz\\Documents\\GitHub\\portfolio2026_A\\apps\\backend\\src\\status\\status.controller.ts": {"path":"C:\\Users\\Maider Veliz\\Documents\\GitHub\\portfolio2026_A\\apps\\backend\\src\\status\\status.controller.ts","statementMap":{"0":{"start":{"line":1,"column":0},"end":{"line":1,"column":49}},"1":{"start":{"line":3,"column":0},"end":{"line":3,"column":47}},"2":{"start":{"line":4,"column":0},"end":{"line":4,"column":49}},"3":{"start":{"line":7,"column":7},"end":{"line":15,"column":null}},"4":{"start":{"line":8,"column":31},"end":{"line":8,"column":46}},"5":{"start":{"line":13,"column":4},"end":{"line":13,"column":42}},"6":{"start":{"line":7,"column":13},"end":{"line":7,"column":29}},"7":{"start":{"line":12,"column":2},"end":{"line":14,"column":null}},"8":{"start":{"line":7,"column":13},"end":{"line":15,"column":null}}},"fnMap":{"0":{"name":"(anonymous_2)","decl":{"start":{"line":8,"column":2},"end":{"line":8,"column":31}},"loc":{"start":{"line":8,"column":59},"end":{"line":8,"column":63}}},"1":{"name":"(anonymous_3)","decl":{"start":{"line":12,"column":2},"end":{"line":12,"column":11}},"loc":{"start":{"line":12,"column":11},"end":{"line":14,"column":3}}}},"branchMap":{"0":{"loc":{"start":{"line":8,"column":46},"end":{"line":8,"column":62}},"type":"cond-expr","locations":[{"start":{"line":8,"column":59},"end":{"line":8,"column":62}},{"start":{"line":8,"column":59},"end":{"line":8,"column":62}}]},"1":{"loc":{"start":{"line":8,"column":46},"end":{"line":8,"column":59}},"type":"binary-expr","locations":[{"start":{"line":8,"column":46},"end":{"line":8,"column":62}},{"start":{"line":8,"column":46},"end":{"line":8,"column":59}}]}},"s":{"0":1,"1":1,"2":1,"3":1,"4":2,"5":1,"6":1,"7":1,"8":1},"f":{"0":2,"1":1},"b":{"0":[1,0],"1":[1,1]}}
,"C:\\Users\\Maider Veliz\\Documents\\GitHub\\portfolio2026_A\\apps\\backend\\src\\status\\status.module.ts": {"path":"C:\\Users\\Maider Veliz\\Documents\\GitHub\\portfolio2026_A\\apps\\backend\\src\\status\\status.module.ts","statementMap":{"0":{"start":{"line":1,"column":0},"end":{"line":1,"column":40}},"1":{"start":{"line":2,"column":0},"end":{"line":2,"column":49}},"2":{"start":{"line":3,"column":0},"end":{"line":3,"column":55}},"3":{"start":{"line":9,"column":7},"end":{"line":9,"column":null}},"4":{"start":{"line":9,"column":13},"end":{"line":9,"column":25}},"5":{"start":{"line":9,"column":13},"end":{"line":9,"column":null}}},"fnMap":{},"branchMap":{},"s":{"0":0,"1":0,"2":0,"3":0,"4":0,"5":0},"f":{},"b":{}}
,"C:\\Users\\Maider Veliz\\Documents\\GitHub\\portfolio2026_A\\apps\\backend\\src\\status\\status.service.ts": {"path":"C:\\Users\\Maider Veliz\\Documents\\GitHub\\portfolio2026_A\\apps\\backend\\src\\status\\status.service.ts","statementMap":{"0":{"start":{"line":1,"column":0},"end":{"line":1,"column":44}},"1":{"start":{"line":2,"column":0},"end":{"line":2,"column":44}},"2":{"start":{"line":6,"column":7},"end":{"line":12,"column":null}},"3":{"start":{"line":7,"column":39},"end":{"line":7,"column":45}},"4":{"start":{"line":10,"column":4},"end":{"line":10,"column":38}},"5":{"start":{"line":6,"column":13},"end":{"line":6,"column":26}},"6":{"start":{"line":6,"column":13},"end":{"line":12,"column":null}}},"fnMap":{"0":{"name":"(anonymous_1)","decl":{"start":{"line":9,"column":2},"end":{"line":9,"column":11}},"loc":{"start":{"line":9,"column":11},"end":{"line":11,"column":3}}}},"branchMap":{},"s":{"0":2,"1":2,"2":2,"3":2,"4":1,"5":2,"6":2},"f":{"0":1},"b":{}}
,"C:\\Users\\Maider Veliz\\Documents\\GitHub\\portfolio2026_A\\apps\\backend\\src\\status\\constants\\status.contants.ts": {"path":"C:\\Users\\Maider Veliz\\Documents\\GitHub\\portfolio2026_A\\apps\\backend\\src\\status\\constants\\status.contants.ts","statementMap":{"0":{"start":{"line":1,"column":13},"end":{"line":1,"column":39}},"1":{"start":{"line":2,"column":13},"end":{"line":2,"column":41}}},"fnMap":{},"branchMap":{},"s":{"0":1,"1":1},"f":{},"b":{}}
,"C:\\Users\\Maider Veliz\\Documents\\GitHub\\portfolio2026_A\\apps\\backend\\src\\status\\data\\status.data.ts": {"path":"C:\\Users\\Maider Veliz\\Documents\\GitHub\\portfolio2026_A\\apps\\backend\\src\\status\\data\\status.data.ts","statementMap":{"0":{"start":{"line":1,"column":0},"end":{"line":1,"column":54}},"1":{"start":{"line":3,"column":13},"end":{"line":3,"column":37}}},"fnMap":{},"branchMap":{},"s":{"0":1,"1":1},"f":{},"b":{}}
}
