TN:
SF:apps\portfolio\src\app\core\config\feature-flags.ts
FNF:0
FNH:0
DA:1,11
DA:38,11
LF:2
LH:2
BRF:0
BRH:0
end_of_record
TN:
SF:apps\portfolio\src\app\core\config\lab.ts
FNF:0
FNH:0
DA:1,1
DA:14,1
LF:2
LH:2
BRF:0
BRH:0
end_of_record
TN:
SF:apps\portfolio\src\app\core\config\seo.ts
FN:92,buildBreadcrumb
FN:96,(anonymous_1)
FNF:2
FNH:2
FNDA:48,buildBreadcrumb
FNDA:88,(anonymous_1)
DA:3,8
DA:15,8
DA:53,8
DA:80,8
DA:92,8
DA:93,48
DA:96,88
DA:105,8
DA:109,8
DA:114,8
DA:119,8
DA:124,8
DA:129,8
LF:13
LH:13
BRF:0
BRH:0
end_of_record
TN:
SF:apps\portfolio\src\app\core\constants\feature-flags.ts
FNF:0
FNH:0
DA:1,11
DA:2,11
DA:3,11
DA:4,11
DA:5,11
DA:6,11
DA:7,11
DA:8,11
DA:9,11
DA:10,11
DA:11,11
DA:12,11
DA:13,11
DA:14,11
DA:15,11
DA:16,11
DA:17,11
DA:18,11
DA:19,11
DA:20,11
DA:21,11
DA:22,11
DA:23,11
DA:24,11
DA:25,11
DA:26,11
DA:27,11
DA:28,11
DA:29,11
DA:30,11
DA:31,11
DA:32,11
LF:32
LH:32
BRF:0
BRH:0
end_of_record
TN:
SF:apps\portfolio\src\app\core\constants\sections.ts
FNF:0
FNH:0
DA:1,7
DA:2,7
LF:2
LH:2
BRF:0
BRH:0
end_of_record
TN:
SF:apps\portfolio\src\app\core\constants\status.ts
FNF:0
FNH:0
DA:1,5
DA:2,5
DA:3,5
DA:4,5
DA:5,5
DA:6,5
LF:6
LH:6
BRF:0
BRH:0
end_of_record
TN:
SF:apps\portfolio\src\app\core\guards\admin.ts
FN:10,(anonymous_0)
FNF:1
FNH:1
FNDA:8,(anonymous_0)
DA:1,1
DA:2,1
DA:4,1
DA:5,1
DA:6,1
DA:7,1
DA:8,1
DA:10,1
DA:11,8
DA:12,8
DA:13,8
DA:14,8
DA:16,8
DA:17,1
DA:20,7
DA:21,7
DA:23,6
DA:24,6
DA:29,4
DA:31,2
DA:34,6
LF:21
LH:21
BRDA:16,0,0,1
BRDA:16,0,1,7
BRDA:21,1,0,1
BRDA:21,1,1,6
BRF:4
BRH:4
end_of_record
TN:
SF:apps\portfolio\src\app\core\interceptors\api-error-logging.ts
FN:4,(anonymous_0)
FN:6,(anonymous_1)
FN:8,(anonymous_2)
FNF:3
FNH:3
FNDA:2,(anonymous_0)
FNDA:1,(anonymous_1)
FNDA:1,(anonymous_2)
DA:2,1
DA:4,1
DA:5,2
DA:7,1
DA:8,1
LF:5
LH:5
BRF:0
BRH:0
end_of_record
TN:
SF:apps\portfolio\src\app\core\mocks\ai.service.ts
FN:3,(anonymous_0)
FN:10,(anonymous_1)
FN:14,(anonymous_2)
FN:16,(anonymous_3)
FNF:4
FNH:4
FNDA:47,(anonymous_0)
FNDA:51,(anonymous_1)
FNDA:52,(anonymous_2)
FNDA:2,(anonymous_3)
DA:1,7
DA:3,47
DA:10,51
DA:14,7
DA:15,52
DA:17,2
DA:21,52
LF:7
LH:7
BRDA:10,0,0,0
BRDA:16,1,0,0
BRF:2
BRH:0
end_of_record
TN:
SF:apps\portfolio\src\app\core\mocks\companies.ts
FNF:0
FNH:0
DA:3,2
LF:1
LH:1
BRF:0
BRH:0
end_of_record
TN:
SF:apps\portfolio\src\app\core\mocks\experiences.ts
FNF:0
FNH:0
DA:3,2
LF:1
LH:1
BRF:0
BRH:0
end_of_record
TN:
SF:apps\portfolio\src\app\core\mocks\projects.ts
FNF:0
FNH:0
DA:3,2
LF:1
LH:1
BRF:0
BRH:0
end_of_record
TN:
SF:apps\portfolio\src\app\core\mocks\skills.ts
FNF:0
FNH:0
DA:3,4
LF:1
LH:1
BRF:0
BRH:0
end_of_record
TN:
SF:apps\portfolio\src\app\core\mocks\stats.ts
FNF:0
FNH:0
DA:3,1
LF:1
LH:1
BRF:0
BRH:0
end_of_record
TN:
SF:apps\portfolio\src\app\core\models\language.ts
FNF:0
FNH:0
DA:9,10
DA:14,10
DA:15,10
LF:3
LH:3
BRF:0
BRH:0
end_of_record
TN:
SF:apps\portfolio\src\app\core\models\skill.ts
FN:20,getSkillLevel
FNF:1
FNH:1
FNDA:654,getSkillLevel
DA:20,5
DA:21,654
DA:22,381
DA:23,250
DA:26,5
LF:5
LH:5
BRDA:21,0,0,273
BRDA:21,0,1,381
BRDA:22,1,0,131
BRDA:22,1,1,250
BRF:4
BRH:4
end_of_record
TN:
SF:apps\portfolio\src\app\core\services\ai.ts
FN:19,(anonymous_0)
FN:22,(anonymous_1)
FN:25,(anonymous_2)
FN:28,(anonymous_3)
FN:31,(anonymous_4)
FN:34,(anonymous_5)
FN:37,(anonymous_6)
FN:40,(anonymous_7)
FNF:8
FNH:8
FNDA:3,(anonymous_0)
FNDA:2,(anonymous_1)
FNDA:2,(anonymous_2)
FNDA:2,(anonymous_3)
FNDA:2,(anonymous_4)
FNDA:2,(anonymous_5)
FNDA:2,(anonymous_6)
FNDA:2,(anonymous_7)
DA:1,8
DA:9,8
DA:11,8
DA:12,8
DA:15,8
DA:16,10
DA:17,10
DA:20,3
DA:22,2
DA:26,2
DA:28,2
DA:32,2
DA:34,2
DA:38,2
DA:40,2
LF:15
LH:15
BRF:0
BRH:0
end_of_record
TN:
SF:apps\portfolio\src\app\core\services\experience.ts
FN:18,(anonymous_0)
FN:21,(anonymous_1)
FN:23,(anonymous_2)
FNF:3
FNH:3
FNDA:4,(anonymous_0)
FNDA:1,(anonymous_1)
FNDA:1,(anonymous_2)
DA:1,4
DA:3,4
DA:4,4
DA:5,4
DA:7,4
DA:10,4
DA:11,4
DA:12,4
DA:13,4
DA:17,4
DA:18,4
DA:21,4
DA:22,4
DA:23,4
DA:24,1
LF:15
LH:15
BRDA:14,0,0,4
BRDA:14,0,1,0
BRDA:21,1,0,1
BRDA:21,1,1,0
BRDA:24,2,0,1
BRDA:24,2,1,0
BRF:6
BRH:3
end_of_record
TN:
SF:apps\portfolio\src\app\core\services\feature-flag.ts
FN:10,(anonymous_0)
FN:24,(anonymous_1)
FNF:2
FNH:1
FNDA:134,(anonymous_0)
FNDA:0,(anonymous_1)
DA:1,11
DA:3,11
DA:4,11
DA:7,11
DA:8,44
DA:11,134
DA:12,134
DA:14,132
DA:16,126
DA:18,1
DA:20,5
DA:25,0
DA:26,0
LF:13
LH:11
BRDA:12,0,0,2
BRDA:12,0,1,132
BRDA:14,1,0,126
BRDA:14,1,1,1
BRDA:14,1,2,5
BRDA:26,2,0,0
BRDA:26,2,1,0
BRF:7
BRH:5
end_of_record
TN:
SF:apps\portfolio\src\app\core\services\language.ts
FN:25,(anonymous_0)
FN:25,(anonymous_1)
FN:28,(anonymous_2)
FN:43,(anonymous_3)
FN:53,(anonymous_4)
FNF:5
FNH:5
FNDA:26,(anonymous_0)
FNDA:33,(anonymous_1)
FNDA:7,(anonymous_2)
FNDA:16,(anonymous_3)
FNDA:2,(anonymous_4)
DA:1,8
DA:2,8
DA:10,8
DA:11,8
DA:14,8
DA:15,36
DA:16,36
DA:17,36
DA:19,36
DA:21,36
DA:22,36
DA:24,36
DA:25,33
DA:29,7
DA:30,7
DA:32,7
DA:33,6
DA:34,6
DA:35,6
DA:36,6
DA:37,6
DA:39,1
DA:44,16
DA:45,16
DA:47,16
DA:48,15
DA:49,15
DA:54,2
DA:55,2
LF:29
LH:29
BRDA:25,0,0,26
BRDA:25,0,1,1
BRDA:32,1,0,6
BRDA:32,1,1,1
BRDA:33,2,0,6
BRDA:33,2,1,0
BRDA:35,3,0,2
BRDA:35,3,1,4
BRDA:36,4,0,6
BRDA:36,4,1,2
BRDA:47,5,0,15
BRDA:47,5,1,1
BRDA:54,6,0,1
BRDA:54,6,1,1
BRF:14
BRH:13
end_of_record
TN:
SF:apps\portfolio\src\app\core\services\seo.ts
FN:13,(anonymous_0)
FN:17,(anonymous_1)
FN:42,(anonymous_2)
FNF:3
FNH:3
FNDA:7,(anonymous_0)
FNDA:25,(anonymous_1)
FNDA:13,(anonymous_2)
DA:1,8
DA:2,8
DA:4,8
DA:8,8
DA:9,22
DA:10,22
DA:11,22
DA:14,7
DA:18,25
DA:19,25
DA:20,25
DA:21,25
DA:22,25
DA:23,25
DA:27,25
DA:28,25
DA:29,25
DA:30,25
DA:34,25
DA:35,25
DA:39,25
DA:43,13
DA:44,13
DA:46,13
DA:47,4
DA:48,4
DA:49,4
DA:50,4
DA:53,13
LF:29
LH:29
BRDA:22,0,0,25
BRDA:22,0,1,0
BRDA:25,1,0,25
BRDA:25,1,1,0
BRDA:28,2,0,25
BRDA:28,2,1,0
BRDA:29,3,0,25
BRDA:29,3,1,0
BRDA:32,4,0,25
BRDA:32,4,1,0
BRDA:34,5,0,25
BRDA:34,5,1,0
BRDA:37,6,0,25
BRDA:37,6,1,0
BRDA:39,7,0,25
BRDA:39,7,1,0
BRDA:46,8,0,4
BRDA:46,8,1,9
BRF:18
BRH:10
end_of_record
TN:
SF:apps\portfolio\src\app\core\services\session.ts
FN:10,(anonymous_0)
FN:19,(anonymous_1)
FNF:2
FNH:2
FNDA:8,(anonymous_0)
FNDA:58,(anonymous_1)
DA:1,13
DA:4,13
DA:5,58
DA:6,58
DA:8,58
DA:11,8
DA:12,4
DA:14,4
DA:16,8
DA:20,58
DA:21,57
LF:11
LH:11
BRDA:11,0,0,4
BRDA:11,0,1,4
BRDA:20,1,0,1
BRDA:20,1,1,57
BRF:4
BRH:4
end_of_record
TN:
SF:apps\portfolio\src\app\core\services\skills.ts
FN:29,(anonymous_0)
FN:41,(anonymous_1)
FN:44,(anonymous_2)
FN:45,(anonymous_3)
FN:47,(anonymous_4)
FN:51,(anonymous_5)
FN:53,(anonymous_6)
FN:59,(anonymous_7)
FN:62,(anonymous_8)
FN:63,(anonymous_9)
FN:64,(anonymous_10)
FN:64,(anonymous_11)
FN:66,(anonymous_12)
FN:70,(anonymous_13)
FN:75,(anonymous_14)
FN:76,(anonymous_15)
FN:80,(anonymous_16)
FN:85,(anonymous_17)
FN:86,(anonymous_18)
FNF:19
FNH:11
FNDA:7,(anonymous_0)
FNDA:5,(anonymous_1)
FNDA:1,(anonymous_2)
FNDA:1,(anonymous_3)
FNDA:1,(anonymous_4)
FNDA:0,(anonymous_5)
FNDA:0,(anonymous_6)
FNDA:0,(anonymous_7)
FNDA:0,(anonymous_8)
FNDA:0,(anonymous_9)
FNDA:0,(anonymous_10)
FNDA:0,(anonymous_11)
FNDA:6,(anonymous_12)
FNDA:5,(anonymous_13)
FNDA:2,(anonymous_14)
FNDA:2,(anonymous_15)
FNDA:0,(anonymous_16)
FNDA:1,(anonymous_17)
FNDA:1,(anonymous_18)
DA:1,4
DA:4,4
DA:6,4
DA:7,4
DA:8,4
DA:11,4
DA:12,5
DA:13,5
DA:16,5
DA:18,5
DA:20,5
DA:24,5
DA:26,5
DA:27,5
DA:29,5
DA:30,7
DA:31,7
DA:40,5
DA:41,5
DA:44,5
DA:45,5
DA:46,5
DA:47,5
DA:48,1
DA:51,5
DA:52,0
DA:53,0
DA:54,0
DA:55,0
DA:56,0
DA:59,5
DA:60,0
DA:62,5
DA:63,5
DA:64,5
DA:66,5
DA:67,6
DA:68,6
DA:70,5
DA:71,5
DA:72,5
DA:76,2
DA:77,2
DA:81,0
DA:82,0
DA:86,1
LF:46
LH:38
BRDA:14,0,0,5
BRDA:14,0,1,0
BRDA:35,1,0,7
BRDA:35,1,1,1
BRDA:44,2,0,1
BRDA:44,2,1,0
BRDA:45,3,0,1
BRDA:45,3,1,0
BRDA:48,4,0,1
BRDA:48,4,1,0
BRDA:54,5,0,0
BRDA:54,5,1,0
BRDA:55,6,0,0
BRDA:55,6,1,0
BRDA:56,7,0,0
BRDA:56,7,1,0
BRDA:68,8,0,1
BRDA:68,8,1,5
BRDA:72,9,0,0
BRDA:72,9,1,5
BRF:20
BRH:9
end_of_record
TN:
SF:apps\portfolio\src\app\core\services\stats.ts
FN:17,(anonymous_0)
FN:19,(anonymous_1)
FN:21,(anonymous_2)
FNF:3
FNH:3
FNDA:3,(anonymous_0)
FNDA:1,(anonymous_1)
FNDA:1,(anonymous_2)
DA:1,5
DA:3,5
DA:4,5
DA:5,5
DA:7,5
DA:10,5
DA:11,3
DA:12,3
DA:13,3
DA:17,3
DA:19,3
DA:20,3
DA:21,3
DA:22,1
LF:14
LH:14
BRDA:14,0,0,3
BRDA:14,0,1,0
BRDA:19,1,0,1
BRDA:19,1,1,0
BRDA:22,2,0,1
BRDA:22,2,1,0
BRF:6
BRH:3
end_of_record
TN:
SF:apps\portfolio\src\app\core\services\status.ts
FN:17,(anonymous_0)
FN:19,(anonymous_1)
FN:21,(anonymous_2)
FNF:3
FNH:3
FNDA:7,(anonymous_0)
FNDA:7,(anonymous_1)
FNDA:1,(anonymous_2)
DA:1,5
DA:3,5
DA:4,5
DA:5,5
DA:7,5
DA:10,5
DA:11,7
DA:12,7
DA:13,7
DA:17,7
DA:19,7
DA:20,7
DA:21,7
DA:22,1
LF:14
LH:14
BRDA:14,0,0,7
BRDA:14,0,1,0
BRDA:19,1,0,7
BRDA:19,1,1,4
BRDA:22,2,0,1
BRDA:22,2,1,0
BRF:6
BRH:4
end_of_record
TN:
SF:apps\portfolio\src\app\core\utils\date.ts
FN:1,assertValidDate
FN:7,calculateYearsBetweenDates
FN:16,calculateDaysBetweenDates
FNF:3
FNH:3
FNDA:22,assertValidDate
FNDA:6,calculateYearsBetweenDates
FNDA:6,calculateDaysBetweenDates
DA:2,22
DA:3,2
DA:7,1
DA:8,6
DA:9,5
DA:11,5
DA:12,5
DA:13,5
DA:16,1
DA:17,6
DA:18,5
DA:20,5
DA:21,5
DA:22,5
LF:14
LH:14
BRDA:2,0,0,2
BRDA:2,0,1,20
BRDA:7,1,0,1
BRDA:16,2,0,1
BRF:4
BRH:4
end_of_record
TN:
SF:apps\portfolio\src\app\core\utils\navigation.ts
FN:1,navScrollTo
FN:9,(anonymous_1)
FNF:2
FNH:2
FNDA:6,navScrollTo
FNDA:3,(anonymous_1)
DA:1,8
DA:2,6
DA:4,3
DA:5,3
DA:6,3
DA:7,3
DA:9,3
DA:10,3
DA:11,3
DA:12,3
DA:14,3
DA:16,3
DA:17,1
DA:21,3
LF:14
LH:14
BRDA:2,0,0,3
BRDA:2,0,1,3
BRDA:12,1,0,1
BRDA:12,1,1,2
BRDA:16,2,0,1
BRDA:16,2,1,2
BRF:6
BRH:6
end_of_record
TN:
SF:apps\portfolio\src\app\features\ai\components\chat-cv\chat-cv.ts
FN:40,(anonymous_0)
FN:45,(anonymous_1)
FN:63,(anonymous_2)
FN:67,(anonymous_3)
FN:72,(anonymous_4)
FN:78,(anonymous_5)
FN:80,(anonymous_6)
FN:84,(anonymous_7)
FN:91,(anonymous_8)
FN:98,(anonymous_9)
FN:104,(anonymous_10)
FN:105,(anonymous_11)
FNF:12
FNH:12
FNDA:14,(anonymous_0)
FNDA:11,(anonymous_1)
FNDA:1,(anonymous_2)
FNDA:4,(anonymous_3)
FNDA:3,(anonymous_4)
FNDA:2,(anonymous_5)
FNDA:2,(anonymous_6)
FNDA:1,(anonymous_7)
FNDA:1,(anonymous_8)
FNDA:3,(anonymous_9)
FNDA:14,(anonymous_10)
FNDA:1,(anonymous_11)
DA:1,2
DA:10,2
DA:12,2
DA:13,2
DA:14,2
DA:16,2
DA:25,2
DA:26,14
DA:27,14
DA:28,14
DA:29,14
DA:33,14
DA:34,14
DA:35,14
DA:36,14
DA:38,14
DA:41,14
DA:42,11
DA:46,11
DA:47,11
DA:49,11
DA:64,1
DA:68,4
DA:69,4
DA:71,3
DA:72,3
DA:73,3
DA:74,3
DA:75,3
DA:77,3
DA:79,2
DA:80,2
DA:81,2
DA:82,2
DA:85,1
DA:86,1
DA:92,1
DA:93,1
DA:94,1
DA:99,3
DA:100,2
DA:101,2
DA:105,14
DA:106,14
LF:44
LH:44
BRDA:41,0,0,3
BRDA:41,0,1,11
BRDA:69,1,0,1
BRDA:69,1,1,3
BRDA:69,2,0,4
BRDA:69,2,1,3
BRDA:92,3,0,1
BRDA:92,3,1,0
BRDA:92,4,0,1
BRDA:92,4,1,1
BRDA:99,5,0,1
BRDA:99,5,1,2
BRF:12
BRH:11
end_of_record
TN:
SF:apps\portfolio\src\app\features\ai\components\chat-message\chat-message.ts
FNF:0
FNH:0
DA:1,4
DA:11,4
DA:12,3
LF:3
LH:3
BRF:0
BRH:0
end_of_record
TN:
SF:apps\portfolio\src\app\features\ai\components\contact-assistant\contact-assistant.ts
FN:40,(anonymous_0)
FN:56,(anonymous_1)
FN:59,(anonymous_2)
FN:63,(anonymous_3)
FN:68,(anonymous_4)
FN:74,(anonymous_5)
FN:75,(anonymous_6)
FN:79,(anonymous_7)
FN:86,(anonymous_8)
FN:93,(anonymous_9)
FN:99,(anonymous_10)
FN:100,(anonymous_11)
FNF:12
FNH:12
FNDA:14,(anonymous_0)
FNDA:11,(anonymous_1)
FNDA:1,(anonymous_2)
FNDA:4,(anonymous_3)
FNDA:3,(anonymous_4)
FNDA:2,(anonymous_5)
FNDA:2,(anonymous_6)
FNDA:1,(anonymous_7)
FNDA:1,(anonymous_8)
FNDA:3,(anonymous_9)
FNDA:14,(anonymous_10)
FNDA:11,(anonymous_11)
DA:1,2
DA:10,2
DA:12,2
DA:13,2
DA:14,2
DA:16,2
DA:25,2
DA:26,14
DA:27,14
DA:28,14
DA:29,14
DA:33,14
DA:34,14
DA:35,14
DA:36,14
DA:38,14
DA:41,14
DA:42,11
DA:43,11
DA:55,11
DA:56,11
DA:60,1
DA:64,4
DA:65,4
DA:67,3
DA:68,3
DA:69,3
DA:70,3
DA:71,3
DA:73,3
DA:75,2
DA:76,2
DA:77,2
DA:80,1
DA:81,1
DA:87,1
DA:88,1
DA:89,1
DA:94,3
DA:95,2
DA:96,2
DA:100,14
DA:101,14
LF:43
LH:43
BRDA:41,0,0,3
BRDA:41,0,1,11
BRDA:55,1,0,11
BRDA:55,1,1,0
BRDA:65,2,0,1
BRDA:65,2,1,3
BRDA:65,3,0,4
BRDA:65,3,1,3
BRDA:87,4,0,1
BRDA:87,4,1,0
BRDA:87,5,0,1
BRDA:87,5,1,1
BRDA:94,6,0,1
BRDA:94,6,1,2
BRF:14
BRH:12
end_of_record
TN:
SF:apps\portfolio\src\app\features\ai\components\cover-letter\cover-letter.ts
FN:32,(anonymous_0)
FN:48,(anonymous_1)
FN:51,(anonymous_2)
FN:65,(anonymous_3)
FN:69,(anonymous_4)
FN:76,(anonymous_5)
FN:78,(anonymous_6)
FN:80,(anonymous_7)
FN:84,(anonymous_8)
FN:85,(anonymous_9)
FNF:10
FNH:10
FNDA:14,(anonymous_0)
FNDA:11,(anonymous_1)
FNDA:4,(anonymous_2)
FNDA:2,(anonymous_3)
FNDA:1,(anonymous_4)
FNDA:2,(anonymous_5)
FNDA:1,(anonymous_6)
FNDA:1,(anonymous_7)
FNDA:14,(anonymous_8)
FNDA:11,(anonymous_9)
DA:1,2
DA:2,2
DA:4,2
DA:5,2
DA:6,2
DA:16,2
DA:17,14
DA:18,14
DA:19,14
DA:20,14
DA:22,14
DA:23,14
DA:24,14
DA:25,14
DA:26,14
DA:27,14
DA:28,14
DA:30,14
DA:33,14
DA:34,11
DA:35,11
DA:47,11
DA:48,11
DA:52,4
DA:54,3
DA:60,3
DA:61,3
DA:62,3
DA:64,3
DA:66,2
DA:67,2
DA:70,1
DA:71,1
DA:77,2
DA:78,1
DA:79,1
DA:80,1
DA:85,14
DA:86,14
LF:39
LH:39
BRDA:33,0,0,3
BRDA:33,0,1,11
BRDA:47,1,0,11
BRDA:47,1,1,0
BRDA:52,2,0,1
BRDA:52,2,1,3
BRDA:52,3,0,4
BRDA:52,3,1,3
BRDA:52,3,2,3
BRDA:57,4,0,3
BRDA:57,4,1,1
BRDA:77,5,0,1
BRDA:77,5,1,1
BRF:13
BRH:12
end_of_record
TN:
SF:apps\portfolio\src\app\features\experience\experience.ts
FN:43,(anonymous_0)
FN:44,(anonymous_1)
FN:51,(anonymous_2)
FN:61,(anonymous_3)
FN:64,(anonymous_4)
FN:82,(anonymous_5)
FN:87,(anonymous_6)
FN:88,(anonymous_7)
FN:91,(anonymous_8)
FN:95,(anonymous_9)
FN:96,(anonymous_10)
FNF:11
FNH:11
FNDA:8,(anonymous_0)
FNDA:16,(anonymous_1)
FNDA:8,(anonymous_2)
FNDA:9,(anonymous_3)
FNDA:90,(anonymous_4)
FNDA:90,(anonymous_5)
FNDA:2,(anonymous_6)
FNDA:2,(anonymous_7)
FNDA:43,(anonymous_8)
FNDA:8,(anonymous_9)
FNDA:90,(anonymous_10)
DA:1,2
DA:13,2
DA:15,2
DA:16,2
DA:17,2
DA:18,2
DA:19,2
DA:27,2
DA:28,8
DA:29,8
DA:30,8
DA:31,8
DA:33,8
DA:34,8
DA:35,8
DA:36,8
DA:38,8
DA:39,8
DA:44,8
DA:45,16
DA:46,16
DA:48,16
DA:49,8
DA:50,8
DA:52,8
DA:53,7
DA:62,9
DA:64,9
DA:65,90
DA:66,90
DA:81,90
DA:82,90
DA:88,2
DA:92,43
DA:96,90
LF:35
LH:35
BRDA:48,0,0,8
BRDA:48,0,1,8
BRDA:48,1,0,16
BRDA:48,1,1,16
BRDA:48,1,2,16
BRDA:52,2,0,1
BRDA:52,2,1,7
BRDA:81,3,0,90
BRDA:81,3,1,0
BRDA:88,4,0,1
BRDA:88,4,1,1
BRDA:92,5,0,26
BRDA:92,5,1,17
BRF:13
BRH:12
end_of_record
TN:
SF:apps\portfolio\src\app\features\experience\components\experience-card\experience-card.ts
FN:26,(anonymous_0)
FN:30,(anonymous_1)
FN:34,(anonymous_2)
FN:38,(anonymous_3)
FNF:4
FNH:4
FNDA:83,(anonymous_0)
FNDA:1,(anonymous_1)
FNDA:1,(anonymous_2)
FNDA:312,(anonymous_3)
DA:1,3
DA:3,3
DA:4,3
DA:5,3
DA:7,3
DA:8,3
DA:16,3
DA:17,83
DA:19,83
DA:20,83
DA:21,83
DA:22,83
DA:23,83
DA:24,83
DA:27,83
DA:31,1
DA:35,1
DA:39,312
LF:18
LH:18
BRF:0
BRH:0
end_of_record
TN:
SF:apps\portfolio\src\app\features\hero\hero.ts
FNF:0
FNH:0
DA:1,2
DA:3,2
DA:4,2
DA:5,2
DA:6,2
DA:14,2
DA:15,3
DA:16,3
LF:8
LH:8
BRF:0
BRH:0
end_of_record
TN:
SF:apps\portfolio\src\app\features\hero\components\hero-avatar\hero-avatar.ts
FNF:0
FNH:0
DA:1,4
DA:9,4
DA:10,15
DA:11,15
LF:4
LH:4
BRF:0
BRH:0
end_of_record
TN:
SF:apps\portfolio\src\app\features\hero\components\hero-intro\hero-intro.ts
FN:37,(anonymous_0)
FN:41,(anonymous_1)
FN:43,(anonymous_2)
FN:57,(anonymous_3)
FN:64,(anonymous_4)
FNF:5
FNH:5
FNDA:13,(anonymous_0)
FNDA:12,(anonymous_1)
FNDA:72,(anonymous_2)
FNDA:2,(anonymous_3)
FNDA:3,(anonymous_4)
DA:1,3
DA:11,3
DA:13,3
DA:14,3
DA:15,3
DA:16,3
DA:17,3
DA:18,3
DA:27,3
DA:28,13
DA:29,13
DA:30,13
DA:31,13
DA:33,13
DA:38,13
DA:40,12
DA:42,12
DA:43,72
DA:45,12
DA:58,2
DA:59,2
DA:60,2
DA:65,3
DA:66,2
LF:24
LH:24
BRDA:38,0,0,1
BRDA:38,0,1,12
BRDA:58,1,0,2
BRDA:58,1,1,0
BRDA:65,2,0,2
BRDA:65,2,1,1
BRF:6
BRH:5
end_of_record
TN:
SF:apps\portfolio\src\app\features\hero\components\stat-counter\stat-counter.ts
FN:27,(anonymous_0)
FN:28,(anonymous_1)
FN:35,(anonymous_2)
FN:46,(anonymous_3)
FN:47,(anonymous_4)
FN:50,(anonymous_5)
FN:53,(anonymous_6)
FNF:7
FNH:7
FNDA:4,(anonymous_0)
FNDA:4,(anonymous_1)
FNDA:3,(anonymous_2)
FNDA:6,(anonymous_3)
FNDA:3,(anonymous_4)
FNDA:3,(anonymous_5)
FNDA:4,(anonymous_6)
DA:1,4
DA:2,4
DA:4,4
DA:13,4
DA:14,4
DA:15,4
DA:16,4
DA:18,4
DA:19,4
DA:20,4
DA:21,4
DA:22,4
DA:23,4
DA:25,4
DA:28,4
DA:29,4
DA:30,3
DA:36,3
DA:37,3
DA:38,3
DA:40,3
DA:41,3
DA:46,6
DA:47,3
DA:50,3
DA:54,4
LF:26
LH:26
BRDA:29,0,0,3
BRDA:29,0,1,1
BRF:2
BRH:2
end_of_record
TN:
SF:apps\portfolio\src\app\features\hero\hero-stat-counter\hero-stat-counter.ts
FN:20,(anonymous_0)
FNF:1
FNH:1
FNDA:5,(anonymous_0)
DA:1,3
DA:2,3
DA:4,3
DA:5,3
DA:13,3
DA:14,5
DA:15,5
DA:17,5
DA:18,5
DA:21,5
DA:23,4
LF:11
LH:11
BRDA:21,0,0,1
BRDA:21,0,1,4
BRF:2
BRH:2
end_of_record
TN:
SF:apps\portfolio\src\app\features\skills\skills.ts
FN:62,(anonymous_0)
FN:63,(anonymous_1)
FN:70,(anonymous_2)
FN:73,(anonymous_3)
FN:84,(anonymous_4)
FN:86,(anonymous_5)
FN:89,(anonymous_6)
FN:111,(anonymous_7)
FN:115,(anonymous_8)
FN:116,(anonymous_9)
FN:118,(anonymous_10)
FN:123,(anonymous_11)
FN:129,(anonymous_12)
FN:133,(anonymous_13)
FN:138,(anonymous_14)
FN:142,(anonymous_15)
FN:143,(anonymous_16)
FNF:17
FNH:17
FNDA:26,(anonymous_0)
FNDA:33,(anonymous_1)
FNDA:33,(anonymous_2)
FNDA:30,(anonymous_3)
FNDA:26,(anonymous_4)
FNDA:25,(anonymous_5)
FNDA:56,(anonymous_6)
FNDA:1,(anonymous_7)
FNDA:24,(anonymous_8)
FNDA:1,(anonymous_9)
FNDA:24,(anonymous_10)
FNDA:1,(anonymous_11)
FNDA:54,(anonymous_12)
FNDA:2,(anonymous_13)
FNDA:1,(anonymous_14)
FNDA:26,(anonymous_15)
FNDA:50,(anonymous_16)
DA:1,2
DA:13,2
DA:15,2
DA:16,2
DA:18,2
DA:19,2
DA:20,2
DA:21,2
DA:22,2
DA:23,2
DA:39,2
DA:40,26
DA:41,26
DA:42,26
DA:43,26
DA:44,26
DA:46,26
DA:47,26
DA:48,26
DA:49,26
DA:50,26
DA:51,26
DA:52,26
DA:53,26
DA:54,26
DA:55,26
DA:57,26
DA:59,26
DA:60,26
DA:63,26
DA:64,33
DA:66,33
DA:67,33
DA:70,33
DA:71,33
DA:72,30
DA:74,30
DA:75,29
DA:85,26
DA:86,25
DA:90,56
DA:91,56
DA:94,56
DA:96,56
DA:98,54
DA:100,54
DA:112,1
DA:113,1
DA:115,24
DA:116,1
DA:117,1
DA:118,24
DA:119,1
DA:124,1
DA:128,54
DA:129,54
DA:134,2
DA:135,2
DA:139,1
DA:143,50
DA:144,26
LF:61
LH:61
BRDA:66,0,0,33
BRDA:66,0,1,0
BRDA:71,1,0,30
BRDA:71,1,1,3
BRDA:71,2,0,33
BRDA:71,2,1,33
BRDA:74,3,0,29
BRDA:74,3,1,1
BRDA:85,4,0,1
BRDA:85,4,1,25
BRDA:96,5,0,2
BRDA:96,5,1,54
BRDA:128,6,0,54
BRDA:128,6,1,0
BRF:14
BRH:12
end_of_record
TN:
SF:apps\portfolio\src\app\features\skills\components\skill-card\skill-card.ts
FN:23,(anonymous_0)
FN:24,(anonymous_1)
FN:26,(anonymous_2)
FN:30,(anonymous_3)
FN:34,(anonymous_4)
FN:35,(anonymous_5)
FNF:6
FNH:6
FNDA:654,(anonymous_0)
FNDA:654,(anonymous_1)
FNDA:2,(anonymous_2)
FNDA:1,(anonymous_3)
FNDA:654,(anonymous_4)
FNDA:540,(anonymous_5)
DA:1,5
DA:3,5
DA:4,5
DA:5,5
DA:7,5
DA:18,5
DA:19,654
DA:20,654
DA:21,654
DA:23,654
DA:24,654
DA:26,654
DA:27,2
DA:30,654
DA:34,654
DA:35,654
LF:16
LH:16
BRDA:27,0,0,1
BRDA:27,0,1,1
BRF:2
BRH:2
end_of_record
TN:
SF:apps\portfolio\src\app\features\skills\components\skill-filter\skill-filter.ts
FN:21,(anonymous_0)
FN:24,(anonymous_1)
FN:26,(anonymous_2)
FN:30,(anonymous_3)
FN:37,(anonymous_4)
FN:41,(anonymous_5)
FNF:6
FNH:6
FNDA:43,(anonymous_0)
FNDA:50,(anonymous_1)
FNDA:1294,(anonymous_2)
FNDA:4,(anonymous_3)
FNDA:2,(anonymous_4)
FNDA:2,(anonymous_5)
DA:1,3
DA:2,3
DA:5,3
DA:16,3
DA:17,43
DA:18,43
DA:19,43
DA:21,43
DA:22,43
DA:24,50
DA:27,1294
DA:31,4
DA:32,4
DA:33,2
DA:38,2
DA:42,2
LF:16
LH:16
BRDA:32,0,0,2
BRDA:32,0,1,2
BRF:2
BRH:2
end_of_record
TN:
SF:apps\portfolio\src\app\layout\ask-me-fab\ask-me-fab.ts
FN:30,(anonymous_0)
FN:36,(anonymous_1)
FN:50,(anonymous_2)
FN:57,(anonymous_3)
FN:61,(anonymous_4)
FN:66,(anonymous_5)
FN:72,(anonymous_6)
FN:73,(anonymous_7)
FN:76,(anonymous_8)
FN:83,(anonymous_9)
FN:90,(anonymous_10)
FNF:11
FNH:11
FNDA:10,(anonymous_0)
FNDA:2,(anonymous_1)
FNDA:1,(anonymous_2)
FNDA:1,(anonymous_3)
FNDA:5,(anonymous_4)
FNDA:3,(anonymous_5)
FNDA:2,(anonymous_6)
FNDA:2,(anonymous_7)
FNDA:1,(anonymous_8)
FNDA:1,(anonymous_9)
FNDA:9,(anonymous_10)
DA:1,2
DA:2,2
DA:4,2
DA:5,2
DA:6,2
DA:16,2
DA:17,9
DA:18,9
DA:19,9
DA:20,9
DA:22,9
DA:23,9
DA:24,9
DA:25,9
DA:26,9
DA:31,10
DA:32,9
DA:33,9
DA:37,2
DA:38,2
DA:39,2
DA:41,2
DA:42,1
DA:43,1
DA:45,1
DA:51,1
DA:58,1
DA:62,5
DA:63,5
DA:65,3
DA:66,3
DA:67,3
DA:68,3
DA:69,3
DA:71,3
DA:73,2
DA:74,2
DA:77,1
DA:78,1
DA:84,1
DA:85,1
DA:86,1
DA:91,9
LF:43
LH:43
BRDA:31,0,0,1
BRDA:31,0,1,9
BRDA:41,1,0,1
BRDA:41,1,1,1
BRDA:63,2,0,2
BRDA:63,2,1,3
BRDA:63,3,0,5
BRDA:63,3,1,4
BRDA:84,4,0,1
BRDA:84,4,1,0
BRDA:84,5,0,1
BRDA:84,5,1,1
BRF:12
BRH:11
end_of_record
TN:
SF:apps\portfolio\src\app\layout\footer\footer.ts
FNF:0
FNH:0
DA:1,2
DA:3,2
DA:4,2
DA:5,2
DA:6,2
DA:7,2
DA:20,2
DA:21,7
DA:22,7
DA:23,7
LF:10
LH:10
BRF:0
BRH:0
end_of_record
TN:
SF:apps\portfolio\src\app\layout\footer\components\footer-contact\footer-contact.ts
FNF:0
FNH:0
DA:1,3
DA:2,3
DA:3,3
DA:11,3
LF:4
LH:4
BRF:0
BRH:0
end_of_record
TN:
SF:apps\portfolio\src\app\layout\footer\components\footer-copyright\footer-copyright.ts
FNF:0
FNH:0
DA:1,2
DA:3,2
DA:4,2
DA:12,2
DA:13,7
LF:5
LH:5
BRF:0
BRH:0
end_of_record
TN:
SF:apps\portfolio\src\app\layout\footer\components\footer-information\footer-information.ts
FNF:0
FNH:0
DA:1,3
DA:3,3
DA:4,3
DA:5,3
DA:6,3
DA:7,3
DA:8,3
DA:16,3
DA:17,11
DA:19,11
DA:20,11
LF:11
LH:11
BRF:0
BRH:0
end_of_record
TN:
SF:apps\portfolio\src\app\layout\footer\components\footer-links\footer-links.ts
FNF:0
FNH:0
DA:1,3
DA:2,3
DA:3,3
DA:11,3
LF:4
LH:4
BRF:0
BRH:0
end_of_record
TN:
SF:apps\portfolio\src\app\layout\go-to-top\go-to-top.ts
FN:19,(anonymous_0)
FN:24,(anonymous_1)
FN:27,(anonymous_2)
FN:30,(anonymous_3)
FNF:4
FNH:4
FNDA:9,(anonymous_0)
FNDA:2,(anonymous_1)
FNDA:2,(anonymous_2)
FNDA:2,(anonymous_3)
DA:1,2
DA:2,2
DA:3,2
DA:5,2
DA:6,2
DA:14,2
DA:15,9
DA:17,9
DA:20,9
DA:21,8
DA:24,2
DA:27,2
DA:31,2
DA:33,1
LF:14
LH:14
BRDA:20,0,0,1
BRDA:20,0,1,8
BRDA:31,1,0,1
BRDA:31,1,1,1
BRF:4
BRH:4
end_of_record
TN:
SF:apps\portfolio\src\app\layout\header\header.ts
FNF:0
FNH:0
DA:1,2
DA:8,2
DA:9,2
DA:10,2
DA:11,2
DA:12,2
DA:13,2
DA:14,2
DA:15,2
DA:31,2
DA:32,12
DA:33,12
DA:34,12
DA:35,12
LF:14
LH:14
BRF:0
BRH:0
end_of_record
TN:
SF:apps\portfolio\src\app\layout\header\components\header-hamburger\header-hamburger.ts
FN:34,(anonymous_0)
FN:38,(anonymous_1)
FN:46,(anonymous_2)
FN:61,(anonymous_3)
FN:66,(anonymous_4)
FN:82,(anonymous_5)
FN:91,(anonymous_6)
FN:95,(anonymous_7)
FNF:8
FNH:8
FNDA:26,(anonymous_0)
FNDA:8,(anonymous_1)
FNDA:7,(anonymous_2)
FNDA:26,(anonymous_3)
FNDA:5,(anonymous_4)
FNDA:3,(anonymous_5)
FNDA:2,(anonymous_6)
FNDA:1,(anonymous_7)
DA:1,3
DA:10,3
DA:12,3
DA:13,3
DA:14,3
DA:15,3
DA:16,3
DA:17,3
DA:25,3
DA:26,26
DA:27,26
DA:28,26
DA:29,26
DA:31,26
DA:32,26
DA:35,26
DA:39,8
DA:40,8
DA:42,7
DA:43,7
DA:45,7
DA:47,7
DA:48,7
DA:49,7
DA:51,1
DA:62,26
DA:63,26
DA:67,5
DA:69,4
DA:70,4
DA:72,4
DA:74,3
DA:83,3
DA:84,3
DA:85,3
DA:92,2
DA:96,1
LF:37
LH:37
BRDA:40,0,0,1
BRDA:40,0,1,7
BRDA:49,1,0,6
BRDA:49,1,1,1
BRDA:67,2,0,1
BRDA:67,2,1,4
BRDA:72,3,0,1
BRDA:72,3,1,3
BRDA:92,4,0,1
BRDA:92,4,1,1
BRF:10
BRH:10
end_of_record
TN:
SF:apps\portfolio\src\app\layout\header\components\header-nav\header-nav.ts
FN:25,(anonymous_0)
FN:33,(anonymous_1)
FN:34,(anonymous_2)
FNF:3
FNH:3
FNDA:4,(anonymous_0)
FNDA:1,(anonymous_1)
FNDA:1,(anonymous_2)
DA:1,4
DA:2,4
DA:3,4
DA:5,4
DA:6,4
DA:7,4
DA:15,4
DA:16,27
DA:17,27
DA:19,27
DA:20,27
DA:22,27
DA:23,27
DA:26,4
DA:28,3
DA:30,3
DA:31,2
DA:33,1
DA:34,1
DA:35,1
DA:40,3
LF:21
LH:21
BRDA:26,0,0,1
BRDA:26,0,1,3
BRDA:30,1,0,2
BRDA:30,1,1,1
BRF:4
BRH:4
end_of_record
TN:
SF:apps\portfolio\src\app\layout\scroll-progress\scroll-progress.ts
FN:31,(anonymous_0)
FN:35,(anonymous_1)
FN:54,(anonymous_2)
FN:66,(anonymous_3)
FNF:4
FNH:4
FNDA:8,(anonymous_0)
FNDA:7,(anonymous_1)
FNDA:1,(anonymous_2)
FNDA:10,(anonymous_3)
DA:1,2
DA:11,2
DA:21,2
DA:22,9
DA:23,9
DA:24,9
DA:27,9
DA:32,8
DA:34,7
DA:36,7
DA:38,7
DA:50,7
DA:52,7
DA:53,7
DA:54,3
DA:55,1
DA:56,1
DA:59,3
DA:67,10
DA:68,4
DA:70,10
DA:71,8
LF:22
LH:22
BRDA:32,0,0,1
BRDA:32,0,1,7
BRDA:52,1,0,3
BRDA:52,1,1,4
BRDA:53,2,0,3
BRDA:53,2,1,4
BRDA:55,3,0,1
BRDA:55,3,1,0
BRDA:67,4,0,4
BRDA:67,4,1,6
BRDA:70,5,0,8
BRDA:70,5,1,2
BRF:12
BRH:11
end_of_record
TN:
SF:apps\portfolio\src\app\not-pages\ai\ai.ts
FN:20,(anonymous_0)
FNF:1
FNH:1
FNDA:3,(anonymous_0)
DA:1,1
DA:2,1
DA:4,1
DA:5,1
DA:6,1
DA:7,1
DA:8,1
DA:17,1
DA:18,2
DA:21,3
DA:22,3
LF:11
LH:11
BRF:0
BRH:0
end_of_record
TN:
SF:apps\portfolio\src\app\pages\about-me\about-me.ts
FN:33,(anonymous_0)
FN:38,(anonymous_1)
FN:42,(anonymous_2)
FN:44,(anonymous_3)
FNF:4
FNH:4
FNDA:5,(anonymous_0)
FNDA:5,(anonymous_1)
FNDA:4,(anonymous_2)
FNDA:40,(anonymous_3)
DA:1,1
DA:12,1
DA:13,1
DA:15,1
DA:16,1
DA:17,1
DA:25,1
DA:26,5
DA:27,5
DA:28,5
DA:29,5
DA:34,5
DA:35,5
DA:39,5
DA:41,4
DA:43,4
DA:44,40
DA:46,4
LF:18
LH:18
BRDA:39,0,0,1
BRDA:39,0,1,4
BRF:2
BRH:2
end_of_record
TN:
SF:apps\portfolio\src\app\pages\contact\contact.ts
FN:66,(anonymous_0)
FN:80,(anonymous_1)
FN:85,(anonymous_2)
FN:89,(anonymous_3)
FN:91,(anonymous_4)
FN:105,(anonymous_5)
FN:112,(anonymous_6)
FN:113,(anonymous_7)
FNF:8
FNH:6
FNDA:11,(anonymous_0)
FNDA:11,(anonymous_1)
FNDA:11,(anonymous_2)
FNDA:0,(anonymous_3)
FNDA:0,(anonymous_4)
FNDA:5,(anonymous_5)
FNDA:3,(anonymous_6)
FNDA:3,(anonymous_7)
DA:1,1
DA:13,1
DA:14,1
DA:15,1
DA:16,1
DA:17,1
DA:18,1
DA:19,1
DA:20,1
DA:21,1
DA:22,1
DA:23,1
DA:47,1
DA:48,11
DA:49,11
DA:50,11
DA:51,11
DA:52,11
DA:53,11
DA:57,11
DA:59,11
DA:66,11
DA:67,11
DA:68,11
DA:70,11
DA:71,11
DA:73,11
DA:74,11
DA:76,11
DA:77,11
DA:81,11
DA:82,11
DA:86,11
DA:88,0
DA:90,0
DA:91,0
DA:93,0
DA:106,5
DA:108,5
DA:109,1
DA:112,4
DA:113,6
DA:115,3
DA:116,3
DA:117,3
DA:119,3
DA:127,3
DA:128,3
DA:130,2
DA:131,2
DA:132,2
DA:135,1
DA:141,1
LF:53
LH:49
BRDA:86,0,0,11
BRDA:86,0,1,0
BRDA:108,1,0,1
BRDA:108,1,1,4
BRDA:135,2,0,0
BRDA:135,2,1,1
BRDA:137,3,0,1
BRDA:137,3,1,0
BRF:8
BRH:5
end_of_record
TN:
SF:apps\portfolio\src\app\pages\error404\error404.ts
FN:25,(anonymous_0)
FN:29,(anonymous_1)
FN:48,(anonymous_2)
FN:53,(anonymous_3)
FNF:4
FNH:4
FNDA:6,(anonymous_0)
FNDA:3,(anonymous_1)
FNDA:2,(anonymous_2)
FNDA:2,(anonymous_3)
DA:1,1
DA:2,1
DA:4,1
DA:12,1
DA:13,6
DA:14,6
DA:15,6
DA:17,6
DA:18,6
DA:26,6
DA:30,3
DA:32,2
DA:33,2
DA:35,2
DA:49,2
DA:54,2
LF:16
LH:16
BRDA:30,0,0,1
BRDA:30,0,1,2
BRF:2
BRH:2
end_of_record
TN:
SF:apps\portfolio\src\app\pages\lab\lab.ts
FN:24,(anonymous_0)
FN:27,(anonymous_1)
FN:46,(anonymous_2)
FN:49,(anonymous_3)
FNF:4
FNH:0
FNDA:0,(anonymous_0)
FNDA:0,(anonymous_1)
FNDA:0,(anonymous_2)
FNDA:0,(anonymous_3)
DA:1,0
DA:2,0
DA:4,0
DA:5,0
DA:7,0
DA:8,0
DA:9,0
DA:10,0
DA:11,0
DA:19,0
DA:20,0
DA:21,0
DA:23,0
DA:24,0
DA:28,0
DA:29,0
DA:30,0
DA:32,0
DA:33,0
DA:38,0
DA:43,0
DA:46,0
DA:50,0
LF:23
LH:0
BRF:0
BRH:0
end_of_record
TN:
SF:apps\portfolio\src\app\pages\lab-detail\lab-detail.ts
FN:34,(anonymous_0)
FN:41,(anonymous_1)
FNF:2
FNH:2
FNDA:1,(anonymous_0)
FNDA:1,(anonymous_1)
DA:1,1
DA:2,1
DA:3,1
DA:4,1
DA:5,1
DA:6,1
DA:14,1
DA:15,1
DA:23,1
DA:24,1
DA:25,1
DA:26,1
DA:27,1
DA:28,1
DA:29,1
DA:32,1
DA:34,1
DA:35,1
DA:36,1
DA:39,1
DA:42,1
DA:43,1
DA:45,1
DA:46,1
DA:48,0
DA:53,0
LF:26
LH:24
BRDA:36,0,0,0
BRDA:36,0,1,1
BRDA:46,1,0,1
BRDA:46,1,1,0
BRF:4
BRH:2
end_of_record
TN:
SF:apps\portfolio\src\app\pages\lab\components\lab-card\lab-card.ts
FN:19,(anonymous_0)
FNF:1
FNH:0
FNDA:0,(anonymous_0)
DA:1,0
DA:3,0
DA:4,0
DA:12,0
DA:13,0
DA:14,0
DA:15,0
DA:16,0
DA:17,0
DA:20,0
LF:10
LH:0
BRDA:20,0,0,0
BRDA:20,0,1,0
BRF:2
BRH:0
end_of_record
TN:
SF:apps\portfolio\src\app\pages\legal\legal.ts
FN:17,(anonymous_0)
FNF:1
FNH:1
FNDA:3,(anonymous_0)
DA:1,1
DA:2,1
DA:4,1
DA:5,1
DA:6,1
DA:14,1
DA:15,3
DA:18,3
DA:19,3
LF:9
LH:9
BRF:0
BRH:0
end_of_record
TN:
SF:apps\portfolio\src\app\pages\portfolio\portfolio.ts
FN:28,(anonymous_0)
FNF:1
FNH:1
FNDA:2,(anonymous_0)
DA:1,1
DA:2,1
DA:4,1
DA:5,1
DA:6,1
DA:7,1
DA:8,1
DA:9,1
DA:10,1
DA:11,1
DA:19,1
DA:20,2
DA:21,2
DA:23,2
DA:24,2
DA:25,2
DA:26,2
DA:29,2
LF:18
LH:18
BRF:0
BRH:0
end_of_record
TN:
SF:apps\portfolio\src\app\shared\components\error\error.ts
FNF:0
FNH:0
DA:1,4
DA:3,4
DA:11,4
DA:12,46
LF:4
LH:4
BRF:0
BRH:0
end_of_record
TN:
SF:apps\portfolio\src\app\shared\components\icon\icon.ts
FNF:0
FNH:0
DA:1,10
DA:24,10
DA:25,188
DA:26,188
LF:4
LH:4
BRF:0
BRH:0
end_of_record
TN:
SF:apps\portfolio\src\app\shared\components\language-switcher\language-switcher.ts
FN:17,(anonymous_0)
FN:18,(anonymous_1)
FN:20,(anonymous_2)
FN:24,(anonymous_3)
FN:25,(anonymous_4)
FN:28,(anonymous_5)
FN:32,(anonymous_6)
FN:38,(anonymous_7)
FNF:8
FNH:8
FNDA:25,(anonymous_0)
FNDA:7,(anonymous_1)
FNDA:14,(anonymous_2)
FNDA:7,(anonymous_3)
FNDA:7,(anonymous_4)
FNDA:4,(anonymous_5)
FNDA:3,(anonymous_6)
FNDA:2,(anonymous_7)
DA:1,3
DA:4,3
DA:13,3
DA:14,23
DA:16,23
DA:17,25
DA:18,23
DA:19,7
DA:20,14
DA:25,7
DA:29,4
DA:33,3
DA:34,3
DA:39,2
DA:40,2
DA:41,1
LF:16
LH:16
BRDA:40,0,0,1
BRDA:40,0,1,1
BRF:2
BRH:2
end_of_record
TN:
SF:apps\portfolio\src\app\shared\components\logo\logo.ts
FNF:0
FNH:0
DA:1,5
DA:2,5
DA:10,5
LF:3
LH:3
BRF:0
BRH:0
end_of_record
TN:
SF:apps\portfolio\src\app\shared\components\skill-badge\skill-badge.ts
FN:20,(anonymous_0)
FNF:1
FNH:1
FNDA:5,(anonymous_0)
DA:1,1
DA:3,1
DA:16,1
DA:17,5
DA:18,5
DA:20,5
DA:21,5
DA:22,5
DA:23,2
DA:24,1
LF:10
LH:10
BRDA:22,0,0,3
BRDA:22,0,1,2
BRDA:23,1,0,1
BRDA:23,1,1,1
BRF:4
BRH:4
end_of_record
TN:
SF:apps\portfolio\src\app\shared\components\status-dot\status-dot.ts
FN:22,(anonymous_0)
FN:23,(anonymous_1)
FNF:2
FNH:2
FNDA:17,(anonymous_0)
FNDA:19,(anonymous_1)
DA:1,4
DA:2,4
DA:16,4
DA:17,17
DA:19,17
DA:20,17
DA:23,17
DA:24,19
DA:26,19
DA:27,3
DA:28,3
DA:30,16
DA:31,16
LF:13
LH:13
BRDA:26,0,0,3
BRDA:26,0,1,16
BRF:2
BRH:2
end_of_record
TN:
SF:apps\portfolio\src\app\shared\directives\feature-flag.ts
FN:16,(anonymous_0)
FN:17,(anonymous_1)
FNF:2
FNH:2
FNDA:130,(anonymous_0)
FNDA:130,(anonymous_1)
DA:1,9
DA:3,9
DA:9,9
DA:10,130
DA:12,130
DA:13,130
DA:14,130
DA:17,130
DA:18,130
DA:19,130
DA:20,130
DA:21,125
LF:12
LH:12
BRDA:20,0,0,125
BRDA:20,0,1,5
BRF:2
BRH:2
end_of_record
TN:
SF:apps\portfolio\src\app\shared\pipes\local-date-pipe.ts
FN:9,(anonymous_0)
FNF:1
FNH:1
FNDA:129,(anonymous_0)
DA:1,4
DA:8,4
DA:10,129
DA:11,128
DA:12,128
LF:5
LH:5
BRDA:9,0,0,0
BRDA:10,1,0,1
BRDA:10,1,1,128
BRDA:11,2,0,0
BRDA:11,2,1,128
BRF:5
BRH:3
end_of_record
TN:
SF:apps\portfolio\src\app\shared\pipes\safe-html.ts
FN:12,(anonymous_0)
FNF:1
FNH:1
FNDA:77,(anonymous_0)
DA:1,3
DA:2,3
DA:9,3
DA:10,78
DA:13,77
DA:14,75
LF:6
LH:6
BRDA:13,0,0,2
BRDA:13,0,1,75
BRF:2
BRH:2
end_of_record
TN:
SF:apps\portfolio\src\app\shared\pipes\time-ago.ts
FN:17,(anonymous_0)
FN:18,(anonymous_1)
FN:23,(anonymous_2)
FN:37,(anonymous_3)
FN:82,(anonymous_4)
FN:86,(anonymous_5)
FNF:6
FNH:6
FNDA:87,(anonymous_0)
FNDA:1,(anonymous_1)
FNDA:87,(anonymous_2)
FNDA:84,(anonymous_3)
FNDA:84,(anonymous_4)
FNDA:110,(anonymous_5)
DA:1,4
DA:4,4
DA:11,4
DA:12,87
DA:13,87
DA:14,87
DA:18,87
DA:19,1
DA:24,87
DA:26,85
DA:27,85
DA:29,84
DA:30,84
DA:32,84
DA:33,84
DA:34,84
DA:38,84
DA:39,84
DA:40,84
DA:41,84
DA:42,84
DA:43,84
DA:44,84
DA:45,84
DA:47,84
DA:48,83
DA:49,4
DA:52,79
DA:53,2
DA:56,77
DA:57,2
DA:60,75
DA:61,10
DA:65,65
DA:66,5
DA:71,60
DA:72,59
DA:73,17
DA:74,42
DA:75,1
DA:76,41
DA:83,84
DA:87,110
LF:43
LH:43
BRDA:24,0,0,2
BRDA:24,0,1,85
BRDA:26,1,0,83
BRDA:26,1,1,2
BRDA:27,2,0,1
BRDA:27,2,1,84
BRDA:30,3,0,0
BRDA:30,3,1,84
BRDA:47,4,0,1
BRDA:47,4,1,83
BRDA:48,5,0,4
BRDA:48,5,1,79
BRDA:49,6,0,1
BRDA:49,6,1,3
BRDA:52,7,0,2
BRDA:52,7,1,77
BRDA:53,8,0,1
BRDA:53,8,1,1
BRDA:56,9,0,2
BRDA:56,9,1,75
BRDA:57,10,0,1
BRDA:57,10,1,1
BRDA:60,11,0,10
BRDA:60,11,1,65
BRDA:61,12,0,1
BRDA:61,12,1,9
BRDA:65,13,0,5
BRDA:65,13,1,60
BRDA:66,14,0,1
BRDA:66,14,1,4
BRDA:71,15,0,1
BRDA:71,15,1,59
BRDA:71,16,0,60
BRDA:71,16,1,18
BRDA:72,17,0,17
BRDA:72,17,1,42
BRDA:74,18,0,1
BRDA:74,18,1,41
BRF:38
BRH:37
end_of_record
