TN:
SF:apps\portfolio\src\app\app.ts
FN:51,(anonymous_0)
FNF:1
FNH:1
FNDA:4,(anonymous_0)
DA:1,1
DA:2,1
DA:3,1
DA:11,1
DA:12,1
DA:13,1
DA:14,1
DA:15,1
DA:16,1
DA:17,1
DA:18,1
DA:19,1
DA:20,1
DA:21,1
DA:22,1
DA:41,1
DA:42,4
DA:43,4
DA:44,4
DA:45,4
DA:46,4
DA:47,4
DA:48,4
DA:49,4
DA:52,4
DA:53,4
DA:54,4
DA:55,4
LF:28
LH:28
BRF:0
BRH:0
end_of_record
TN:
SF:apps\portfolio\src\app\core\config\feature-flags.config.ts
FNF:0
FNH:0
DA:1,10
DA:31,10
LF:2
LH:2
BRF:0
BRH:0
end_of_record
TN:
SF:apps\portfolio\src\app\core\config\lab.config.ts
FNF:0
FNH:0
DA:1,0
DA:4,0
LF:2
LH:0
BRF:0
BRH:0
end_of_record
TN:
SF:apps\portfolio\src\app\core\config\seo.config.ts
FN:92,buildBreadcrumb
FN:96,(anonymous_1)
FNF:2
FNH:2
FNDA:42,buildBreadcrumb
FNDA:77,(anonymous_1)
DA:3,7
DA:15,7
DA:53,7
DA:80,7
DA:92,7
DA:93,42
DA:96,77
DA:105,7
DA:109,7
DA:114,7
DA:119,7
DA:124,7
DA:129,7
LF:13
LH:13
BRF:0
BRH:0
end_of_record
TN:
SF:apps\portfolio\src\app\core\constants\feaute-flags.constants.ts
FNF:0
FNH:0
DA:1,10
DA:2,10
DA:3,10
DA:4,10
DA:5,10
DA:6,10
DA:7,10
DA:8,10
DA:9,10
DA:10,10
DA:11,10
DA:12,10
DA:13,10
DA:14,10
DA:15,10
DA:16,10
DA:17,10
DA:18,10
DA:19,10
DA:20,10
DA:21,10
DA:22,10
DA:23,10
DA:24,10
DA:25,10
LF:25
LH:25
BRF:0
BRH:0
end_of_record
TN:
SF:apps\portfolio\src\app\core\constants\sections.constants.ts
FNF:0
FNH:0
DA:1,6
DA:2,6
LF:2
LH:2
BRF:0
BRH:0
end_of_record
TN:
SF:apps\portfolio\src\app\core\constants\status.constants.ts
FNF:0
FNH:0
DA:1,4
DA:2,4
DA:3,4
DA:4,4
DA:5,4
DA:6,4
LF:6
LH:6
BRF:0
BRH:0
end_of_record
TN:
SF:apps\portfolio\src\app\core\guards\admin.guard.ts
FN:10,(anonymous_0)
FNF:1
FNH:1
FNDA:8,(anonymous_0)
DA:1,1
DA:2,1
DA:4,1
DA:5,1
DA:6,1
DA:7,1
DA:8,1
DA:10,1
DA:11,8
DA:12,8
DA:13,8
DA:14,8
DA:16,8
DA:17,1
DA:20,7
DA:21,7
DA:23,6
DA:24,6
DA:29,4
DA:31,2
DA:34,6
LF:21
LH:21
BRDA:16,0,0,1
BRDA:16,0,1,7
BRDA:21,1,0,1
BRDA:21,1,1,6
BRF:4
BRH:4
end_of_record
TN:
SF:apps\portfolio\src\app\core\mocks\ai.service.mock.ts
FN:3,(anonymous_0)
FN:10,(anonymous_1)
FN:14,(anonymous_2)
FN:16,(anonymous_3)
FNF:4
FNH:4
FNDA:47,(anonymous_0)
FNDA:60,(anonymous_1)
FNDA:61,(anonymous_2)
FNDA:2,(anonymous_3)
DA:1,8
DA:3,47
DA:10,60
DA:14,8
DA:15,61
DA:17,2
DA:21,61
LF:7
LH:7
BRDA:10,0,0,0
BRDA:16,1,0,0
BRF:2
BRH:0
end_of_record
TN:
SF:apps\portfolio\src\app\core\mocks\companies.mock.ts
FNF:0
FNH:0
DA:3,2
LF:1
LH:1
BRF:0
BRH:0
end_of_record
TN:
SF:apps\portfolio\src\app\core\mocks\experiences.mock.ts
FNF:0
FNH:0
DA:3,1
LF:1
LH:1
BRF:0
BRH:0
end_of_record
TN:
SF:apps\portfolio\src\app\core\mocks\projects.mock.ts
FNF:0
FNH:0
DA:3,2
LF:1
LH:1
BRF:0
BRH:0
end_of_record
TN:
SF:apps\portfolio\src\app\core\mocks\skills.mock.ts
FNF:0
FNH:0
DA:3,4
LF:1
LH:1
BRF:0
BRH:0
end_of_record
TN:
SF:apps\portfolio\src\app\core\mocks\stats.mock.ts
FNF:0
FNH:0
DA:3,2
LF:1
LH:1
BRF:0
BRH:0
end_of_record
TN:
SF:apps\portfolio\src\app\core\models\language.model.ts
FNF:0
FNH:0
DA:9,9
DA:14,9
DA:15,9
LF:3
LH:3
BRF:0
BRH:0
end_of_record
TN:
SF:apps\portfolio\src\app\core\models\skill.model.ts
FN:20,getSkillLevel
FNF:1
FNH:1
FNDA:654,getSkillLevel
DA:20,5
DA:21,654
DA:22,381
DA:23,250
DA:26,5
LF:5
LH:5
BRDA:21,0,0,273
BRDA:21,0,1,381
BRDA:22,1,0,131
BRDA:22,1,1,250
BRF:4
BRH:4
end_of_record
TN:
SF:apps\portfolio\src\app\core\services\ai.service.ts
FN:19,(anonymous_0)
FN:22,(anonymous_1)
FN:25,(anonymous_2)
FN:28,(anonymous_3)
FN:31,(anonymous_4)
FN:34,(anonymous_5)
FN:37,(anonymous_6)
FN:40,(anonymous_7)
FNF:8
FNH:8
FNDA:3,(anonymous_0)
FNDA:2,(anonymous_1)
FNDA:2,(anonymous_2)
FNDA:2,(anonymous_3)
FNDA:2,(anonymous_4)
FNDA:2,(anonymous_5)
FNDA:2,(anonymous_6)
FNDA:2,(anonymous_7)
DA:1,7
DA:9,7
DA:11,7
DA:12,7
DA:15,7
DA:16,10
DA:17,10
DA:20,3
DA:22,2
DA:26,2
DA:28,2
DA:32,2
DA:34,2
DA:38,2
DA:40,2
LF:15
LH:15
BRF:0
BRH:0
end_of_record
TN:
SF:apps\portfolio\src\app\core\services\experience.service.ts
FN:26,(anonymous_0)
FN:30,(anonymous_1)
FN:37,(anonymous_2)
FN:38,(anonymous_3)
FN:46,(anonymous_4)
FNF:5
FNH:5
FNDA:3,(anonymous_0)
FNDA:3,(anonymous_1)
FNDA:2,(anonymous_2)
FNDA:1,(anonymous_3)
FNDA:3,(anonymous_4)
DA:1,3
DA:2,3
DA:4,3
DA:6,3
DA:7,3
DA:8,3
DA:11,3
DA:12,3
DA:13,3
DA:14,3
DA:17,3
DA:18,3
DA:19,3
DA:20,3
DA:22,3
DA:23,3
DA:24,3
DA:27,3
DA:31,3
DA:32,3
DA:34,3
DA:37,2
DA:39,1
DA:40,1
DA:41,1
DA:42,1
DA:43,1
DA:47,3
DA:48,3
LF:29
LH:29
BRDA:15,0,0,3
BRDA:15,0,1,0
BRF:2
BRH:1
end_of_record
TN:
SF:apps\portfolio\src\app\core\services\feature-flag.service.ts
FN:10,(anonymous_0)
FN:24,(anonymous_1)
FNF:2
FNH:1
FNDA:134,(anonymous_0)
FNDA:0,(anonymous_1)
DA:1,10
DA:3,10
DA:4,10
DA:7,10
DA:8,44
DA:11,134
DA:12,134
DA:14,132
DA:16,126
DA:18,1
DA:20,5
DA:25,0
DA:26,0
LF:13
LH:11
BRDA:12,0,0,2
BRDA:12,0,1,132
BRDA:14,1,0,126
BRDA:14,1,1,1
BRDA:14,1,2,5
BRDA:26,2,0,0
BRDA:26,2,1,0
BRF:7
BRH:5
end_of_record
TN:
SF:apps\portfolio\src\app\core\services\gsap.service.ts
FN:12,(anonymous_0)
FN:18,(anonymous_1)
FN:26,(anonymous_2)
FNF:3
FNH:3
FNDA:28,(anonymous_0)
FNDA:20,(anonymous_1)
FNDA:2,(anonymous_2)
DA:1,20
DA:3,20
DA:4,20
DA:5,20
DA:8,20
DA:9,30
DA:10,30
DA:13,28
DA:14,18
DA:15,18
DA:19,20
DA:20,1
DA:22,19
DA:23,19
DA:27,2
DA:28,1
DA:30,1
DA:31,1
LF:18
LH:18
BRDA:13,0,0,10
BRDA:13,0,1,18
BRDA:13,1,0,28
BRDA:13,1,1,27
BRDA:19,2,0,1
BRDA:19,2,1,19
BRDA:27,3,0,1
BRDA:27,3,1,1
BRF:8
BRH:8
end_of_record
TN:
SF:apps\portfolio\src\app\core\services\language.service.ts
FN:25,(anonymous_0)
FN:25,(anonymous_1)
FN:28,(anonymous_2)
FN:43,(anonymous_3)
FN:53,(anonymous_4)
FNF:5
FNH:5
FNDA:26,(anonymous_0)
FNDA:33,(anonymous_1)
FNDA:7,(anonymous_2)
FNDA:16,(anonymous_3)
FNDA:2,(anonymous_4)
DA:1,7
DA:2,7
DA:10,7
DA:11,7
DA:14,7
DA:15,36
DA:16,36
DA:17,36
DA:19,36
DA:21,36
DA:22,36
DA:24,36
DA:25,33
DA:29,7
DA:30,7
DA:32,7
DA:33,6
DA:34,6
DA:35,6
DA:36,6
DA:37,6
DA:39,1
DA:44,16
DA:45,16
DA:47,16
DA:48,15
DA:49,15
DA:54,2
DA:55,2
LF:29
LH:29
BRDA:25,0,0,26
BRDA:25,0,1,1
BRDA:32,1,0,6
BRDA:32,1,1,1
BRDA:33,2,0,6
BRDA:33,2,1,0
BRDA:35,3,0,2
BRDA:35,3,1,4
BRDA:36,4,0,6
BRDA:36,4,1,2
BRDA:47,5,0,15
BRDA:47,5,1,1
BRDA:54,6,0,1
BRDA:54,6,1,1
BRF:14
BRH:13
end_of_record
TN:
SF:apps\portfolio\src\app\core\services\platform.service.ts
FNF:0
FNH:0
DA:1,32
DA:2,32
DA:5,32
DA:6,77
DA:8,77
DA:9,77
LF:6
LH:6
BRF:0
BRH:0
end_of_record
TN:
SF:apps\portfolio\src\app\core\services\seo.service.ts
FN:13,(anonymous_0)
FN:17,(anonymous_1)
FN:42,(anonymous_2)
FNF:3
FNH:3
FNDA:7,(anonymous_0)
FNDA:34,(anonymous_1)
FNDA:22,(anonymous_2)
DA:1,7
DA:2,7
DA:4,7
DA:8,7
DA:9,30
DA:10,30
DA:11,30
DA:14,7
DA:18,34
DA:19,34
DA:20,34
DA:21,34
DA:22,34
DA:23,34
DA:27,34
DA:28,34
DA:29,34
DA:30,34
DA:34,34
DA:35,34
DA:39,34
DA:43,22
DA:44,22
DA:46,22
DA:47,4
DA:48,4
DA:49,4
DA:50,4
DA:53,22
LF:29
LH:29
BRDA:22,0,0,34
BRDA:22,0,1,0
BRDA:25,1,0,34
BRDA:25,1,1,0
BRDA:28,2,0,34
BRDA:28,2,1,0
BRDA:29,3,0,34
BRDA:29,3,1,0
BRDA:32,4,0,34
BRDA:32,4,1,0
BRDA:34,5,0,34
BRDA:34,5,1,0
BRDA:37,6,0,34
BRDA:37,6,1,0
BRDA:39,7,0,34
BRDA:39,7,1,0
BRDA:46,8,0,4
BRDA:46,8,1,18
BRF:18
BRH:10
end_of_record
TN:
SF:apps\portfolio\src\app\core\services\session.service.ts
FN:10,(anonymous_0)
FN:19,(anonymous_1)
FNF:2
FNH:2
FNDA:8,(anonymous_0)
FNDA:58,(anonymous_1)
DA:1,12
DA:4,12
DA:5,58
DA:6,58
DA:8,58
DA:11,8
DA:12,4
DA:14,4
DA:16,8
DA:20,58
DA:21,57
LF:11
LH:11
BRDA:11,0,0,4
BRDA:11,0,1,4
BRDA:20,1,0,1
BRDA:20,1,1,57
BRF:4
BRH:4
end_of_record
TN:
SF:apps\portfolio\src\app\core\services\skills.service.ts
FN:39,(anonymous_0)
FN:41,(anonymous_1)
FN:47,(anonymous_2)
FN:50,(anonymous_3)
FN:51,(anonymous_4)
FN:52,(anonymous_5)
FN:52,(anonymous_6)
FN:54,(anonymous_7)
FN:59,(anonymous_8)
FN:73,(anonymous_9)
FN:74,(anonymous_10)
FN:82,(anonymous_11)
FN:88,(anonymous_12)
FN:92,(anonymous_13)
FN:93,(anonymous_14)
FN:101,(anonymous_15)
FN:106,(anonymous_16)
FN:107,(anonymous_17)
FN:115,(anonymous_18)
FN:122,(anonymous_19)
FN:123,(anonymous_20)
FN:126,(anonymous_21)
FN:127,(anonymous_22)
FN:128,(anonymous_23)
FNF:24
FNH:24
FNDA:12,(anonymous_0)
FNDA:226,(anonymous_1)
FNDA:11,(anonymous_2)
FNDA:2,(anonymous_3)
FNDA:5,(anonymous_4)
FNDA:1,(anonymous_5)
FNDA:40,(anonymous_6)
FNDA:25,(anonymous_7)
FNDA:34,(anonymous_8)
FNDA:31,(anonymous_9)
FNDA:3,(anonymous_10)
FNDA:34,(anonymous_11)
FNDA:25,(anonymous_12)
FNDA:23,(anonymous_13)
FNDA:2,(anonymous_14)
FNDA:25,(anonymous_15)
FNDA:7,(anonymous_16)
FNDA:7,(anonymous_17)
FNDA:2,(anonymous_18)
FNDA:1,(anonymous_19)
FNDA:1,(anonymous_20)
FNDA:4,(anonymous_21)
FNDA:4,(anonymous_22)
FNDA:160,(anonymous_23)
DA:1,3
DA:3,3
DA:5,3
DA:7,3
DA:8,3
DA:9,3
DA:12,3
DA:13,25
DA:14,25
DA:15,25
DA:18,25
DA:19,25
DA:21,25
DA:23,25
DA:24,25
DA:28,25
DA:29,25
DA:30,25
DA:32,25
DA:33,25
DA:34,25
DA:35,25
DA:36,25
DA:37,25
DA:39,25
DA:40,12
DA:41,12
DA:42,226
DA:43,226
DA:44,226
DA:47,25
DA:48,11
DA:50,25
DA:51,25
DA:52,40
DA:55,25
DA:56,25
DA:60,34
DA:61,34
DA:63,34
DA:65,34
DA:70,34
DA:73,31
DA:75,3
DA:76,3
DA:77,3
DA:78,3
DA:79,3
DA:83,34
DA:84,34
DA:89,25
DA:92,23
DA:94,2
DA:95,2
DA:96,2
DA:97,2
DA:98,2
DA:102,25
DA:107,7
DA:108,7
DA:110,7
DA:111,7
DA:116,2
DA:117,2
DA:119,2
DA:123,1
DA:127,4
DA:128,160
LF:68
LH:68
BRDA:16,0,0,25
BRDA:16,0,1,0
BRDA:42,1,0,226
BRDA:42,1,1,18
BRDA:43,2,0,226
BRDA:43,2,1,12
BRDA:44,3,0,226
BRDA:44,3,1,226
BRDA:67,4,0,34
BRDA:67,4,1,6
BRDA:110,5,0,7
BRDA:110,5,1,0
BRDA:110,6,0,7
BRDA:110,6,1,2
BRDA:128,7,0,4
BRDA:128,7,1,156
BRF:16
BRH:14
end_of_record
TN:
SF:apps\portfolio\src\app\core\services\stats.service.ts
FN:24,(anonymous_0)
FN:28,(anonymous_1)
FN:32,(anonymous_2)
FN:33,(anonymous_3)
FN:34,(anonymous_4)
FNF:5
FNH:5
FNDA:3,(anonymous_0)
FNDA:5,(anonymous_1)
FNDA:4,(anonymous_2)
FNDA:4,(anonymous_3)
FNDA:1,(anonymous_4)
DA:1,4
DA:2,4
DA:4,4
DA:6,4
DA:7,4
DA:8,4
DA:13,4
DA:14,3
DA:15,3
DA:16,3
DA:17,3
DA:20,3
DA:22,3
DA:25,3
DA:29,5
DA:32,4
DA:33,4
DA:35,1
DA:36,1
DA:37,1
DA:38,1
LF:21
LH:21
BRDA:18,0,0,3
BRDA:18,0,1,0
BRF:2
BRH:1
end_of_record
TN:
SF:apps\portfolio\src\app\core\services\status.service.ts
FN:25,(anonymous_0)
FN:29,(anonymous_1)
FN:33,(anonymous_2)
FN:34,(anonymous_3)
FN:41,(anonymous_4)
FNF:5
FNH:5
FNDA:11,(anonymous_0)
FNDA:12,(anonymous_1)
FNDA:4,(anonymous_2)
FNDA:8,(anonymous_3)
FNDA:12,(anonymous_4)
DA:1,4
DA:2,4
DA:4,4
DA:5,4
DA:6,4
DA:8,4
DA:13,4
DA:14,11
DA:15,11
DA:16,11
DA:17,11
DA:20,11
DA:21,11
DA:23,11
DA:26,11
DA:30,12
DA:33,4
DA:35,8
DA:36,8
DA:37,8
DA:38,8
DA:42,12
LF:22
LH:22
BRDA:18,0,0,11
BRDA:18,0,1,0
BRF:2
BRH:1
end_of_record
TN:
SF:apps\portfolio\src\app\core\utils\date.utils.ts
FN:1,assertValidDate
FN:7,calculateYearsBetweenDates
FN:16,calculateDaysBetweenDates
FNF:3
FNH:3
FNDA:22,assertValidDate
FNDA:6,calculateYearsBetweenDates
FNDA:6,calculateDaysBetweenDates
DA:2,22
DA:3,2
DA:7,1
DA:8,6
DA:9,5
DA:11,5
DA:12,5
DA:13,5
DA:16,1
DA:17,6
DA:18,5
DA:20,5
DA:21,5
DA:22,5
LF:14
LH:14
BRDA:2,0,0,2
BRDA:2,0,1,20
BRDA:7,1,0,1
BRDA:16,2,0,1
BRF:4
BRH:4
end_of_record
TN:
SF:apps\portfolio\src\app\core\utils\navigation.utils.ts
FN:1,navScrollTo
FN:9,(anonymous_1)
FNF:2
FNH:2
FNDA:6,navScrollTo
FNDA:3,(anonymous_1)
DA:1,8
DA:2,6
DA:4,3
DA:5,3
DA:6,3
DA:7,3
DA:9,3
DA:10,3
DA:11,3
DA:12,3
DA:14,3
DA:16,3
DA:17,1
DA:21,3
LF:14
LH:14
BRDA:2,0,0,3
BRDA:2,0,1,3
BRDA:12,1,0,1
BRDA:12,1,1,2
BRDA:16,2,0,1
BRDA:16,2,1,2
BRF:6
BRH:6
end_of_record
TN:
SF:apps\portfolio\src\app\features\ai\components\chat-cv\chat-cv.component.ts
FN:41,(anonymous_0)
FN:46,(anonymous_1)
FN:64,(anonymous_2)
FN:68,(anonymous_3)
FN:73,(anonymous_4)
FN:79,(anonymous_5)
FN:81,(anonymous_6)
FN:85,(anonymous_7)
FN:92,(anonymous_8)
FN:99,(anonymous_9)
FN:105,(anonymous_10)
FN:106,(anonymous_11)
FNF:12
FNH:12
FNDA:14,(anonymous_0)
FNDA:11,(anonymous_1)
FNDA:1,(anonymous_2)
FNDA:4,(anonymous_3)
FNDA:3,(anonymous_4)
FNDA:2,(anonymous_5)
FNDA:2,(anonymous_6)
FNDA:1,(anonymous_7)
FNDA:1,(anonymous_8)
FNDA:3,(anonymous_9)
FNDA:14,(anonymous_10)
FNDA:1,(anonymous_11)
DA:1,2
DA:11,2
DA:13,2
DA:14,2
DA:15,2
DA:16,2
DA:17,2
DA:26,2
DA:27,14
DA:28,14
DA:29,14
DA:30,14
DA:34,14
DA:35,14
DA:36,14
DA:37,14
DA:39,14
DA:42,14
DA:43,11
DA:47,11
DA:48,11
DA:50,11
DA:65,1
DA:69,4
DA:70,4
DA:72,3
DA:73,3
DA:74,3
DA:75,3
DA:76,3
DA:78,3
DA:80,2
DA:81,2
DA:82,2
DA:83,2
DA:86,1
DA:87,1
DA:93,1
DA:94,1
DA:95,1
DA:100,3
DA:101,2
DA:102,2
DA:106,14
DA:107,14
LF:45
LH:45
BRDA:42,0,0,3
BRDA:42,0,1,11
BRDA:70,1,0,1
BRDA:70,1,1,3
BRDA:70,2,0,4
BRDA:70,2,1,3
BRDA:93,3,0,1
BRDA:93,3,1,0
BRDA:93,4,0,1
BRDA:93,4,1,1
BRDA:100,5,0,1
BRDA:100,5,1,2
BRF:12
BRH:11
end_of_record
TN:
SF:apps\portfolio\src\app\features\ai\components\chat-message\chat-message.component.ts
FNF:0
FNH:0
DA:1,4
DA:11,4
DA:12,3
LF:3
LH:3
BRF:0
BRH:0
end_of_record
TN:
SF:apps\portfolio\src\app\features\ai\components\contact-assistant\contact-assistant.component.ts
FN:41,(anonymous_0)
FN:59,(anonymous_1)
FN:63,(anonymous_2)
FN:68,(anonymous_3)
FN:74,(anonymous_4)
FN:75,(anonymous_5)
FN:79,(anonymous_6)
FN:86,(anonymous_7)
FN:93,(anonymous_8)
FN:99,(anonymous_9)
FN:100,(anonymous_10)
FNF:11
FNH:11
FNDA:14,(anonymous_0)
FNDA:1,(anonymous_1)
FNDA:4,(anonymous_2)
FNDA:3,(anonymous_3)
FNDA:2,(anonymous_4)
FNDA:2,(anonymous_5)
FNDA:1,(anonymous_6)
FNDA:1,(anonymous_7)
FNDA:3,(anonymous_8)
FNDA:14,(anonymous_9)
FNDA:11,(anonymous_10)
DA:1,2
DA:11,2
DA:13,2
DA:14,2
DA:15,2
DA:16,2
DA:17,2
DA:26,2
DA:27,14
DA:28,14
DA:29,14
DA:30,14
DA:34,14
DA:35,14
DA:36,14
DA:37,14
DA:39,14
DA:42,14
DA:43,11
DA:44,11
DA:56,11
DA:60,1
DA:64,4
DA:65,4
DA:67,3
DA:68,3
DA:69,3
DA:70,3
DA:71,3
DA:73,3
DA:75,2
DA:76,2
DA:77,2
DA:80,1
DA:81,1
DA:87,1
DA:88,1
DA:89,1
DA:94,3
DA:95,2
DA:96,2
DA:100,14
DA:101,14
LF:43
LH:43
BRDA:42,0,0,3
BRDA:42,0,1,11
BRDA:56,1,0,11
BRDA:56,1,1,0
BRDA:65,2,0,1
BRDA:65,2,1,3
BRDA:65,3,0,4
BRDA:65,3,1,3
BRDA:87,4,0,1
BRDA:87,4,1,0
BRDA:87,5,0,1
BRDA:87,5,1,1
BRDA:94,6,0,1
BRDA:94,6,1,2
BRF:14
BRH:12
end_of_record
TN:
SF:apps\portfolio\src\app\features\ai\components\cover-letter\cover-letter.component.ts
FN:33,(anonymous_0)
FN:51,(anonymous_1)
FN:65,(anonymous_2)
FN:69,(anonymous_3)
FN:76,(anonymous_4)
FN:78,(anonymous_5)
FN:80,(anonymous_6)
FN:84,(anonymous_7)
FN:85,(anonymous_8)
FNF:9
FNH:9
FNDA:14,(anonymous_0)
FNDA:4,(anonymous_1)
FNDA:2,(anonymous_2)
FNDA:1,(anonymous_3)
FNDA:2,(anonymous_4)
FNDA:1,(anonymous_5)
FNDA:1,(anonymous_6)
FNDA:14,(anonymous_7)
FNDA:11,(anonymous_8)
DA:1,2
DA:3,2
DA:5,2
DA:6,2
DA:7,2
DA:8,2
DA:17,2
DA:18,14
DA:19,14
DA:20,14
DA:21,14
DA:23,14
DA:24,14
DA:25,14
DA:26,14
DA:27,14
DA:28,14
DA:29,14
DA:31,14
DA:34,14
DA:35,11
DA:36,11
DA:48,11
DA:52,4
DA:54,3
DA:60,3
DA:61,3
DA:62,3
DA:64,3
DA:66,2
DA:67,2
DA:70,1
DA:71,1
DA:77,2
DA:78,1
DA:79,1
DA:80,1
DA:85,14
DA:86,14
LF:39
LH:39
BRDA:34,0,0,3
BRDA:34,0,1,11
BRDA:48,1,0,11
BRDA:48,1,1,0
BRDA:52,2,0,1
BRDA:52,2,1,3
BRDA:52,3,0,4
BRDA:52,3,1,3
BRDA:52,3,2,3
BRDA:57,4,0,3
BRDA:57,4,1,1
BRDA:77,5,0,1
BRDA:77,5,1,1
BRF:13
BRH:12
end_of_record
TN:
SF:apps\portfolio\src\app\features\experience\experience.component.ts
FN:44,(anonymous_0)
FN:45,(anonymous_1)
FN:52,(anonymous_2)
FN:62,(anonymous_3)
FN:65,(anonymous_4)
FN:88,(anonymous_5)
FN:89,(anonymous_6)
FN:92,(anonymous_7)
FN:96,(anonymous_8)
FN:97,(anonymous_9)
FNF:10
FNH:10
FNDA:8,(anonymous_0)
FNDA:8,(anonymous_1)
FNDA:8,(anonymous_2)
FNDA:8,(anonymous_3)
FNDA:80,(anonymous_4)
FNDA:2,(anonymous_5)
FNDA:2,(anonymous_6)
FNDA:123,(anonymous_7)
FNDA:8,(anonymous_8)
FNDA:80,(anonymous_9)
DA:1,2
DA:14,2
DA:15,2
DA:16,2
DA:17,2
DA:18,2
DA:19,2
DA:20,2
DA:28,2
DA:29,8
DA:30,8
DA:31,8
DA:32,8
DA:34,8
DA:35,8
DA:36,8
DA:37,8
DA:39,8
DA:40,8
DA:45,8
DA:46,8
DA:47,8
DA:49,8
DA:50,8
DA:51,8
DA:53,8
DA:54,7
DA:63,8
DA:65,8
DA:66,80
DA:67,80
DA:82,80
DA:83,80
DA:89,2
DA:93,123
DA:97,80
LF:36
LH:36
BRDA:49,0,0,8
BRDA:49,0,1,0
BRDA:49,1,0,8
BRDA:49,1,1,8
BRDA:49,1,2,8
BRDA:53,2,0,1
BRDA:53,2,1,7
BRDA:82,3,0,80
BRDA:82,3,1,0
BRDA:89,4,0,1
BRDA:89,4,1,1
BRDA:93,5,0,74
BRDA:93,5,1,49
BRF:13
BRH:11
end_of_record
TN:
SF:apps\portfolio\src\app\features\experience\components\experience-card\experience-card.component.ts
FN:27,(anonymous_0)
FN:31,(anonymous_1)
FN:35,(anonymous_2)
FN:39,(anonymous_3)
FNF:4
FNH:4
FNDA:83,(anonymous_0)
FNDA:1,(anonymous_1)
FNDA:1,(anonymous_2)
FNDA:936,(anonymous_3)
DA:1,3
DA:5,3
DA:6,3
DA:7,3
DA:8,3
DA:9,3
DA:17,3
DA:18,83
DA:20,83
DA:21,83
DA:22,83
DA:23,83
DA:24,83
DA:25,83
DA:28,83
DA:32,1
DA:36,1
DA:40,936
LF:18
LH:18
BRF:0
BRH:0
end_of_record
TN:
SF:apps\portfolio\src\app\features\hero\hero.component.ts
FNF:0
FNH:0
DA:1,2
DA:3,2
DA:4,2
DA:5,2
DA:6,2
DA:14,2
DA:15,3
DA:16,3
LF:8
LH:8
BRF:0
BRH:0
end_of_record
TN:
SF:apps\portfolio\src\app\features\hero\components\hero-avatar\hero-avatar.component.ts
FNF:0
FNH:0
DA:1,4
DA:9,4
DA:10,15
DA:11,15
LF:4
LH:4
BRF:0
BRH:0
end_of_record
TN:
SF:apps\portfolio\src\app\features\hero\components\hero-intro\hero-intro.component.ts
FN:38,(anonymous_0)
FN:42,(anonymous_1)
FN:44,(anonymous_2)
FN:58,(anonymous_3)
FN:65,(anonymous_4)
FNF:5
FNH:5
FNDA:13,(anonymous_0)
FNDA:12,(anonymous_1)
FNDA:72,(anonymous_2)
FNDA:2,(anonymous_3)
FNDA:3,(anonymous_4)
DA:1,3
DA:12,3
DA:13,3
DA:14,3
DA:15,3
DA:16,3
DA:17,3
DA:18,3
DA:19,3
DA:28,3
DA:29,13
DA:30,13
DA:31,13
DA:32,13
DA:34,13
DA:39,13
DA:41,12
DA:43,12
DA:44,72
DA:46,12
DA:59,2
DA:60,2
DA:61,2
DA:66,3
DA:67,2
LF:25
LH:25
BRDA:39,0,0,1
BRDA:39,0,1,12
BRDA:59,1,0,2
BRDA:59,1,1,0
BRDA:66,2,0,2
BRDA:66,2,1,1
BRF:6
BRH:5
end_of_record
TN:
SF:apps\portfolio\src\app\features\hero\components\stat-counter\stat-counter.component.ts
FN:27,(anonymous_0)
FN:28,(anonymous_1)
FN:35,(anonymous_2)
FN:46,(anonymous_3)
FN:47,(anonymous_4)
FN:50,(anonymous_5)
FN:53,(anonymous_6)
FNF:7
FNH:7
FNDA:12,(anonymous_0)
FNDA:16,(anonymous_1)
FNDA:7,(anonymous_2)
FNDA:6,(anonymous_3)
FNDA:3,(anonymous_4)
FNDA:7,(anonymous_5)
FNDA:36,(anonymous_6)
DA:1,4
DA:3,4
DA:4,4
DA:13,4
DA:14,12
DA:15,12
DA:16,12
DA:18,12
DA:19,12
DA:20,12
DA:21,12
DA:22,12
DA:23,12
DA:25,12
DA:28,12
DA:29,16
DA:30,7
DA:36,7
DA:37,7
DA:38,7
DA:40,7
DA:41,7
DA:46,6
DA:47,3
DA:50,7
DA:54,36
LF:26
LH:26
BRDA:29,0,0,7
BRDA:29,0,1,9
BRF:2
BRH:2
end_of_record
TN:
SF:apps\portfolio\src\app\features\hero\hero-stat-counter\hero-stat-counter.component.ts
FN:20,(anonymous_0)
FNF:1
FNH:1
FNDA:5,(anonymous_0)
DA:1,3
DA:3,3
DA:4,3
DA:5,3
DA:13,3
DA:14,5
DA:15,5
DA:17,5
DA:18,5
DA:21,5
DA:23,4
LF:11
LH:11
BRDA:21,0,0,1
BRDA:21,0,1,4
BRF:2
BRH:2
end_of_record
TN:
SF:apps\portfolio\src\app\features\skills\skills.component.ts
FN:62,(anonymous_0)
FN:63,(anonymous_1)
FN:72,(anonymous_2)
FN:83,(anonymous_3)
FN:85,(anonymous_4)
FN:88,(anonymous_5)
FN:110,(anonymous_6)
FN:114,(anonymous_7)
FN:115,(anonymous_8)
FN:117,(anonymous_9)
FN:122,(anonymous_10)
FN:132,(anonymous_11)
FN:137,(anonymous_12)
FN:141,(anonymous_13)
FN:142,(anonymous_14)
FNF:15
FNH:15
FNDA:26,(anonymous_0)
FNDA:35,(anonymous_1)
FNDA:29,(anonymous_2)
FNDA:26,(anonymous_3)
FNDA:25,(anonymous_4)
FNDA:55,(anonymous_5)
FNDA:1,(anonymous_6)
FNDA:24,(anonymous_7)
FNDA:1,(anonymous_8)
FNDA:24,(anonymous_9)
FNDA:1,(anonymous_10)
FNDA:2,(anonymous_11)
FNDA:1,(anonymous_12)
FNDA:26,(anonymous_13)
FNDA:49,(anonymous_14)
DA:1,2
DA:13,2
DA:14,2
DA:16,2
DA:17,2
DA:18,2
DA:19,2
DA:20,2
DA:21,2
DA:22,2
DA:23,2
DA:39,2
DA:40,26
DA:41,26
DA:42,26
DA:43,26
DA:44,26
DA:46,26
DA:47,26
DA:48,26
DA:49,26
DA:50,26
DA:51,26
DA:52,26
DA:53,26
DA:54,26
DA:55,26
DA:57,26
DA:59,26
DA:60,26
DA:63,26
DA:64,35
DA:66,35
DA:67,35
DA:70,35
DA:71,29
DA:73,29
DA:74,28
DA:84,26
DA:85,25
DA:89,55
DA:90,55
DA:93,55
DA:95,55
DA:97,53
DA:99,53
DA:111,1
DA:112,1
DA:114,24
DA:115,1
DA:116,1
DA:117,24
DA:118,1
DA:123,1
DA:127,53
DA:128,53
DA:133,2
DA:134,2
DA:138,1
DA:142,49
DA:143,26
LF:61
LH:61
BRDA:66,0,0,35
BRDA:66,0,1,0
BRDA:70,1,0,29
BRDA:70,1,1,6
BRDA:70,2,0,35
BRDA:70,2,1,35
BRDA:73,3,0,28
BRDA:73,3,1,1
BRDA:84,4,0,1
BRDA:84,4,1,25
BRDA:95,5,0,2
BRDA:95,5,1,53
BRDA:127,6,0,53
BRDA:127,6,1,0
BRF:14
BRH:12
end_of_record
TN:
SF:apps\portfolio\src\app\features\skills\components\skill-card\skill-card.component.ts
FN:23,(anonymous_0)
FN:24,(anonymous_1)
FN:26,(anonymous_2)
FN:30,(anonymous_3)
FN:34,(anonymous_4)
FN:35,(anonymous_5)
FNF:6
FNH:6
FNDA:654,(anonymous_0)
FNDA:654,(anonymous_1)
FNDA:2,(anonymous_2)
FNDA:1,(anonymous_3)
FNDA:654,(anonymous_4)
FNDA:540,(anonymous_5)
DA:1,5
DA:3,5
DA:4,5
DA:5,5
DA:7,5
DA:18,5
DA:19,654
DA:20,654
DA:21,654
DA:23,654
DA:24,654
DA:26,654
DA:27,2
DA:30,654
DA:34,654
DA:35,654
LF:16
LH:16
BRDA:27,0,0,1
BRDA:27,0,1,1
BRF:2
BRH:2
end_of_record
TN:
SF:apps\portfolio\src\app\features\skills\components\skill-filter\skill-filter.component.ts
FN:21,(anonymous_0)
FN:23,(anonymous_1)
FN:27,(anonymous_2)
FN:31,(anonymous_3)
FNF:4
FNH:4
FNDA:45,(anonymous_0)
FNDA:834,(anonymous_1)
FNDA:2,(anonymous_2)
FNDA:2,(anonymous_3)
DA:1,3
DA:4,3
DA:16,3
DA:17,43
DA:18,43
DA:19,43
DA:21,45
DA:24,834
DA:28,2
DA:32,2
LF:10
LH:10
BRF:0
BRH:0
end_of_record
TN:
SF:apps\portfolio\src\app\layout\ask-me-fab\ask-me-fab.component.ts
FN:31,(anonymous_0)
FN:37,(anonymous_1)
FN:51,(anonymous_2)
FN:58,(anonymous_3)
FN:62,(anonymous_4)
FN:67,(anonymous_5)
FN:73,(anonymous_6)
FN:74,(anonymous_7)
FN:77,(anonymous_8)
FN:84,(anonymous_9)
FN:91,(anonymous_10)
FNF:11
FNH:11
FNDA:10,(anonymous_0)
FNDA:2,(anonymous_1)
FNDA:1,(anonymous_2)
FNDA:1,(anonymous_3)
FNDA:5,(anonymous_4)
FNDA:3,(anonymous_5)
FNDA:2,(anonymous_6)
FNDA:2,(anonymous_7)
FNDA:1,(anonymous_8)
FNDA:1,(anonymous_9)
FNDA:9,(anonymous_10)
DA:1,2
DA:3,2
DA:5,2
DA:6,2
DA:7,2
DA:8,2
DA:17,2
DA:18,9
DA:19,9
DA:20,9
DA:21,9
DA:23,9
DA:24,9
DA:25,9
DA:26,9
DA:27,9
DA:32,10
DA:33,9
DA:34,9
DA:38,2
DA:39,2
DA:40,2
DA:42,2
DA:43,1
DA:44,1
DA:46,1
DA:52,1
DA:59,1
DA:63,5
DA:64,5
DA:66,3
DA:67,3
DA:68,3
DA:69,3
DA:70,3
DA:72,3
DA:74,2
DA:75,2
DA:78,1
DA:79,1
DA:85,1
DA:86,1
DA:87,1
DA:92,9
LF:44
LH:44
BRDA:32,0,0,1
BRDA:32,0,1,9
BRDA:42,1,0,1
BRDA:42,1,1,1
BRDA:64,2,0,2
BRDA:64,2,1,3
BRDA:64,3,0,5
BRDA:64,3,1,4
BRDA:85,4,0,1
BRDA:85,4,1,0
BRDA:85,5,0,1
BRDA:85,5,1,1
BRF:12
BRH:11
end_of_record
TN:
SF:apps\portfolio\src\app\layout\footer\footer.component.ts
FNF:0
FNH:0
DA:1,2
DA:7,2
DA:8,2
DA:9,2
DA:10,2
DA:11,2
DA:24,2
DA:25,7
DA:26,7
DA:27,7
LF:10
LH:10
BRF:0
BRH:0
end_of_record
TN:
SF:apps\portfolio\src\app\layout\footer\components\footer-contact\footer-contact.component.ts
FNF:0
FNH:0
DA:1,3
DA:2,3
DA:3,3
DA:11,3
LF:4
LH:4
BRF:0
BRH:0
end_of_record
TN:
SF:apps\portfolio\src\app\layout\footer\components\footer-copyright\footer-copyright.component.ts
FNF:0
FNH:0
DA:1,2
DA:2,2
DA:3,2
DA:11,2
DA:12,7
LF:5
LH:5
BRF:0
BRH:0
end_of_record
TN:
SF:apps\portfolio\src\app\layout\footer\components\footer-information\footer-information.component.ts
FNF:0
FNH:0
DA:1,3
DA:3,3
DA:4,3
DA:5,3
DA:6,3
DA:7,3
DA:8,3
DA:16,3
DA:17,11
DA:19,11
DA:20,11
LF:11
LH:11
BRF:0
BRH:0
end_of_record
TN:
SF:apps\portfolio\src\app\layout\footer\components\footer-links\footer-links.component.ts
FNF:0
FNH:0
DA:1,3
DA:2,3
DA:3,3
DA:11,3
LF:4
LH:4
BRF:0
BRH:0
end_of_record
TN:
SF:apps\portfolio\src\app\layout\go-to-top\go-to-top.component.ts
FN:19,(anonymous_0)
FN:24,(anonymous_1)
FN:27,(anonymous_2)
FN:30,(anonymous_3)
FNF:4
FNH:4
FNDA:9,(anonymous_0)
FNDA:2,(anonymous_1)
FNDA:2,(anonymous_2)
FNDA:2,(anonymous_3)
DA:1,2
DA:2,2
DA:4,2
DA:5,2
DA:6,2
DA:14,2
DA:15,9
DA:17,9
DA:20,9
DA:21,8
DA:24,2
DA:27,2
DA:31,2
DA:33,1
LF:14
LH:14
BRDA:20,0,0,1
BRDA:20,0,1,8
BRDA:31,1,0,1
BRDA:31,1,1,1
BRF:4
BRH:4
end_of_record
TN:
SF:apps\portfolio\src\app\layout\header\header.component.ts
FNF:0
FNH:0
DA:1,2
DA:8,2
DA:9,2
DA:10,2
DA:11,2
DA:12,2
DA:13,2
DA:14,2
DA:15,2
DA:31,2
DA:32,12
DA:33,12
DA:34,12
DA:35,12
LF:14
LH:14
BRF:0
BRH:0
end_of_record
TN:
SF:apps\portfolio\src\app\layout\header\components\header-hamburger\header-hamburger.component.ts
FN:35,(anonymous_0)
FN:39,(anonymous_1)
FN:47,(anonymous_2)
FN:62,(anonymous_3)
FN:67,(anonymous_4)
FN:83,(anonymous_5)
FN:92,(anonymous_6)
FN:96,(anonymous_7)
FNF:8
FNH:8
FNDA:26,(anonymous_0)
FNDA:8,(anonymous_1)
FNDA:7,(anonymous_2)
FNDA:26,(anonymous_3)
FNDA:5,(anonymous_4)
FNDA:3,(anonymous_5)
FNDA:2,(anonymous_6)
FNDA:1,(anonymous_7)
DA:1,3
DA:11,3
DA:12,3
DA:13,3
DA:14,3
DA:15,3
DA:16,3
DA:17,3
DA:18,3
DA:26,3
DA:27,26
DA:28,26
DA:29,26
DA:30,26
DA:32,26
DA:33,26
DA:36,26
DA:40,8
DA:41,8
DA:43,7
DA:44,7
DA:46,7
DA:48,7
DA:49,7
DA:50,7
DA:52,1
DA:63,26
DA:64,26
DA:68,5
DA:70,4
DA:71,4
DA:73,4
DA:75,3
DA:84,3
DA:85,3
DA:86,3
DA:93,2
DA:97,1
LF:38
LH:38
BRDA:41,0,0,1
BRDA:41,0,1,7
BRDA:50,1,0,6
BRDA:50,1,1,1
BRDA:68,2,0,1
BRDA:68,2,1,4
BRDA:73,3,0,1
BRDA:73,3,1,3
BRDA:93,4,0,1
BRDA:93,4,1,1
BRF:10
BRH:10
end_of_record
TN:
SF:apps\portfolio\src\app\layout\header\components\header-nav\header-nav.component.ts
FN:25,(anonymous_0)
FN:33,(anonymous_1)
FN:34,(anonymous_2)
FNF:3
FNH:3
FNDA:4,(anonymous_0)
FNDA:1,(anonymous_1)
FNDA:1,(anonymous_2)
DA:1,4
DA:2,4
DA:3,4
DA:5,4
DA:6,4
DA:7,4
DA:15,4
DA:16,27
DA:17,27
DA:19,27
DA:20,27
DA:22,27
DA:23,27
DA:26,4
DA:28,3
DA:30,3
DA:31,2
DA:33,1
DA:34,1
DA:35,1
DA:40,3
LF:21
LH:21
BRDA:26,0,0,1
BRDA:26,0,1,3
BRDA:30,1,0,2
BRDA:30,1,1,1
BRF:4
BRH:4
end_of_record
TN:
SF:apps\portfolio\src\app\layout\scroll-progress\scroll-progress.component.ts
FN:32,(anonymous_0)
FN:36,(anonymous_1)
FN:55,(anonymous_2)
FN:67,(anonymous_3)
FNF:4
FNH:4
FNDA:8,(anonymous_0)
FNDA:7,(anonymous_1)
FNDA:1,(anonymous_2)
FNDA:10,(anonymous_3)
DA:1,2
DA:12,2
DA:13,2
DA:22,2
DA:23,9
DA:24,9
DA:25,9
DA:28,9
DA:33,8
DA:35,7
DA:37,7
DA:39,7
DA:51,7
DA:53,7
DA:54,7
DA:55,3
DA:56,1
DA:57,1
DA:60,3
DA:68,10
DA:69,4
DA:71,10
DA:72,8
LF:23
LH:23
BRDA:33,0,0,1
BRDA:33,0,1,7
BRDA:53,1,0,3
BRDA:53,1,1,4
BRDA:54,2,0,3
BRDA:54,2,1,4
BRDA:56,3,0,1
BRDA:56,3,1,0
BRDA:68,4,0,4
BRDA:68,4,1,6
BRDA:71,5,0,8
BRDA:71,5,1,2
BRF:12
BRH:11
end_of_record
TN:
SF:apps\portfolio\src\app\not-pages\ai\ai.component.ts
FN:20,(anonymous_0)
FNF:1
FNH:1
FNDA:3,(anonymous_0)
DA:1,1
DA:2,1
DA:4,1
DA:5,1
DA:6,1
DA:7,1
DA:8,1
DA:17,1
DA:18,2
DA:21,3
DA:22,3
LF:11
LH:11
BRF:0
BRH:0
end_of_record
TN:
SF:apps\portfolio\src\app\pages\about-me\about-me.component.ts
FN:34,(anonymous_0)
FN:39,(anonymous_1)
FN:43,(anonymous_2)
FN:45,(anonymous_3)
FNF:4
FNH:4
FNDA:5,(anonymous_0)
FNDA:5,(anonymous_1)
FNDA:4,(anonymous_2)
FNDA:40,(anonymous_3)
DA:1,1
DA:12,1
DA:14,1
DA:15,1
DA:16,1
DA:17,1
DA:18,1
DA:26,1
DA:27,5
DA:28,5
DA:29,5
DA:30,5
DA:35,5
DA:36,5
DA:40,5
DA:42,4
DA:44,4
DA:45,40
DA:47,4
LF:19
LH:19
BRDA:40,0,0,1
BRDA:40,0,1,4
BRF:2
BRH:2
end_of_record
TN:
SF:apps\portfolio\src\app\pages\contact\contact.component.ts
FN:65,(anonymous_0)
FN:82,(anonymous_1)
FN:87,(anonymous_2)
FN:91,(anonymous_3)
FN:93,(anonymous_4)
FN:107,(anonymous_5)
FN:108,(anonymous_6)
FN:111,(anonymous_7)
FN:118,(anonymous_8)
FNF:9
FNH:9
FNDA:14,(anonymous_0)
FNDA:10,(anonymous_1)
FNDA:10,(anonymous_2)
FNDA:9,(anonymous_3)
FNDA:36,(anonymous_4)
FNDA:20,(anonymous_5)
FNDA:20,(anonymous_6)
FNDA:3,(anonymous_7)
FNDA:2,(anonymous_8)
DA:1,1
DA:14,1
DA:15,1
DA:16,1
DA:17,1
DA:19,1
DA:20,1
DA:21,1
DA:22,1
DA:23,1
DA:25,1
DA:26,1
DA:27,1
DA:44,1
DA:45,10
DA:46,10
DA:47,10
DA:48,10
DA:49,10
DA:50,10
DA:51,10
DA:55,10
DA:56,10
DA:63,10
DA:65,10
DA:66,14
DA:67,14
DA:68,14
DA:69,14
DA:70,14
DA:72,14
DA:74,14
DA:83,10
DA:84,10
DA:88,10
DA:90,9
DA:92,9
DA:93,36
DA:95,9
DA:108,20
DA:112,3
DA:113,1
DA:115,2
DA:116,2
DA:118,4
DA:120,2
DA:121,2
DA:122,2
DA:124,2
DA:132,2
DA:133,2
DA:135,1
DA:136,1
DA:137,1
DA:138,1
DA:141,1
DA:147,1
DA:151,2
LF:58
LH:58
BRDA:67,0,0,14
BRDA:67,0,1,0
BRDA:68,1,0,14
BRDA:68,1,1,0
BRDA:69,2,0,14
BRDA:69,2,1,0
BRDA:70,3,0,14
BRDA:70,3,1,0
BRDA:75,4,0,14
BRDA:75,4,1,4
BRDA:75,4,2,3
BRDA:75,4,3,3
BRDA:88,5,0,1
BRDA:88,5,1,9
BRDA:112,6,0,1
BRDA:112,6,1,2
BRDA:115,7,0,2
BRDA:115,7,1,0
BRDA:141,8,0,0
BRDA:141,8,1,1
BRDA:143,9,0,1
BRDA:143,9,1,0
BRF:22
BRH:15
end_of_record
TN:
SF:apps\portfolio\src\app\pages\error404\error404.component.ts
FN:26,(anonymous_0)
FN:30,(anonymous_1)
FN:49,(anonymous_2)
FN:54,(anonymous_3)
FNF:4
FNH:4
FNDA:6,(anonymous_0)
FNDA:3,(anonymous_1)
FNDA:2,(anonymous_2)
FNDA:2,(anonymous_3)
DA:1,1
DA:2,1
DA:4,1
DA:5,1
DA:13,1
DA:14,6
DA:15,6
DA:16,6
DA:18,6
DA:19,6
DA:27,6
DA:31,3
DA:33,2
DA:34,2
DA:36,2
DA:50,2
DA:55,2
LF:17
LH:17
BRDA:31,0,0,1
BRDA:31,0,1,2
BRF:2
BRH:2
end_of_record
TN:
SF:apps\portfolio\src\app\pages\lab\lab.component.ts
FN:25,(anonymous_0)
FN:44,(anonymous_1)
FN:47,(anonymous_2)
FNF:3
FNH:0
FNDA:0,(anonymous_0)
FNDA:0,(anonymous_1)
FNDA:0,(anonymous_2)
DA:1,0
DA:2,0
DA:4,0
DA:5,0
DA:7,0
DA:8,0
DA:9,0
DA:10,0
DA:11,0
DA:19,0
DA:20,0
DA:21,0
DA:23,0
DA:26,0
DA:27,0
DA:28,0
DA:30,0
DA:31,0
DA:36,0
DA:41,0
DA:44,0
DA:48,0
LF:22
LH:0
BRF:0
BRH:0
end_of_record
TN:
SF:apps\portfolio\src\app\pages\lab\components\lab-card\lab-card.ts
FNF:0
FNH:0
DA:1,1
DA:3,1
DA:11,1
DA:12,1
DA:13,1
DA:14,1
DA:15,1
LF:7
LH:7
BRF:0
BRH:0
end_of_record
TN:
SF:apps\portfolio\src\app\pages\legal\legal.component.ts
FN:17,(anonymous_0)
FNF:1
FNH:1
FNDA:3,(anonymous_0)
DA:1,1
DA:2,1
DA:4,1
DA:5,1
DA:6,1
DA:14,1
DA:15,3
DA:18,3
DA:19,3
LF:9
LH:9
BRF:0
BRH:0
end_of_record
TN:
SF:apps\portfolio\src\app\pages\portfolio\portfolio.component.ts
FN:28,(anonymous_0)
FNF:1
FNH:1
FNDA:2,(anonymous_0)
DA:1,1
DA:2,1
DA:4,1
DA:5,1
DA:6,1
DA:7,1
DA:8,1
DA:9,1
DA:10,1
DA:11,1
DA:19,1
DA:20,2
DA:21,2
DA:23,2
DA:24,2
DA:25,2
DA:26,2
DA:29,2
LF:18
LH:18
BRF:0
BRH:0
end_of_record
TN:
SF:apps\portfolio\src\app\shared\components\error\error.component.ts
FNF:0
FNH:0
DA:1,4
DA:3,4
DA:11,4
DA:12,46
LF:4
LH:4
BRF:0
BRH:0
end_of_record
TN:
SF:apps\portfolio\src\app\shared\components\icon\icon.component.ts
FNF:0
FNH:0
DA:1,10
DA:24,10
DA:25,188
DA:26,188
LF:4
LH:4
BRF:0
BRH:0
end_of_record
TN:
SF:apps\portfolio\src\app\shared\components\language-switcher\language-switcher.component.ts
FN:17,(anonymous_0)
FN:18,(anonymous_1)
FN:20,(anonymous_2)
FN:24,(anonymous_3)
FN:25,(anonymous_4)
FN:28,(anonymous_5)
FN:32,(anonymous_6)
FN:38,(anonymous_7)
FNF:8
FNH:8
FNDA:25,(anonymous_0)
FNDA:7,(anonymous_1)
FNDA:14,(anonymous_2)
FNDA:7,(anonymous_3)
FNDA:7,(anonymous_4)
FNDA:4,(anonymous_5)
FNDA:3,(anonymous_6)
FNDA:2,(anonymous_7)
DA:1,3
DA:4,3
DA:13,3
DA:14,23
DA:16,23
DA:17,25
DA:18,23
DA:19,7
DA:20,14
DA:25,7
DA:29,4
DA:33,3
DA:34,3
DA:39,2
DA:40,2
DA:41,1
LF:16
LH:16
BRDA:40,0,0,1
BRDA:40,0,1,1
BRF:2
BRH:2
end_of_record
TN:
SF:apps\portfolio\src\app\shared\components\logo\logo.component.ts
FNF:0
FNH:0
DA:1,5
DA:2,5
DA:10,5
LF:3
LH:3
BRF:0
BRH:0
end_of_record
TN:
SF:apps\portfolio\src\app\shared\components\skill-badge\skill-badge.component.ts
FN:20,(anonymous_0)
FNF:1
FNH:1
FNDA:5,(anonymous_0)
DA:1,1
DA:3,1
DA:16,1
DA:17,5
DA:18,5
DA:20,5
DA:21,5
DA:22,5
DA:23,2
DA:24,1
LF:10
LH:10
BRDA:22,0,0,3
BRDA:22,0,1,2
BRDA:23,1,0,1
BRDA:23,1,1,1
BRF:4
BRH:4
end_of_record
TN:
SF:apps\portfolio\src\app\shared\components\status-dot\status-dot.component.ts
FN:22,(anonymous_0)
FN:23,(anonymous_1)
FNF:2
FNH:2
FNDA:17,(anonymous_0)
FNDA:17,(anonymous_1)
DA:1,4
DA:2,4
DA:16,4
DA:17,17
DA:19,17
DA:20,17
DA:23,17
DA:24,17
DA:26,17
DA:27,3
DA:28,3
DA:30,14
DA:31,14
LF:13
LH:13
BRDA:26,0,0,3
BRDA:26,0,1,14
BRF:2
BRH:2
end_of_record
TN:
SF:apps\portfolio\src\app\shared\directives\feature-flag.directive.ts
FN:16,(anonymous_0)
FN:17,(anonymous_1)
FNF:2
FNH:2
FNDA:130,(anonymous_0)
FNDA:130,(anonymous_1)
DA:1,9
DA:3,9
DA:9,9
DA:10,130
DA:12,130
DA:13,130
DA:14,130
DA:17,130
DA:18,130
DA:19,130
DA:20,130
DA:21,125
LF:12
LH:12
BRDA:20,0,0,125
BRDA:20,0,1,5
BRF:2
BRH:2
end_of_record
TN:
SF:apps\portfolio\src\app\shared\pipes\local-date-pipe.ts
FN:9,(anonymous_0)
FNF:1
FNH:1
FNDA:129,(anonymous_0)
DA:1,4
DA:8,4
DA:10,129
DA:11,128
DA:12,128
LF:5
LH:5
BRDA:9,0,0,0
BRDA:10,1,0,1
BRDA:10,1,1,128
BRDA:11,2,0,0
BRDA:11,2,1,128
BRF:5
BRH:3
end_of_record
TN:
SF:apps\portfolio\src\app\shared\pipes\safe-html.pipe.ts
FN:12,(anonymous_0)
FNF:1
FNH:1
FNDA:77,(anonymous_0)
DA:1,3
DA:2,3
DA:9,3
DA:10,78
DA:13,77
DA:14,75
LF:6
LH:6
BRDA:13,0,0,2
BRDA:13,0,1,75
BRF:2
BRH:2
end_of_record
TN:
SF:apps\portfolio\src\app\shared\pipes\time-ago.pipe.ts
FN:17,(anonymous_0)
FN:18,(anonymous_1)
FN:23,(anonymous_2)
FN:37,(anonymous_3)
FN:82,(anonymous_4)
FN:86,(anonymous_5)
FNF:6
FNH:6
FNDA:87,(anonymous_0)
FNDA:1,(anonymous_1)
FNDA:215,(anonymous_2)
FNDA:84,(anonymous_3)
FNDA:84,(anonymous_4)
FNDA:110,(anonymous_5)
DA:1,4
DA:3,4
DA:11,4
DA:12,87
DA:13,87
DA:14,87
DA:18,87
DA:19,1
DA:24,215
DA:26,213
DA:27,213
DA:29,212
DA:30,212
DA:32,84
DA:33,84
DA:34,84
DA:38,84
DA:39,84
DA:40,84
DA:41,84
DA:42,84
DA:43,84
DA:44,84
DA:45,84
DA:47,84
DA:48,83
DA:49,4
DA:52,79
DA:53,2
DA:56,77
DA:57,2
DA:60,75
DA:61,10
DA:65,65
DA:66,5
DA:71,60
DA:72,59
DA:73,17
DA:74,42
DA:75,1
DA:76,41
DA:83,84
DA:87,110
LF:43
LH:43
BRDA:24,0,0,2
BRDA:24,0,1,213
BRDA:26,1,0,211
BRDA:26,1,1,2
BRDA:27,2,0,1
BRDA:27,2,1,212
BRDA:30,3,0,128
BRDA:30,3,1,84
BRDA:47,4,0,1
BRDA:47,4,1,83
BRDA:48,5,0,4
BRDA:48,5,1,79
BRDA:49,6,0,1
BRDA:49,6,1,3
BRDA:52,7,0,2
BRDA:52,7,1,77
BRDA:53,8,0,1
BRDA:53,8,1,1
BRDA:56,9,0,2
BRDA:56,9,1,75
BRDA:57,10,0,1
BRDA:57,10,1,1
BRDA:60,11,0,10
BRDA:60,11,1,65
BRDA:61,12,0,1
BRDA:61,12,1,9
BRDA:65,13,0,5
BRDA:65,13,1,60
BRDA:66,14,0,1
BRDA:66,14,1,4
BRDA:71,15,0,1
BRDA:71,15,1,59
BRDA:71,16,0,60
BRDA:71,16,1,18
BRDA:72,17,0,17
BRDA:72,17,1,42
BRDA:74,18,0,1
BRDA:74,18,1,41
BRF:38
BRH:38
end_of_record
