TN:
SF:src\app\features\hero\hero-stat-counter\hero-stat-counter.component.ts
FN:40,(anonymous_0)
FN:43,(anonymous_1)
FN:50,(anonymous_2)
FN:52,(anonymous_3)
FN:64,(anonymous_4)
FN:71,(anonymous_5)
FNF:6
FNH:6
FNDA:4,(anonymous_0)
FNDA:3,(anonymous_1)
FNDA:3,(anonymous_2)
FNDA:12,(anonymous_3)
FNDA:3,(anonymous_4)
FNDA:4,(anonymous_5)
DA:1,1
DA:15,1
DA:16,1
DA:17,1
DA:18,1
DA:26,1
DA:27,4
DA:28,4
DA:29,4
DA:30,4
DA:37,4
DA:38,4
DA:41,4
DA:42,3
DA:44,3
DA:51,3
DA:52,12
DA:54,3
DA:64,3
DA:68,3
DA:72,4
LF:21
LH:21
BRDA:41,0,0,1
BRDA:41,0,1,3
BRF:2
BRH:2
end_of_record
